Using pre-set license
Built from '2021.3/staging' branch; Version is '2021.3.10f1 (1c7d0df0160b) revision 1867021'; Using compiler version '192829333'; Build Type 'Release'
OS: 'Windows 11  (10.0.22622) 64bit Professional' Language: 'en' Physical Memory: 32689 MB
BatchMode: 1, IsHumanControllingUs: 0, StartBugReporterOnCrash: 0, Is64bit: 1, IsPro: 1

COMMAND LINE ARGUMENTS:
C:\Program Files\Unity\Hub\Editor\2021.3.10f1\Editor\Unity.exe
-adb2
-batchMode
-noUpm
-name
AssetImportWorker17
-projectPath
C:/Development/MiniProject-Noah/MiniProject
-logFile
Logs/AssetImportWorker17.log
-srvPort
62461
Successfully changed project path to: C:/Development/MiniProject-Noah/MiniProject
C:/Development/MiniProject-Noah/MiniProject
[UnityMemory] Configuration Parameters - Can be set up in boot.config
    "memorysetup-bucket-allocator-granularity=16"
    "memorysetup-bucket-allocator-bucket-count=8"
    "memorysetup-bucket-allocator-block-size=33554432"
    "memorysetup-bucket-allocator-block-count=8"
    "memorysetup-main-allocator-block-size=16777216"
    "memorysetup-thread-allocator-block-size=16777216"
    "memorysetup-gfx-main-allocator-block-size=16777216"
    "memorysetup-gfx-thread-allocator-block-size=16777216"
    "memorysetup-cache-allocator-block-size=4194304"
    "memorysetup-typetree-allocator-block-size=2097152"
    "memorysetup-profiler-bucket-allocator-granularity=16"
    "memorysetup-profiler-bucket-allocator-bucket-count=8"
    "memorysetup-profiler-bucket-allocator-block-size=33554432"
    "memorysetup-profiler-bucket-allocator-block-count=8"
    "memorysetup-profiler-allocator-block-size=16777216"
    "memorysetup-profiler-editor-allocator-block-size=1048576"
    "memorysetup-temp-allocator-size-main=16777216"
    "memorysetup-job-temp-allocator-block-size=2097152"
    "memorysetup-job-temp-allocator-block-size-background=1048576"
    "memorysetup-job-temp-allocator-reduction-small-platforms=262144"
    "memorysetup-temp-allocator-size-background-worker=32768"
    "memorysetup-temp-allocator-size-job-worker=262144"
    "memorysetup-temp-allocator-size-preload-manager=33554432"
    "memorysetup-temp-allocator-size-nav-mesh-worker=65536"
    "memorysetup-temp-allocator-size-audio-worker=65536"
    "memorysetup-temp-allocator-size-cloud-worker=32768"
    "memorysetup-temp-allocator-size-gi-baking-worker=262144"
    "memorysetup-temp-allocator-size-gfx=262144"
Refreshing native plugins compatible for Editor in 113.94 ms, found 3 plugins.
Preloading 0 native plugins for Editor in 0.00 ms.
Initialize engine version: 2021.3.10f1 (1c7d0df0160b)
[Subsystems] Discovering subsystems at path C:/Program Files/Unity/Hub/Editor/2021.3.10f1/Editor/Data/Resources/UnitySubsystems
[Subsystems] Discovering subsystems at path C:/Development/MiniProject-Noah/MiniProject/Assets
GfxDevice: creating device client; threaded=0; jobified=0
Direct3D:
    Version:  Direct3D 11.0 [level 11.1]
    Renderer: AMD Radeon RX 5700 XT (ID=0x731f)
    Vendor:   ATI
    VRAM:     8151 MB
    Driver:   31.0.12027.2005
Initialize mono
Mono path[0] = 'C:/Program Files/Unity/Hub/Editor/2021.3.10f1/Editor/Data/Managed'
Mono path[1] = 'C:/Program Files/Unity/Hub/Editor/2021.3.10f1/Editor/Data/MonoBleedingEdge/lib/mono/unityjit-win32'
Mono config path = 'C:/Program Files/Unity/Hub/Editor/2021.3.10f1/Editor/Data/MonoBleedingEdge/etc'
Using monoOptions --debugger-agent=transport=dt_socket,embedding=1,server=y,suspend=n,address=127.0.0.1:56196
Begin MonoManager ReloadAssembly
Registering precompiled unity dll's ...
Register platform support module: C:/Program Files/Unity/Hub/Editor/2021.3.10f1/Editor/Data/PlaybackEngines/AndroidPlayer/UnityEditor.Android.Extensions.dll
Register platform support module: C:/Program Files/Unity/Hub/Editor/2021.3.10f1/Editor/Data/PlaybackEngines/iOSSupport/UnityEditor.iOS.Extensions.dll
Register platform support module: C:/Program Files/Unity/Hub/Editor/2021.3.10f1/Editor/Data/PlaybackEngines/WindowsStandaloneSupport/UnityEditor.WindowsStandalone.Extensions.dll
Registered in 0.010385 seconds.
Native extension for WindowsStandalone target not found
[usbmuxd] Start listen thread
[usbmuxd] Listen thread started
Native extension for iOS target not found
Native extension for Android target not found
Refreshing native plugins compatible for Editor in 109.21 ms, found 3 plugins.
Preloading 0 native plugins for Editor in 0.00 ms.
Mono: successfully reloaded assembly
- Completed reload, in  0.811 seconds
Domain Reload Profiling:
	ReloadAssembly (812ms)
		BeginReloadAssembly (100ms)
			ExecutionOrderSort (0ms)
			DisableScriptedObjects (0ms)
			BackupInstance (0ms)
			ReleaseScriptingObjects (0ms)
			CreateAndSetChildDomain (1ms)
		EndReloadAssembly (586ms)
			LoadAssemblies (96ms)
			RebuildTransferFunctionScriptingTraits (0ms)
			SetupTypeCache (137ms)
			ReleaseScriptCaches (0ms)
			RebuildScriptCaches (39ms)
			SetupLoadedEditorAssemblies (347ms)
				LogAssemblyErrors (0ms)
				InitializePlatformSupportModulesInManaged (70ms)
				SetLoadedEditorAssemblies (0ms)
				RefreshPlugins (109ms)
				BeforeProcessingInitializeOnLoad (3ms)
				ProcessInitializeOnLoadAttributes (111ms)
				ProcessInitializeOnLoadMethodAttributes (52ms)
				AfterProcessingInitializeOnLoad (0ms)
				EditorAssembliesLoaded (0ms)
			ExecutionOrderSort2 (0ms)
			AwakeInstancesAfterBackupRestoration (0ms)
Platform modules already initialized, skipping
Registering precompiled user dll's ...
Registered in 0.007260 seconds.
Begin MonoManager ReloadAssembly
Symbol file LoadedFromMemory doesn't match image C:\Development\MiniProject-Noah\MiniProject\Library\PackageCache\com.unity.visualscripting@1.7.8\Editor\VisualScripting.Core\Dependencies\YamlDotNet\Unity.VisualScripting.YamlDotNet.dll
Symbol file LoadedFromMemory doesn't match image C:\Development\MiniProject-Noah\MiniProject\Library\PackageCache\com.unity.visualscripting@1.7.8\Editor\VisualScripting.Core\Dependencies\DotNetZip\Unity.VisualScripting.IonicZip.dll
Native extension for WindowsStandalone target not found
Native extension for iOS target not found
Native extension for Android target not found
Refreshing native plugins compatible for Editor in 0.94 ms, found 3 plugins.
Preloading 0 native plugins for Editor in 0.00 ms.
Mono: successfully reloaded assembly
- Completed reload, in  1.104 seconds
Domain Reload Profiling:
	ReloadAssembly (1105ms)
		BeginReloadAssembly (241ms)
			ExecutionOrderSort (0ms)
			DisableScriptedObjects (5ms)
			BackupInstance (0ms)
			ReleaseScriptingObjects (0ms)
			CreateAndSetChildDomain (138ms)
		EndReloadAssembly (760ms)
			LoadAssemblies (110ms)
			RebuildTransferFunctionScriptingTraits (0ms)
			SetupTypeCache (232ms)
			ReleaseScriptCaches (1ms)
			RebuildScriptCaches (49ms)
			SetupLoadedEditorAssemblies (356ms)
				LogAssemblyErrors (0ms)
				InitializePlatformSupportModulesInManaged (22ms)
				SetLoadedEditorAssemblies (0ms)
				RefreshPlugins (1ms)
				BeforeProcessingInitializeOnLoad (86ms)
				ProcessInitializeOnLoadAttributes (214ms)
				ProcessInitializeOnLoadMethodAttributes (24ms)
				AfterProcessingInitializeOnLoad (8ms)
				EditorAssembliesLoaded (0ms)
			ExecutionOrderSort2 (0ms)
			AwakeInstancesAfterBackupRestoration (5ms)
Platform modules already initialized, skipping
========================================================================
Worker process is ready to serve import requests
Launched and connected shader compiler UnityShaderCompiler.exe after 0.05 seconds
Refreshing native plugins compatible for Editor in 1.03 ms, found 3 plugins.
Preloading 0 native plugins for Editor in 0.00 ms.
Unloading 3383 Unused Serialized files (Serialized files now loaded: 0)
Unloading 27 unused Assets / (113.9 KB). Loaded Objects now: 3861.
Memory consumption went from 131.6 MB to 131.5 MB.
Total: 3.225500 ms (FindLiveObjects: 0.341900 ms CreateObjectMapping: 0.105600 ms MarkObjects: 2.667300 ms  DeleteObjects: 0.109900 ms)

AssetImportParameters requested are different than current active one (requested -> active):
  custom:video-decoder-ogg-theora: a1e56fd34408186e4bbccfd4996cb3dc -> 
  custom:container-muxer-webm: aa71ff27fc2769a1b78a27578f13a17b -> 
  custom:container-demuxer-webm: 4f35f7cbe854078d1ac9338744f61a02 -> 
  custom:video-encoder-webm-vp8: eb34c28f22e8b96e1ab97ce403110664 -> 
  custom:audio-encoder-webm-vorbis: bf7c407c2cedff20999df2af8eb42d56 -> 
  custom:framework-win-MediaFoundation: 216162199b28c13a410421893ffa2e32 -> 
  custom:container-demuxer-ogg: 62fdf1f143b41e24485cea50d1cbac27 -> 
  custom:video-decoder-webm-vp8: 9c59270c3fd7afecdb556c50c9e8de78 -> 
  custom:audio-decoder-ogg-vorbis: bf7c407c2cedff20999df2af8eb42d56 -> 
========================================================================
Received Import Request.
  Time since last request: 174116.458862 seconds.
  path: Assets/PolygonDungeon/Prefabs/Environments/Floors/SM_Env_CrackedRock_03.prefab
  artifactKey: Guid(bb14b7d9fa63ecb4f94207e14e280405) Importer(815301076,1909f56bfc062723c751e8b465ee728b)
Start importing Assets/PolygonDungeon/Prefabs/Environments/Floors/SM_Env_CrackedRock_03.prefab using Guid(bb14b7d9fa63ecb4f94207e14e280405) Importer(815301076,1909f56bfc062723c751e8b465ee728b)  -> (artifact id: '0810926220fd30900a791e2f60a0234d') in 0.188421 seconds 
========================================================================
Received Import Request.
  Time since last request: 0.000052 seconds.
  path: Assets/PolygonDungeon/Prefabs/Environments/Floors/SM_Env_Tiles_05.prefab
  artifactKey: Guid(5409c9ff5a9c7b045a9809d71ccdcab8) Importer(815301076,1909f56bfc062723c751e8b465ee728b)
Start importing Assets/PolygonDungeon/Prefabs/Environments/Floors/SM_Env_Tiles_05.prefab using Guid(5409c9ff5a9c7b045a9809d71ccdcab8) Importer(815301076,1909f56bfc062723c751e8b465ee728b)  -> (artifact id: '8b47ba4e73ba10b5a104243f762ca535') in 0.050571 seconds 
========================================================================
Received Import Request.
  Time since last request: 0.000069 seconds.
  path: Assets/PolygonDungeon/Prefabs/Environments/Floors/SM_Env_Sewer_Canal_Corner_01.prefab
  artifactKey: Guid(d64dfded9f1d52c44a52ed92602dcb67) Importer(815301076,1909f56bfc062723c751e8b465ee728b)
Start importing Assets/PolygonDungeon/Prefabs/Environments/Floors/SM_Env_Sewer_Canal_Corner_01.prefab using Guid(d64dfded9f1d52c44a52ed92602dcb67) Importer(815301076,1909f56bfc062723c751e8b465ee728b)  -> (artifact id: '11c82166617225abb6c347ef116f99b2') in 0.059810 seconds 
========================================================================
Received Import Request.
  Time since last request: 0.000066 seconds.
  path: Assets/PolygonDungeon/Prefabs/Environments/Floors/SM_Env_Stairs_Broken_02.prefab
  artifactKey: Guid(bebcf1a0aa9f6d441ae63b251c7de33c) Importer(815301076,1909f56bfc062723c751e8b465ee728b)
Start importing Assets/PolygonDungeon/Prefabs/Environments/Floors/SM_Env_Stairs_Broken_02.prefab using Guid(bebcf1a0aa9f6d441ae63b251c7de33c) Importer(815301076,1909f56bfc062723c751e8b465ee728b)  -> (artifact id: 'b5610c93cdd5c04100ff28771e99246c') in 0.054013 seconds 
========================================================================
Received Import Request.
  Time since last request: 0.000069 seconds.
  path: Assets/PolygonDungeon/Prefabs/Environments/Floors/SM_Env_GroundMound_Edge_02.prefab
  artifactKey: Guid(b057fba516b76724ca20ffa1149cfbfc) Importer(815301076,1909f56bfc062723c751e8b465ee728b)
Start importing Assets/PolygonDungeon/Prefabs/Environments/Floors/SM_Env_GroundMound_Edge_02.prefab using Guid(b057fba516b76724ca20ffa1149cfbfc) Importer(815301076,1909f56bfc062723c751e8b465ee728b)  -> (artifact id: 'b50e2f1b75c90d2637c0bb340f09a8f1') in 0.040967 seconds 
========================================================================
Received Import Request.
  Time since last request: 0.000043 seconds.
  path: Assets/PolygonDungeon/Prefabs/Environments/Floors/SM_Env_Tiles_Rune_01.prefab
  artifactKey: Guid(f254298f50dcd524fa00543fb8b5dab9) Importer(815301076,1909f56bfc062723c751e8b465ee728b)
Start importing Assets/PolygonDungeon/Prefabs/Environments/Floors/SM_Env_Tiles_Rune_01.prefab using Guid(f254298f50dcd524fa00543fb8b5dab9) Importer(815301076,1909f56bfc062723c751e8b465ee728b)  -> (artifact id: 'bfaef293ef0a06845cc9f23e6c6819cd') in 0.036463 seconds 
========================================================================
Received Import Request.
  Time since last request: 0.000073 seconds.
  path: Assets/PolygonDungeon/Prefabs/Environments/Floors/SM_Env_GroundMound_Rough_03.prefab
  artifactKey: Guid(2fcbb5a8ea192dd4b94eea3a099097eb) Importer(815301076,1909f56bfc062723c751e8b465ee728b)
Start importing Assets/PolygonDungeon/Prefabs/Environments/Floors/SM_Env_GroundMound_Rough_03.prefab using Guid(2fcbb5a8ea192dd4b94eea3a099097eb) Importer(815301076,1909f56bfc062723c751e8b465ee728b)  -> (artifact id: '240507c00de00d4035622289aadbc288') in 0.034569 seconds 
========================================================================
Received Import Request.
  Time since last request: 10.330612 seconds.
  path: Assets/PolygonDungeon/Prefabs/Environments/Pillars/SM_Env_Pillar_Broken_Pile_01.prefab
  artifactKey: Guid(a00cf8ef81e92b14cadd28b0a110b16f) Importer(815301076,1909f56bfc062723c751e8b465ee728b)
Start importing Assets/PolygonDungeon/Prefabs/Environments/Pillars/SM_Env_Pillar_Broken_Pile_01.prefab using Guid(a00cf8ef81e92b14cadd28b0a110b16f) Importer(815301076,1909f56bfc062723c751e8b465ee728b)  -> (artifact id: 'e3cd44ccd87fd6843770b5925a7bec9e') in 0.034958 seconds 
========================================================================
Received Import Request.
  Time since last request: 0.000059 seconds.
  path: Assets/PolygonDungeon/Prefabs/Environments/Pillars/SM_Env_Pillar_Round_Simple_02.prefab
  artifactKey: Guid(281a3ed0ca8499b4cb312a7458c72f6f) Importer(815301076,1909f56bfc062723c751e8b465ee728b)
Start importing Assets/PolygonDungeon/Prefabs/Environments/Pillars/SM_Env_Pillar_Round_Simple_02.prefab using Guid(281a3ed0ca8499b4cb312a7458c72f6f) Importer(815301076,1909f56bfc062723c751e8b465ee728b)  -> (artifact id: '9ec05142d7131d9a732f100cb817085a') in 0.037533 seconds 
========================================================================
Received Import Request.
  Time since last request: 0.000059 seconds.
  path: Assets/PolygonDungeon/Prefabs/Environments/Pillars/SM_Env_Pillar_Square_06.prefab
  artifactKey: Guid(f3be1ef107933d34d9ca25815249a775) Importer(815301076,1909f56bfc062723c751e8b465ee728b)
Start importing Assets/PolygonDungeon/Prefabs/Environments/Pillars/SM_Env_Pillar_Square_06.prefab using Guid(f3be1ef107933d34d9ca25815249a775) Importer(815301076,1909f56bfc062723c751e8b465ee728b)  -> (artifact id: 'bf511f3429d84d5ff1a2a35bf4e8328c') in 0.038012 seconds 
========================================================================
Received Import Request.
  Time since last request: 0.000060 seconds.
  path: Assets/PolygonDungeon/Prefabs/Environments/Pillars/SM_Env_Wall_Round_01.prefab
  artifactKey: Guid(91fc4f906213a9d49986bdadab48bba5) Importer(815301076,1909f56bfc062723c751e8b465ee728b)
Start importing Assets/PolygonDungeon/Prefabs/Environments/Pillars/SM_Env_Wall_Round_01.prefab using Guid(91fc4f906213a9d49986bdadab48bba5) Importer(815301076,1909f56bfc062723c751e8b465ee728b)  -> (artifact id: '7affb6b1818ecf483cd5bba8896ee430') in 0.044219 seconds 
========================================================================
Received Import Request.
  Time since last request: 41.700127 seconds.
  path: Assets/Fantasy Forest Environment Free Sample/Textures/NewLayer.terrainlayer
  artifactKey: Guid(9b647d20022388948a1f96a5ee66b4ee) Importer(815301076,1909f56bfc062723c751e8b465ee728b)
Start importing Assets/Fantasy Forest Environment Free Sample/Textures/NewLayer.terrainlayer using Guid(9b647d20022388948a1f96a5ee66b4ee) Importer(815301076,1909f56bfc062723c751e8b465ee728b)  -> (artifact id: 'cde4eac604ce8ce1ac84aeed345e3a6c') in 0.042126 seconds 
========================================================================
Received Import Request.
  Time since last request: 2.824879 seconds.
  path: Assets/PolygonDungeon/Materials/Dungeon_Material_03.mat
  artifactKey: Guid(54061fa668860e54a8e96694301d76a9) Importer(815301076,1909f56bfc062723c751e8b465ee728b)
Start importing Assets/PolygonDungeon/Materials/Dungeon_Material_03.mat using Guid(54061fa668860e54a8e96694301d76a9) Importer(815301076,1909f56bfc062723c751e8b465ee728b)  -> (artifact id: 'd681fb391b8b94b6901a2e724e64967c') in 0.061102 seconds 
========================================================================
Received Import Request.
  Time since last request: 154.409044 seconds.
  path: Assets/PolygonDungeon/Textures/Alternatives
  artifactKey: Guid(3c97cd4e29420ba4bbebe5e60898ac69) Importer(815301076,1909f56bfc062723c751e8b465ee728b)
Start importing Assets/PolygonDungeon/Textures/Alternatives using Guid(3c97cd4e29420ba4bbebe5e60898ac69) Importer(815301076,1909f56bfc062723c751e8b465ee728b)  -> (artifact id: '003b7c3d6d25f6c55be48db16d1052be') in 0.006487 seconds 
========================================================================
Received Import Request.
  Time since last request: 0.391557 seconds.
  path: Assets/PolygonDungeon/Textures/Emmisive
  artifactKey: Guid(4733a41c218fd844c81d922d6032f83f) Importer(815301076,1909f56bfc062723c751e8b465ee728b)
Start importing Assets/PolygonDungeon/Textures/Emmisive using Guid(4733a41c218fd844c81d922d6032f83f) Importer(815301076,1909f56bfc062723c751e8b465ee728b)  -> (artifact id: 'b373a21d8159bd81fd2f7451532ae7f8') in 0.005725 seconds 
========================================================================
Received Import Request.
  Time since last request: 0.348907 seconds.
  path: Assets/PolygonDungeon/Textures/Misc
  artifactKey: Guid(038d6fa3bb9c00449a469f14484a120a) Importer(815301076,1909f56bfc062723c751e8b465ee728b)
Start importing Assets/PolygonDungeon/Textures/Misc using Guid(038d6fa3bb9c00449a469f14484a120a) Importer(815301076,1909f56bfc062723c751e8b465ee728b)  -> (artifact id: '541331939a1c61c867ceaf11e7cc2444') in 0.005428 seconds 
========================================================================
Received Import Request.
  Time since last request: 53.473736 seconds.
  path: Assets/PolygonDungeon/Scenes
  artifactKey: Guid(667dadc4b6def4b4c8cd1f6b2bb6b467) Importer(815301076,1909f56bfc062723c751e8b465ee728b)
Start importing Assets/PolygonDungeon/Scenes using Guid(667dadc4b6def4b4c8cd1f6b2bb6b467) Importer(815301076,1909f56bfc062723c751e8b465ee728b)  -> (artifact id: '7e48c72ec46e96427006c2dfc2843047') in 0.008045 seconds 
========================================================================
Received Import Request.
  Time since last request: 2.934223 seconds.
  path: Assets/PolygonDungeon/Scenes/Demo.unity
  artifactKey: Guid(7dd3b3b67a8b56d4e8640fa6891eaf3b) Importer(815301076,1909f56bfc062723c751e8b465ee728b)
Start importing Assets/PolygonDungeon/Scenes/Demo.unity using Guid(7dd3b3b67a8b56d4e8640fa6891eaf3b) Importer(815301076,1909f56bfc062723c751e8b465ee728b)  -> (artifact id: 'fa2f152bb3331bd6d911b9a63f813f78') in 0.005330 seconds 
========================================================================
Received Import Request.
  Time since last request: 22.440460 seconds.
  path: Assets/Scenes/SampleScene.unity
  artifactKey: Guid(9fc0d4010bbf28b4594072e72b8655ab) Importer(815301076,1909f56bfc062723c751e8b465ee728b)
Start importing Assets/Scenes/SampleScene.unity using Guid(9fc0d4010bbf28b4594072e72b8655ab) Importer(815301076,1909f56bfc062723c751e8b465ee728b)  -> (artifact id: 'f173ccd8217a2993e722d74480e3cd5c') in 0.005797 seconds 
========================================================================
Received Import Request.
  Time since last request: 8.471299 seconds.
  path: Assets/PolygonDungeon/Textures/NewLayer.terrainlayer
  artifactKey: Guid(f10f11966bdfb4c458e456f7666bca24) Importer(815301076,1909f56bfc062723c751e8b465ee728b)
Start importing Assets/PolygonDungeon/Textures/NewLayer.terrainlayer using Guid(f10f11966bdfb4c458e456f7666bca24) Importer(815301076,1909f56bfc062723c751e8b465ee728b)  -> (artifact id: '067b500f45930819367741539ce53bea') in 0.013432 seconds 
========================================================================
Received Import Request.
  Time since last request: 3.987227 seconds.
  path: Assets/PolygonDungeon/Textures/NewLayer 1.terrainlayer
  artifactKey: Guid(e229aec012b885949b2618dc4236a583) Importer(815301076,1909f56bfc062723c751e8b465ee728b)
Start importing Assets/PolygonDungeon/Textures/NewLayer 1.terrainlayer using Guid(e229aec012b885949b2618dc4236a583) Importer(815301076,1909f56bfc062723c751e8b465ee728b)  -> (artifact id: '866a526799e83fdd1da6a56860ca146a') in 0.013374 seconds 
AssetImportWorkerClient::OnTransportError - code=10054 error=An existing connection was forcibly closed by the remote host.
