Using pre-set license
Built from '2021.3/staging' branch; Version is '2021.3.10f1 (1c7d0df0160b) revision 1867021'; Using compiler version '192829333'; Build Type 'Release'
OS: 'Windows 11  (10.0.22622) 64bit Professional' Language: 'en' Physical Memory: 32689 MB
BatchMode: 1, IsHumanControllingUs: 0, StartBugReporterOnCrash: 0, Is64bit: 1, IsPro: 1

COMMAND LINE ARGUMENTS:
C:\Program Files\Unity\Hub\Editor\2021.3.10f1\Editor\Unity.exe
-adb2
-batchMode
-noUpm
-name
AssetImportWorker10
-projectPath
C:/Development/MiniProject-Noah/MiniProject
-logFile
Logs/AssetImportWorker10.log
-srvPort
62461
Successfully changed project path to: C:/Development/MiniProject-Noah/MiniProject
C:/Development/MiniProject-Noah/MiniProject
[UnityMemory] Configuration Parameters - Can be set up in boot.config
    "memorysetup-bucket-allocator-granularity=16"
    "memorysetup-bucket-allocator-bucket-count=8"
    "memorysetup-bucket-allocator-block-size=33554432"
    "memorysetup-bucket-allocator-block-count=8"
    "memorysetup-main-allocator-block-size=16777216"
    "memorysetup-thread-allocator-block-size=16777216"
    "memorysetup-gfx-main-allocator-block-size=16777216"
    "memorysetup-gfx-thread-allocator-block-size=16777216"
    "memorysetup-cache-allocator-block-size=4194304"
    "memorysetup-typetree-allocator-block-size=2097152"
    "memorysetup-profiler-bucket-allocator-granularity=16"
    "memorysetup-profiler-bucket-allocator-bucket-count=8"
    "memorysetup-profiler-bucket-allocator-block-size=33554432"
    "memorysetup-profiler-bucket-allocator-block-count=8"
    "memorysetup-profiler-allocator-block-size=16777216"
    "memorysetup-profiler-editor-allocator-block-size=1048576"
    "memorysetup-temp-allocator-size-main=16777216"
    "memorysetup-job-temp-allocator-block-size=2097152"
    "memorysetup-job-temp-allocator-block-size-background=1048576"
    "memorysetup-job-temp-allocator-reduction-small-platforms=262144"
    "memorysetup-temp-allocator-size-background-worker=32768"
    "memorysetup-temp-allocator-size-job-worker=262144"
    "memorysetup-temp-allocator-size-preload-manager=33554432"
    "memorysetup-temp-allocator-size-nav-mesh-worker=65536"
    "memorysetup-temp-allocator-size-audio-worker=65536"
    "memorysetup-temp-allocator-size-cloud-worker=32768"
    "memorysetup-temp-allocator-size-gi-baking-worker=262144"
    "memorysetup-temp-allocator-size-gfx=262144"
Refreshing native plugins compatible for Editor in 94.62 ms, found 3 plugins.
Preloading 0 native plugins for Editor in 0.00 ms.
Initialize engine version: 2021.3.10f1 (1c7d0df0160b)
[Subsystems] Discovering subsystems at path C:/Program Files/Unity/Hub/Editor/2021.3.10f1/Editor/Data/Resources/UnitySubsystems
[Subsystems] Discovering subsystems at path C:/Development/MiniProject-Noah/MiniProject/Assets
GfxDevice: creating device client; threaded=0; jobified=0
Direct3D:
    Version:  Direct3D 11.0 [level 11.1]
    Renderer: AMD Radeon RX 5700 XT (ID=0x731f)
    Vendor:   ATI
    VRAM:     8151 MB
    Driver:   31.0.12027.2005
Initialize mono
Mono path[0] = 'C:/Program Files/Unity/Hub/Editor/2021.3.10f1/Editor/Data/Managed'
Mono path[1] = 'C:/Program Files/Unity/Hub/Editor/2021.3.10f1/Editor/Data/MonoBleedingEdge/lib/mono/unityjit-win32'
Mono config path = 'C:/Program Files/Unity/Hub/Editor/2021.3.10f1/Editor/Data/MonoBleedingEdge/etc'
Using monoOptions --debugger-agent=transport=dt_socket,embedding=1,server=y,suspend=n,address=127.0.0.1:56524
Begin MonoManager ReloadAssembly
Registering precompiled unity dll's ...
Register platform support module: C:/Program Files/Unity/Hub/Editor/2021.3.10f1/Editor/Data/PlaybackEngines/AndroidPlayer/UnityEditor.Android.Extensions.dll
Register platform support module: C:/Program Files/Unity/Hub/Editor/2021.3.10f1/Editor/Data/PlaybackEngines/iOSSupport/UnityEditor.iOS.Extensions.dll
Register platform support module: C:/Program Files/Unity/Hub/Editor/2021.3.10f1/Editor/Data/PlaybackEngines/WindowsStandaloneSupport/UnityEditor.WindowsStandalone.Extensions.dll
Registered in 0.009194 seconds.
Native extension for WindowsStandalone target not found
[usbmuxd] Start listen thread
[usbmuxd] Listen thread started
Native extension for iOS target not found
Native extension for Android target not found
Refreshing native plugins compatible for Editor in 90.04 ms, found 3 plugins.
Preloading 0 native plugins for Editor in 0.00 ms.
Mono: successfully reloaded assembly
- Completed reload, in  0.891 seconds
Domain Reload Profiling:
	ReloadAssembly (891ms)
		BeginReloadAssembly (89ms)
			ExecutionOrderSort (0ms)
			DisableScriptedObjects (0ms)
			BackupInstance (0ms)
			ReleaseScriptingObjects (0ms)
			CreateAndSetChildDomain (1ms)
		EndReloadAssembly (590ms)
			LoadAssemblies (86ms)
			RebuildTransferFunctionScriptingTraits (0ms)
			SetupTypeCache (224ms)
			ReleaseScriptCaches (0ms)
			RebuildScriptCaches (30ms)
			SetupLoadedEditorAssemblies (287ms)
				LogAssemblyErrors (0ms)
				InitializePlatformSupportModulesInManaged (58ms)
				SetLoadedEditorAssemblies (0ms)
				RefreshPlugins (90ms)
				BeforeProcessingInitializeOnLoad (2ms)
				ProcessInitializeOnLoadAttributes (91ms)
				ProcessInitializeOnLoadMethodAttributes (46ms)
				AfterProcessingInitializeOnLoad (0ms)
				EditorAssembliesLoaded (0ms)
			ExecutionOrderSort2 (0ms)
			AwakeInstancesAfterBackupRestoration (0ms)
Platform modules already initialized, skipping
Registering precompiled user dll's ...
Registered in 0.008947 seconds.
Begin MonoManager ReloadAssembly
Symbol file LoadedFromMemory doesn't match image C:\Development\MiniProject-Noah\MiniProject\Library\PackageCache\com.unity.visualscripting@1.7.8\Editor\VisualScripting.Core\Dependencies\YamlDotNet\Unity.VisualScripting.YamlDotNet.dll
Symbol file LoadedFromMemory doesn't match image C:\Development\MiniProject-Noah\MiniProject\Library\PackageCache\com.unity.visualscripting@1.7.8\Editor\VisualScripting.Core\Dependencies\DotNetZip\Unity.VisualScripting.IonicZip.dll
Native extension for WindowsStandalone target not found
Native extension for iOS target not found
Native extension for Android target not found
Refreshing native plugins compatible for Editor in 1.01 ms, found 3 plugins.
Preloading 0 native plugins for Editor in 0.00 ms.
Mono: successfully reloaded assembly
- Completed reload, in  1.264 seconds
Domain Reload Profiling:
	ReloadAssembly (1265ms)
		BeginReloadAssembly (261ms)
			ExecutionOrderSort (0ms)
			DisableScriptedObjects (5ms)
			BackupInstance (0ms)
			ReleaseScriptingObjects (0ms)
			CreateAndSetChildDomain (134ms)
		EndReloadAssembly (891ms)
			LoadAssemblies (144ms)
			RebuildTransferFunctionScriptingTraits (0ms)
			SetupTypeCache (283ms)
			ReleaseScriptCaches (1ms)
			RebuildScriptCaches (56ms)
			SetupLoadedEditorAssemblies (411ms)
				LogAssemblyErrors (0ms)
				InitializePlatformSupportModulesInManaged (22ms)
				SetLoadedEditorAssemblies (0ms)
				RefreshPlugins (1ms)
				BeforeProcessingInitializeOnLoad (88ms)
				ProcessInitializeOnLoadAttributes (266ms)
				ProcessInitializeOnLoadMethodAttributes (26ms)
				AfterProcessingInitializeOnLoad (9ms)
				EditorAssembliesLoaded (0ms)
			ExecutionOrderSort2 (0ms)
			AwakeInstancesAfterBackupRestoration (6ms)
Platform modules already initialized, skipping
========================================================================
Worker process is ready to serve import requests
Launched and connected shader compiler UnityShaderCompiler.exe after 0.07 seconds
Refreshing native plugins compatible for Editor in 1.30 ms, found 3 plugins.
Preloading 0 native plugins for Editor in 0.00 ms.
Unloading 3383 Unused Serialized files (Serialized files now loaded: 0)
Unloading 27 unused Assets / (113.9 KB). Loaded Objects now: 3861.
Memory consumption went from 131.6 MB to 131.5 MB.
Total: 5.364300 ms (FindLiveObjects: 0.691600 ms CreateObjectMapping: 0.115400 ms MarkObjects: 4.360000 ms  DeleteObjects: 0.196100 ms)

AssetImportParameters requested are different than current active one (requested -> active):
  custom:video-decoder-ogg-theora: a1e56fd34408186e4bbccfd4996cb3dc -> 
  custom:container-muxer-webm: aa71ff27fc2769a1b78a27578f13a17b -> 
  custom:container-demuxer-webm: 4f35f7cbe854078d1ac9338744f61a02 -> 
  custom:video-encoder-webm-vp8: eb34c28f22e8b96e1ab97ce403110664 -> 
  custom:audio-encoder-webm-vorbis: bf7c407c2cedff20999df2af8eb42d56 -> 
  custom:framework-win-MediaFoundation: 216162199b28c13a410421893ffa2e32 -> 
  custom:container-demuxer-ogg: 62fdf1f143b41e24485cea50d1cbac27 -> 
  custom:video-decoder-webm-vp8: 9c59270c3fd7afecdb556c50c9e8de78 -> 
  custom:audio-decoder-ogg-vorbis: bf7c407c2cedff20999df2af8eb42d56 -> 
========================================================================
Received Import Request.
  Time since last request: 173047.755716 seconds.
  path: Assets/PolygonDungeon/Models/SM_Env_Bone_Spike_03.fbx
  artifactKey: Guid(c6e3cdfc26ed2f64c8f0bed3b37cda1c) Importer(815301076,1909f56bfc062723c751e8b465ee728b)
Start importing Assets/PolygonDungeon/Models/SM_Env_Bone_Spike_03.fbx using Guid(c6e3cdfc26ed2f64c8f0bed3b37cda1c) Importer(815301076,1909f56bfc062723c751e8b465ee728b)  -> (artifact id: 'e6fdced0d6beaf1899cae788acacfa50') in 0.283278 seconds 
========================================================================
Received Import Request.
  Time since last request: 0.000022 seconds.
  path: Assets/PolygonDungeon/Models/SM_Env_Basement_Support_Pole_01.fbx
  artifactKey: Guid(f7c39f54d608c2143b4e9886011e3e05) Importer(815301076,1909f56bfc062723c751e8b465ee728b)
Start importing Assets/PolygonDungeon/Models/SM_Env_Basement_Support_Pole_01.fbx using Guid(f7c39f54d608c2143b4e9886011e3e05) Importer(815301076,1909f56bfc062723c751e8b465ee728b)  -> (artifact id: '7f4f82186cc597717f5645fe0442785a') in 0.031895 seconds 
========================================================================
Received Import Request.
  Time since last request: 0.000046 seconds.
  path: Assets/PolygonDungeon/Models/SM_Env_Bone_Rigcage_01.fbx
  artifactKey: Guid(19943a3f2b30bc74c80b50dc1c4a11f1) Importer(815301076,1909f56bfc062723c751e8b465ee728b)
Start importing Assets/PolygonDungeon/Models/SM_Env_Bone_Rigcage_01.fbx using Guid(19943a3f2b30bc74c80b50dc1c4a11f1) Importer(815301076,1909f56bfc062723c751e8b465ee728b)  -> (artifact id: '17857197d50f404ecfce278d15acdf9c') in 0.028008 seconds 
========================================================================
Received Import Request.
  Time since last request: 0.000035 seconds.
  path: Assets/PolygonDungeon/Models/SM_Env_Cave_Roof_01.fbx
  artifactKey: Guid(7e873ddadd5c52f479745c50aeb21a3c) Importer(815301076,1909f56bfc062723c751e8b465ee728b)
Start importing Assets/PolygonDungeon/Models/SM_Env_Cave_Roof_01.fbx using Guid(7e873ddadd5c52f479745c50aeb21a3c) Importer(815301076,1909f56bfc062723c751e8b465ee728b)  -> (artifact id: '34819e6e5ebc90d910b69dff74d66bbc') in 0.030270 seconds 
========================================================================
Received Import Request.
  Time since last request: 0.000026 seconds.
  path: Assets/PolygonDungeon/Models/SM_Env_Bone_Horn_01.fbx
  artifactKey: Guid(cd3dd821db706e747a71b0f22f733d67) Importer(815301076,1909f56bfc062723c751e8b465ee728b)
Start importing Assets/PolygonDungeon/Models/SM_Env_Bone_Horn_01.fbx using Guid(cd3dd821db706e747a71b0f22f733d67) Importer(815301076,1909f56bfc062723c751e8b465ee728b)  -> (artifact id: '85308e2c8f014fa0edc43b877edd1141') in 0.029319 seconds 
========================================================================
Received Import Request.
  Time since last request: 0.000029 seconds.
  path: Assets/PolygonDungeon/Models/SM_Env_Cave_Large_01_DoubleSided.fbx
  artifactKey: Guid(f040b3f137cc8a94e826ca5e9053c58e) Importer(815301076,1909f56bfc062723c751e8b465ee728b)
Start importing Assets/PolygonDungeon/Models/SM_Env_Cave_Large_01_DoubleSided.fbx using Guid(f040b3f137cc8a94e826ca5e9053c58e) Importer(815301076,1909f56bfc062723c751e8b465ee728b)  -> (artifact id: '9c500e55311087c0406461122b58f938') in 0.033060 seconds 
========================================================================
Received Import Request.
  Time since last request: 0.000025 seconds.
  path: Assets/PolygonDungeon/Models/SM_Env_Door_Large_Frame_02.fbx
  artifactKey: Guid(f157eb1bc6eba664796e3911c2caa28d) Importer(815301076,1909f56bfc062723c751e8b465ee728b)
Start importing Assets/PolygonDungeon/Models/SM_Env_Door_Large_Frame_02.fbx using Guid(f157eb1bc6eba664796e3911c2caa28d) Importer(815301076,1909f56bfc062723c751e8b465ee728b)  -> (artifact id: '64be0bb06a3706a15a4d707b0ec2a671') in 0.032337 seconds 
========================================================================
Received Import Request.
  Time since last request: 0.000018 seconds.
  path: Assets/PolygonDungeon/Models/SM_Env_Bone_Cracked_01.fbx
  artifactKey: Guid(5ac7c4d536f69ec48bb9b9bc98f12547) Importer(815301076,1909f56bfc062723c751e8b465ee728b)
Start importing Assets/PolygonDungeon/Models/SM_Env_Bone_Cracked_01.fbx using Guid(5ac7c4d536f69ec48bb9b9bc98f12547) Importer(815301076,1909f56bfc062723c751e8b465ee728b)  -> (artifact id: 'de7dd91b59edf7b6ce9f15addb7c8b00') in 0.030789 seconds 
========================================================================
Received Import Request.
  Time since last request: 0.000030 seconds.
  path: Assets/PolygonDungeon/Models/SM_Env_Cave_Background_Corner_01_DoubleSided.fbx
  artifactKey: Guid(897074145e07b384aa647cba8e6ace18) Importer(815301076,1909f56bfc062723c751e8b465ee728b)
Start importing Assets/PolygonDungeon/Models/SM_Env_Cave_Background_Corner_01_DoubleSided.fbx using Guid(897074145e07b384aa647cba8e6ace18) Importer(815301076,1909f56bfc062723c751e8b465ee728b)  -> (artifact id: '6551d80c339b489f34cb0e2c4aa2a23f') in 0.033030 seconds 
========================================================================
Received Import Request.
  Time since last request: 0.000024 seconds.
  path: Assets/PolygonDungeon/Models/SM_Env_BonePile_Small_01.fbx
  artifactKey: Guid(c5643a9aefeb1064d938e2dcf3cde818) Importer(815301076,1909f56bfc062723c751e8b465ee728b)
Start importing Assets/PolygonDungeon/Models/SM_Env_BonePile_Small_01.fbx using Guid(c5643a9aefeb1064d938e2dcf3cde818) Importer(815301076,1909f56bfc062723c751e8b465ee728b)  -> (artifact id: '94ce7c13d3e9b0fca6026ffd61668c0f') in 0.028134 seconds 
========================================================================
Received Import Request.
  Time since last request: 0.000022 seconds.
  path: Assets/PolygonDungeon/Models/SM_Env_Door_Large_Wood_02.fbx
  artifactKey: Guid(a67fa7f0fdfb0fb49acd53e7b8ca24b4) Importer(815301076,1909f56bfc062723c751e8b465ee728b)
Start importing Assets/PolygonDungeon/Models/SM_Env_Door_Large_Wood_02.fbx using Guid(a67fa7f0fdfb0fb49acd53e7b8ca24b4) Importer(815301076,1909f56bfc062723c751e8b465ee728b)  -> (artifact id: 'e19f8d050e945a833a28385cbba160d3') in 0.031541 seconds 
========================================================================
Received Import Request.
  Time since last request: 0.000046 seconds.
  path: Assets/PolygonDungeon/Models/SM_Env_Bone_Ribs_01.fbx
  artifactKey: Guid(016e3aff664d4af47a055463cf5250d0) Importer(815301076,1909f56bfc062723c751e8b465ee728b)
Start importing Assets/PolygonDungeon/Models/SM_Env_Bone_Ribs_01.fbx using Guid(016e3aff664d4af47a055463cf5250d0) Importer(815301076,1909f56bfc062723c751e8b465ee728b)  -> (artifact id: '424b86df402be6962b875b91798bd1f2') in 0.029532 seconds 
========================================================================
Received Import Request.
  Time since last request: 0.000048 seconds.
  path: Assets/PolygonDungeon/Models/Characters.fbx
  artifactKey: Guid(b69174d668ba02d44b14a084b217670a) Importer(815301076,1909f56bfc062723c751e8b465ee728b)
Start importing Assets/PolygonDungeon/Models/Characters.fbx using Guid(b69174d668ba02d44b14a084b217670a) Importer(815301076,1909f56bfc062723c751e8b465ee728b)  -> (artifact id: '5b699f2e8bcddcc596539df171ca5aa9') in 0.437892 seconds 
========================================================================
Received Import Request.
  Time since last request: 0.000036 seconds.
  path: Assets/PolygonDungeon/Models/SM_Env_Ceiling_Stone_Curved_02.fbx
  artifactKey: Guid(317593ff900554749aff43cc5dec78cc) Importer(815301076,1909f56bfc062723c751e8b465ee728b)
Start importing Assets/PolygonDungeon/Models/SM_Env_Ceiling_Stone_Curved_02.fbx using Guid(317593ff900554749aff43cc5dec78cc) Importer(815301076,1909f56bfc062723c751e8b465ee728b)  -> (artifact id: 'ef41f2009ae799cdfea605095d08ddd9') in 0.027477 seconds 
========================================================================
Received Import Request.
  Time since last request: 0.000033 seconds.
  path: Assets/PolygonDungeon/Models/SM_Env_Ceiling_Stone_Curved_Corner_01.fbx
  artifactKey: Guid(67df862c6cb27e14d89f3a8462db345b) Importer(815301076,1909f56bfc062723c751e8b465ee728b)
Start importing Assets/PolygonDungeon/Models/SM_Env_Ceiling_Stone_Curved_Corner_01.fbx using Guid(67df862c6cb27e14d89f3a8462db345b) Importer(815301076,1909f56bfc062723c751e8b465ee728b)  -> (artifact id: '6ce0c9b57dea02c4685f55f2d2f9c571') in 0.028830 seconds 
========================================================================
Received Import Request.
  Time since last request: 0.000020 seconds.
  path: Assets/PolygonDungeon/Models/SM_Env_Cave_Large_Corner_01_DoubleSided.fbx
  artifactKey: Guid(6e7ab42a416f7b9459720c395118538a) Importer(815301076,1909f56bfc062723c751e8b465ee728b)
Start importing Assets/PolygonDungeon/Models/SM_Env_Cave_Large_Corner_01_DoubleSided.fbx using Guid(6e7ab42a416f7b9459720c395118538a) Importer(815301076,1909f56bfc062723c751e8b465ee728b)  -> (artifact id: 'bfc8ee5ae8a15337ad76a132cf15d888') in 0.030536 seconds 
========================================================================
Received Import Request.
  Time since last request: 0.000026 seconds.
  path: Assets/PolygonDungeon/Models/FX_CubePivot_Mesh.fbx
  artifactKey: Guid(39507b9ce3ffc4948b27dfdb77a84488) Importer(815301076,1909f56bfc062723c751e8b465ee728b)
Start importing Assets/PolygonDungeon/Models/FX_CubePivot_Mesh.fbx using Guid(39507b9ce3ffc4948b27dfdb77a84488) Importer(815301076,1909f56bfc062723c751e8b465ee728b)  -> (artifact id: '07a3e1c1ec645d870dcedf18e0650044') in 0.029452 seconds 
========================================================================
Received Import Request.
  Time since last request: 0.000028 seconds.
  path: Assets/PolygonDungeon/Models/SM_Env_Basement_Support_Beam_01.fbx
  artifactKey: Guid(516241baa408124479e5bf82d2ccc3f2) Importer(815301076,1909f56bfc062723c751e8b465ee728b)
Start importing Assets/PolygonDungeon/Models/SM_Env_Basement_Support_Beam_01.fbx using Guid(516241baa408124479e5bf82d2ccc3f2) Importer(815301076,1909f56bfc062723c751e8b465ee728b)  -> (artifact id: 'dfe4f5a1ca9df8312acf695ce07b52c6') in 0.031043 seconds 
========================================================================
Received Import Request.
  Time since last request: 0.000023 seconds.
  path: Assets/PolygonDungeon/Models/SM_Env_Bone_Rib_01.fbx
  artifactKey: Guid(ed8c7e8aab639a0409efa9ec1618974a) Importer(815301076,1909f56bfc062723c751e8b465ee728b)
Start importing Assets/PolygonDungeon/Models/SM_Env_Bone_Rib_01.fbx using Guid(ed8c7e8aab639a0409efa9ec1618974a) Importer(815301076,1909f56bfc062723c751e8b465ee728b)  -> (artifact id: '508f0abef9af7f4e47db944512feec2a') in 0.027282 seconds 
========================================================================
Received Import Request.
  Time since last request: 5.082804 seconds.
  path: Assets/PolygonDungeon/Models/SM_Env_Entrance_Crypt_03.fbx
  artifactKey: Guid(728728af61c7d2d4fb2cfca2425f84d0) Importer(815301076,1909f56bfc062723c751e8b465ee728b)
Start importing Assets/PolygonDungeon/Models/SM_Env_Entrance_Crypt_03.fbx using Guid(728728af61c7d2d4fb2cfca2425f84d0) Importer(815301076,1909f56bfc062723c751e8b465ee728b)  -> (artifact id: '62a04b75bf56ea0f1a8b48311fb17c38') in 0.030717 seconds 
========================================================================
Received Import Request.
  Time since last request: 0.000019 seconds.
  path: Assets/PolygonDungeon/Models/SM_Env_Fence_Metal_Spikes_01.fbx
  artifactKey: Guid(0f4064e95661ff748a8bb70fff3ab929) Importer(815301076,1909f56bfc062723c751e8b465ee728b)
Start importing Assets/PolygonDungeon/Models/SM_Env_Fence_Metal_Spikes_01.fbx using Guid(0f4064e95661ff748a8bb70fff3ab929) Importer(815301076,1909f56bfc062723c751e8b465ee728b)  -> (artifact id: 'b9aafec82aec1f2d4e550b318377925d') in 0.029758 seconds 
========================================================================
Received Import Request.
  Time since last request: 0.000021 seconds.
  path: Assets/PolygonDungeon/Models/SM_Env_GlowingOrb_05.fbx
  artifactKey: Guid(542d28ff2b5685646841aeaf9456071a) Importer(815301076,1909f56bfc062723c751e8b465ee728b)
Start importing Assets/PolygonDungeon/Models/SM_Env_GlowingOrb_05.fbx using Guid(542d28ff2b5685646841aeaf9456071a) Importer(815301076,1909f56bfc062723c751e8b465ee728b)  -> (artifact id: 'e569aebbeb586b3b6ccae73db04e5035') in 0.030308 seconds 
========================================================================
Received Import Request.
  Time since last request: 0.000023 seconds.
  path: Assets/PolygonDungeon/Models/SM_Env_Minetrack_Turn_01.fbx
  artifactKey: Guid(786660a5996027e4282045105365adaf) Importer(815301076,1909f56bfc062723c751e8b465ee728b)
Start importing Assets/PolygonDungeon/Models/SM_Env_Minetrack_Turn_01.fbx using Guid(786660a5996027e4282045105365adaf) Importer(815301076,1909f56bfc062723c751e8b465ee728b)  -> (artifact id: 'c542e3361126290bb86b909bcb0a772e') in 0.028544 seconds 
========================================================================
Received Import Request.
  Time since last request: 0.000032 seconds.
  path: Assets/PolygonDungeon/Models/SM_Env_GroundMound_Rough_02.fbx
  artifactKey: Guid(c3b421f10a49f4b46bcd7864def4ed32) Importer(815301076,1909f56bfc062723c751e8b465ee728b)
Start importing Assets/PolygonDungeon/Models/SM_Env_GroundMound_Rough_02.fbx using Guid(c3b421f10a49f4b46bcd7864def4ed32) Importer(815301076,1909f56bfc062723c751e8b465ee728b)  -> (artifact id: '434c40bf3996688b9a177d694dd4682a') in 0.031954 seconds 
========================================================================
Received Import Request.
  Time since last request: 0.000020 seconds.
  path: Assets/PolygonDungeon/Models/SM_Env_Minetrack_Broken_02.fbx
  artifactKey: Guid(a9e3d79e96f383944bb66ce3bd95c52c) Importer(815301076,1909f56bfc062723c751e8b465ee728b)
Start importing Assets/PolygonDungeon/Models/SM_Env_Minetrack_Broken_02.fbx using Guid(a9e3d79e96f383944bb66ce3bd95c52c) Importer(815301076,1909f56bfc062723c751e8b465ee728b)  -> (artifact id: '8ba5cb24fc99dd3bf6f79cddcc116a75') in 0.028000 seconds 
========================================================================
Received Import Request.
  Time since last request: 0.000036 seconds.
  path: Assets/PolygonDungeon/Models/SM_Env_Mushroom_Wall_02.fbx
  artifactKey: Guid(ebce108b64edff14599348b69481dc30) Importer(815301076,1909f56bfc062723c751e8b465ee728b)
Start importing Assets/PolygonDungeon/Models/SM_Env_Mushroom_Wall_02.fbx using Guid(ebce108b64edff14599348b69481dc30) Importer(815301076,1909f56bfc062723c751e8b465ee728b)  -> (artifact id: 'b444ad65e0a942951f6295d983056545') in 0.027314 seconds 
========================================================================
Received Import Request.
  Time since last request: 0.000023 seconds.
  path: Assets/PolygonDungeon/Models/SM_Env_GroundMound_Edge_01.fbx
  artifactKey: Guid(192ecf8c1ea6c4f42b7041330b7a5754) Importer(815301076,1909f56bfc062723c751e8b465ee728b)
Start importing Assets/PolygonDungeon/Models/SM_Env_GroundMound_Edge_01.fbx using Guid(192ecf8c1ea6c4f42b7041330b7a5754) Importer(815301076,1909f56bfc062723c751e8b465ee728b)  -> (artifact id: '886a1f87e020804e5e7956f56347c053') in 0.028487 seconds 
========================================================================
Received Import Request.
  Time since last request: 0.000017 seconds.
  path: Assets/PolygonDungeon/Models/SM_Env_Mushroom_Small_03.fbx
  artifactKey: Guid(f217860e068631145a7e659742abf7da) Importer(815301076,1909f56bfc062723c751e8b465ee728b)
Start importing Assets/PolygonDungeon/Models/SM_Env_Mushroom_Small_03.fbx using Guid(f217860e068631145a7e659742abf7da) Importer(815301076,1909f56bfc062723c751e8b465ee728b)  -> (artifact id: '21c8671fe45987f8b51204f66dfe24b1') in 0.027707 seconds 
========================================================================
Received Import Request.
  Time since last request: 0.000029 seconds.
  path: Assets/PolygonDungeon/Models/SM_Env_MineTunnel_Corner_01.fbx
  artifactKey: Guid(5be732724ef4561478b27a307bd23532) Importer(815301076,1909f56bfc062723c751e8b465ee728b)
Start importing Assets/PolygonDungeon/Models/SM_Env_MineTunnel_Corner_01.fbx using Guid(5be732724ef4561478b27a307bd23532) Importer(815301076,1909f56bfc062723c751e8b465ee728b)  -> (artifact id: '1a468ebf089d148fa96bed956c543fd6') in 0.030663 seconds 
========================================================================
Received Import Request.
  Time since last request: 0.000023 seconds.
  path: Assets/PolygonDungeon/Models/SM_Env_GlowingOrb_02.fbx
  artifactKey: Guid(020106144993a4946b99db38e8dbdf56) Importer(815301076,1909f56bfc062723c751e8b465ee728b)
Start importing Assets/PolygonDungeon/Models/SM_Env_GlowingOrb_02.fbx using Guid(020106144993a4946b99db38e8dbdf56) Importer(815301076,1909f56bfc062723c751e8b465ee728b)  -> (artifact id: '153accc3094e6d30c0130b87acfb24b2') in 0.028982 seconds 
========================================================================
Received Import Request.
  Time since last request: 0.000024 seconds.
  path: Assets/PolygonDungeon/Models/SM_Env_Fence_Metal_Spikes_02.fbx
  artifactKey: Guid(1b3d28d2b99ce6846bbd3361b005f0fc) Importer(815301076,1909f56bfc062723c751e8b465ee728b)
Start importing Assets/PolygonDungeon/Models/SM_Env_Fence_Metal_Spikes_02.fbx using Guid(1b3d28d2b99ce6846bbd3361b005f0fc) Importer(815301076,1909f56bfc062723c751e8b465ee728b)  -> (artifact id: 'a226484992145ce25f5d08d80a97acfc') in 0.027439 seconds 
========================================================================
Received Import Request.
  Time since last request: 0.000019 seconds.
  path: Assets/PolygonDungeon/Models/SM_Env_Flowers_01.fbx
  artifactKey: Guid(eb8da2c50ff1021408ea5367eb8d3ff0) Importer(815301076,1909f56bfc062723c751e8b465ee728b)
Start importing Assets/PolygonDungeon/Models/SM_Env_Flowers_01.fbx using Guid(eb8da2c50ff1021408ea5367eb8d3ff0) Importer(815301076,1909f56bfc062723c751e8b465ee728b)  -> (artifact id: 'b521b7402e1fdef4d2ef2bf716585363') in 0.027291 seconds 
========================================================================
Received Import Request.
  Time since last request: 0.000041 seconds.
  path: Assets/PolygonDungeon/Models/SM_Env_Railing_01.fbx
  artifactKey: Guid(25d7b8ed596a0c643b12cb0e8b79b3ff) Importer(815301076,1909f56bfc062723c751e8b465ee728b)
Start importing Assets/PolygonDungeon/Models/SM_Env_Railing_01.fbx using Guid(25d7b8ed596a0c643b12cb0e8b79b3ff) Importer(815301076,1909f56bfc062723c751e8b465ee728b)  -> (artifact id: '5dadb1025f7e0abf557aca0ae6b45182') in 0.029923 seconds 
========================================================================
Received Import Request.
  Time since last request: 0.000022 seconds.
  path: Assets/PolygonDungeon/Models/SM_Env_Railing_Angle_01.fbx
  artifactKey: Guid(e892b5f7d2907064285a8010cbcc8bed) Importer(815301076,1909f56bfc062723c751e8b465ee728b)
Start importing Assets/PolygonDungeon/Models/SM_Env_Railing_Angle_01.fbx using Guid(e892b5f7d2907064285a8010cbcc8bed) Importer(815301076,1909f56bfc062723c751e8b465ee728b)  -> (artifact id: 'f3230d4b810a7c7a598918b5ec0d9ba7') in 0.032013 seconds 
========================================================================
Received Import Request.
  Time since last request: 0.000021 seconds.
  path: Assets/PolygonDungeon/Models/SM_Env_Railing_Pillar_02.fbx
  artifactKey: Guid(cfa1b8675b2cf0140ab483c5885acd16) Importer(815301076,1909f56bfc062723c751e8b465ee728b)
Start importing Assets/PolygonDungeon/Models/SM_Env_Railing_Pillar_02.fbx using Guid(cfa1b8675b2cf0140ab483c5885acd16) Importer(815301076,1909f56bfc062723c751e8b465ee728b)  -> (artifact id: '94d5aae4504b899ebcb5f28962b92543') in 0.027996 seconds 
========================================================================
Received Import Request.
  Time since last request: 0.000021 seconds.
  path: Assets/PolygonDungeon/Models/SM_Env_Rock_Flat_03.fbx
  artifactKey: Guid(6b92aee661d2ee64cbbae3a0e1b228f4) Importer(815301076,1909f56bfc062723c751e8b465ee728b)
Start importing Assets/PolygonDungeon/Models/SM_Env_Rock_Flat_03.fbx using Guid(6b92aee661d2ee64cbbae3a0e1b228f4) Importer(815301076,1909f56bfc062723c751e8b465ee728b)  -> (artifact id: '4732de9630865e219ed7fd01f12fea94') in 0.029107 seconds 
========================================================================
Received Import Request.
  Time since last request: 0.000021 seconds.
  path: Assets/PolygonDungeon/Models/SM_Env_Rock_Flat_Platform_01.fbx
  artifactKey: Guid(2ac644d62d8f99345a2effcb8a1a9e23) Importer(815301076,1909f56bfc062723c751e8b465ee728b)
Start importing Assets/PolygonDungeon/Models/SM_Env_Rock_Flat_Platform_01.fbx using Guid(2ac644d62d8f99345a2effcb8a1a9e23) Importer(815301076,1909f56bfc062723c751e8b465ee728b)  -> (artifact id: 'f02df5cbd8b55fa7b8fed030061e276e') in 0.029808 seconds 
========================================================================
Received Import Request.
  Time since last request: 0.000032 seconds.
  path: Assets/PolygonDungeon/Models/SM_Env_ReinforedPole_01.fbx
  artifactKey: Guid(97156be35341708429ec9798aef924fc) Importer(815301076,1909f56bfc062723c751e8b465ee728b)
Start importing Assets/PolygonDungeon/Models/SM_Env_ReinforedPole_01.fbx using Guid(97156be35341708429ec9798aef924fc) Importer(815301076,1909f56bfc062723c751e8b465ee728b)  -> (artifact id: '3539fa61d7beb2e7194a333078fda7a7') in 0.030967 seconds 
========================================================================
Received Import Request.
  Time since last request: 0.000022 seconds.
  path: Assets/PolygonDungeon/Models/SM_Env_Rock_Brick_Simple_01.fbx
  artifactKey: Guid(108a24416bb708340ac60515898b976b) Importer(815301076,1909f56bfc062723c751e8b465ee728b)
Start importing Assets/PolygonDungeon/Models/SM_Env_Rock_Brick_Simple_01.fbx using Guid(108a24416bb708340ac60515898b976b) Importer(815301076,1909f56bfc062723c751e8b465ee728b)  -> (artifact id: '602c09153ad4d982222ecc90dca81086') in 0.028885 seconds 
========================================================================
Received Import Request.
  Time since last request: 0.000021 seconds.
  path: Assets/PolygonDungeon/Models/SM_Env_Rock_Flat_Large_03.fbx
  artifactKey: Guid(bd9196c102555e046a5989d408f5f1af) Importer(815301076,1909f56bfc062723c751e8b465ee728b)
Start importing Assets/PolygonDungeon/Models/SM_Env_Rock_Flat_Large_03.fbx using Guid(bd9196c102555e046a5989d408f5f1af) Importer(815301076,1909f56bfc062723c751e8b465ee728b)  -> (artifact id: 'bcd750cedfc015c1b1a6837c1df8bb85') in 0.027939 seconds 
========================================================================
Received Import Request.
  Time since last request: 0.000023 seconds.
  path: Assets/PolygonDungeon/Models/SM_Env_Rock_Brick_Simple_07.fbx
  artifactKey: Guid(7bb6316ebc6806d4ea7256a431eda8be) Importer(815301076,1909f56bfc062723c751e8b465ee728b)
Start importing Assets/PolygonDungeon/Models/SM_Env_Rock_Brick_Simple_07.fbx using Guid(7bb6316ebc6806d4ea7256a431eda8be) Importer(815301076,1909f56bfc062723c751e8b465ee728b)  -> (artifact id: '3a2f305129549a880bc691f73b2363c7') in 0.029460 seconds 
========================================================================
Received Import Request.
  Time since last request: 0.000025 seconds.
  path: Assets/PolygonDungeon/Models/SM_Env_Rock_Brick_Simple_03.fbx
  artifactKey: Guid(6c02fa55a22696e4d83053d89042706c) Importer(815301076,1909f56bfc062723c751e8b465ee728b)
Start importing Assets/PolygonDungeon/Models/SM_Env_Rock_Brick_Simple_03.fbx using Guid(6c02fa55a22696e4d83053d89042706c) Importer(815301076,1909f56bfc062723c751e8b465ee728b)  -> (artifact id: 'ec51208c1b0fad8dc9fe6b9a26482c8b') in 0.032787 seconds 
========================================================================
Received Import Request.
  Time since last request: 0.000023 seconds.
  path: Assets/PolygonDungeon/Models/SM_Env_Rock_Flat_04.fbx
  artifactKey: Guid(638e583706a82a247990815952065456) Importer(815301076,1909f56bfc062723c751e8b465ee728b)
Start importing Assets/PolygonDungeon/Models/SM_Env_Rock_Flat_04.fbx using Guid(638e583706a82a247990815952065456) Importer(815301076,1909f56bfc062723c751e8b465ee728b)  -> (artifact id: 'f5814570763d0f95c4359b026e75d7b3') in 0.031760 seconds 
========================================================================
Received Import Request.
  Time since last request: 0.000023 seconds.
  path: Assets/PolygonDungeon/Models/SM_Env_Railing_Broken_02.fbx
  artifactKey: Guid(cd111ffcc5461394ba1cb83199877d7c) Importer(815301076,1909f56bfc062723c751e8b465ee728b)
Start importing Assets/PolygonDungeon/Models/SM_Env_Railing_Broken_02.fbx using Guid(cd111ffcc5461394ba1cb83199877d7c) Importer(815301076,1909f56bfc062723c751e8b465ee728b)  -> (artifact id: '5ddf9297e9dce49efd9427ca3fe268b3') in 0.030488 seconds 
========================================================================
Received Import Request.
  Time since last request: 0.000026 seconds.
  path: Assets/PolygonDungeon/Models/SM_Env_Pillar_Square_04.fbx
  artifactKey: Guid(03e77c79a1d4847478972b22838f29d3) Importer(815301076,1909f56bfc062723c751e8b465ee728b)
Start importing Assets/PolygonDungeon/Models/SM_Env_Pillar_Square_04.fbx using Guid(03e77c79a1d4847478972b22838f29d3) Importer(815301076,1909f56bfc062723c751e8b465ee728b)  -> (artifact id: '8934923ea46c2bb40543354b2eafbf4b') in 0.033839 seconds 
========================================================================
Received Import Request.
  Time since last request: 0.000022 seconds.
  path: Assets/PolygonDungeon/Models/SM_Env_Railing_Pillar_03.fbx
  artifactKey: Guid(4bc7ffbf5a30d7e42a4c15df20e0eb32) Importer(815301076,1909f56bfc062723c751e8b465ee728b)
Start importing Assets/PolygonDungeon/Models/SM_Env_Railing_Pillar_03.fbx using Guid(4bc7ffbf5a30d7e42a4c15df20e0eb32) Importer(815301076,1909f56bfc062723c751e8b465ee728b)  -> (artifact id: 'cf6ff878e384e8b4c49e2980c52277f3') in 0.029234 seconds 
========================================================================
Received Import Request.
  Time since last request: 0.000018 seconds.
  path: Assets/PolygonDungeon/Models/SM_Env_Rock_Flat_Large_02.fbx
  artifactKey: Guid(c28a7f5b4a9e4b848934301ac5f74a3c) Importer(815301076,1909f56bfc062723c751e8b465ee728b)
Start importing Assets/PolygonDungeon/Models/SM_Env_Rock_Flat_Large_02.fbx using Guid(c28a7f5b4a9e4b848934301ac5f74a3c) Importer(815301076,1909f56bfc062723c751e8b465ee728b)  -> (artifact id: '95a3548dc6a8cf45d7fdc44d67387193') in 0.029383 seconds 
========================================================================
Received Import Request.
  Time since last request: 0.000021 seconds.
  path: Assets/PolygonDungeon/Models/SM_Env_Pillar_Square_02.fbx
  artifactKey: Guid(6e9c2527b7f8b3047bc6d28f6c769843) Importer(815301076,1909f56bfc062723c751e8b465ee728b)
Start importing Assets/PolygonDungeon/Models/SM_Env_Pillar_Square_02.fbx using Guid(6e9c2527b7f8b3047bc6d28f6c769843) Importer(815301076,1909f56bfc062723c751e8b465ee728b)  -> (artifact id: '1796ca144761e14d114b2261a932cdd7') in 0.028861 seconds 
========================================================================
Received Import Request.
  Time since last request: 0.000023 seconds.
  path: Assets/PolygonDungeon/Models/SM_Env_MineTunnel_Straight_01.fbx
  artifactKey: Guid(e834bf10a9bd0024aa3dab8e91dfffc4) Importer(815301076,1909f56bfc062723c751e8b465ee728b)
Start importing Assets/PolygonDungeon/Models/SM_Env_MineTunnel_Straight_01.fbx using Guid(e834bf10a9bd0024aa3dab8e91dfffc4) Importer(815301076,1909f56bfc062723c751e8b465ee728b)  -> (artifact id: '0c5c92510290e54abe02d5a9a019ea26') in 0.031209 seconds 
========================================================================
Received Import Request.
  Time since last request: 0.000022 seconds.
  path: Assets/PolygonDungeon/Models/SM_Env_Pillar_Square_01.fbx
  artifactKey: Guid(d413b64d60894e8488a8b06a3ab1c8f6) Importer(815301076,1909f56bfc062723c751e8b465ee728b)
Start importing Assets/PolygonDungeon/Models/SM_Env_Pillar_Square_01.fbx using Guid(d413b64d60894e8488a8b06a3ab1c8f6) Importer(815301076,1909f56bfc062723c751e8b465ee728b)  -> (artifact id: '74f9403324efd524009976bab04aad91') in 0.029652 seconds 
========================================================================
Received Import Request.
  Time since last request: 0.000023 seconds.
  path: Assets/PolygonDungeon/Models/SM_Env_Mushroom_Wall_03.fbx
  artifactKey: Guid(d22773f52dc26664a9a785ae63466f55) Importer(815301076,1909f56bfc062723c751e8b465ee728b)
Start importing Assets/PolygonDungeon/Models/SM_Env_Mushroom_Wall_03.fbx using Guid(d22773f52dc26664a9a785ae63466f55) Importer(815301076,1909f56bfc062723c751e8b465ee728b)  -> (artifact id: '9e758d35e0f44b7715b4bb9c073bc256') in 0.051208 seconds 
========================================================================
Received Import Request.
  Time since last request: 0.000038 seconds.
  path: Assets/PolygonDungeon/Models/SM_Env_Railing_Pillar_05.fbx
  artifactKey: Guid(2799b8da4782cf04d943455e4205e79f) Importer(815301076,1909f56bfc062723c751e8b465ee728b)
Start importing Assets/PolygonDungeon/Models/SM_Env_Railing_Pillar_05.fbx using Guid(2799b8da4782cf04d943455e4205e79f) Importer(815301076,1909f56bfc062723c751e8b465ee728b)  -> (artifact id: '5e45611e3ac3e77b4bec968da8ff261f') in 0.031666 seconds 
========================================================================
Received Import Request.
  Time since last request: 53.835878 seconds.
  path: Assets/Blink/Art/Animations/Animations_Starter_Pack/Combat/Buff.fbx
  artifactKey: Guid(20349140a3cb83e4d883e1456c7783d5) Importer(815301076,1909f56bfc062723c751e8b465ee728b)
Start importing Assets/Blink/Art/Animations/Animations_Starter_Pack/Combat/Buff.fbx using Guid(20349140a3cb83e4d883e1456c7783d5) Importer(815301076,1909f56bfc062723c751e8b465ee728b)  -> (artifact id: '1b15a9040ee01235f7463bc8bbc1163a') in 0.014236 seconds 
========================================================================
Received Import Request.
  Time since last request: 0.000026 seconds.
  path: Assets/Blink/Art/Animations/Animations_Starter_Pack/Combat/MeleeAttack_TwoHanded.fbx
  artifactKey: Guid(337a802e1a50ad746827a890f372c41e) Importer(815301076,1909f56bfc062723c751e8b465ee728b)
Start importing Assets/Blink/Art/Animations/Animations_Starter_Pack/Combat/MeleeAttack_TwoHanded.fbx using Guid(337a802e1a50ad746827a890f372c41e) Importer(815301076,1909f56bfc062723c751e8b465ee728b)  -> (artifact id: '99fee1e0364c95d81f4c4f777c3d06bd') in 0.015454 seconds 
========================================================================
Received Import Request.
  Time since last request: 0.000032 seconds.
  path: Assets/Blink/Art/Animations/Animations_Starter_Pack/Combat/PunchLeft.fbx
  artifactKey: Guid(d193a764e528253418a9c8161269688c) Importer(815301076,1909f56bfc062723c751e8b465ee728b)
Start importing Assets/Blink/Art/Animations/Animations_Starter_Pack/Combat/PunchLeft.fbx using Guid(d193a764e528253418a9c8161269688c) Importer(815301076,1909f56bfc062723c751e8b465ee728b)  -> (artifact id: '846701970c4efb60d810b6898f6f2e0e') in 0.015362 seconds 
========================================================================
Received Import Request.
  Time since last request: 9.652584 seconds.
  path: Assets/Blink/Art/Animations/Animations_Starter_Pack/Movement/Jumps.fbx
  artifactKey: Guid(ab54d1b34370dbe4d896efebb96535ef) Importer(815301076,1909f56bfc062723c751e8b465ee728b)
Start importing Assets/Blink/Art/Animations/Animations_Starter_Pack/Movement/Jumps.fbx using Guid(ab54d1b34370dbe4d896efebb96535ef) Importer(815301076,1909f56bfc062723c751e8b465ee728b)  -> (artifact id: '4bbeccdbf9941cc22159c53ccef31803') in 0.014314 seconds 
========================================================================
Received Import Request.
  Time since last request: 0.000052 seconds.
  path: Assets/Blink/Art/Animations/Animations_Starter_Pack/Movement/RunRight.fbx
  artifactKey: Guid(5120a970404f418419c83af871d9a022) Importer(815301076,1909f56bfc062723c751e8b465ee728b)
Start importing Assets/Blink/Art/Animations/Animations_Starter_Pack/Movement/RunRight.fbx using Guid(5120a970404f418419c83af871d9a022) Importer(815301076,1909f56bfc062723c751e8b465ee728b)  -> (artifact id: '6fd53cce25e22888c41cc9a57d6188aa') in 0.015600 seconds 
========================================================================
Received Import Request.
  Time since last request: 0.000028 seconds.
  path: Assets/Blink/Art/Animations/Animations_Starter_Pack/Movement/StrafeRight.fbx
  artifactKey: Guid(71d381e8db65cb547964e023373b98fe) Importer(815301076,1909f56bfc062723c751e8b465ee728b)
Start importing Assets/Blink/Art/Animations/Animations_Starter_Pack/Movement/StrafeRight.fbx using Guid(71d381e8db65cb547964e023373b98fe) Importer(815301076,1909f56bfc062723c751e8b465ee728b)  -> (artifact id: '7afe492c3fb09a26d7e39d040f84594c') in 0.014134 seconds 
========================================================================
Received Import Request.
  Time since last request: 0.000028 seconds.
  path: Assets/Blink/Art/Animations/Animations_Starter_Pack/Movement/StrafeLeft.fbx
  artifactKey: Guid(7177251f0e1f08546b656875551afe28) Importer(815301076,1909f56bfc062723c751e8b465ee728b)
Start importing Assets/Blink/Art/Animations/Animations_Starter_Pack/Movement/StrafeLeft.fbx using Guid(7177251f0e1f08546b656875551afe28) Importer(815301076,1909f56bfc062723c751e8b465ee728b)  -> (artifact id: 'df1d0cc0385879cfd5b649126064ea1f') in 0.013948 seconds 
========================================================================
Received Prepare
Registering precompiled user dll's ...
Registered in 0.008381 seconds.
Begin MonoManager ReloadAssembly
Symbol file LoadedFromMemory doesn't match image C:\Development\MiniProject-Noah\MiniProject\Library\PackageCache\com.unity.visualscripting@1.7.8\Editor\VisualScripting.Core\Dependencies\YamlDotNet\Unity.VisualScripting.YamlDotNet.dll
Symbol file LoadedFromMemory doesn't match image C:\Development\MiniProject-Noah\MiniProject\Library\PackageCache\com.unity.visualscripting@1.7.8\Editor\VisualScripting.Core\Dependencies\DotNetZip\Unity.VisualScripting.IonicZip.dll
Native extension for WindowsStandalone target not found
Native extension for iOS target not found
Native extension for Android target not found
Refreshing native plugins compatible for Editor in 1.08 ms, found 3 plugins.
Preloading 0 native plugins for Editor in 0.00 ms.
Mono: successfully reloaded assembly
- Completed reload, in  0.995 seconds
Domain Reload Profiling:
	ReloadAssembly (995ms)
		BeginReloadAssembly (156ms)
			ExecutionOrderSort (0ms)
			DisableScriptedObjects (4ms)
			BackupInstance (0ms)
			ReleaseScriptingObjects (0ms)
			CreateAndSetChildDomain (49ms)
		EndReloadAssembly (746ms)
			LoadAssemblies (107ms)
			RebuildTransferFunctionScriptingTraits (0ms)
			SetupTypeCache (245ms)
			ReleaseScriptCaches (1ms)
			RebuildScriptCaches (44ms)
			SetupLoadedEditorAssemblies (326ms)
				LogAssemblyErrors (0ms)
				InitializePlatformSupportModulesInManaged (28ms)
				SetLoadedEditorAssemblies (0ms)
				RefreshPlugins (1ms)
				BeforeProcessingInitializeOnLoad (70ms)
				ProcessInitializeOnLoadAttributes (190ms)
				ProcessInitializeOnLoadMethodAttributes (27ms)
				AfterProcessingInitializeOnLoad (9ms)
				EditorAssembliesLoaded (0ms)
			ExecutionOrderSort2 (0ms)
			AwakeInstancesAfterBackupRestoration (5ms)
Platform modules already initialized, skipping
Refreshing native plugins compatible for Editor in 3.10 ms, found 3 plugins.
Preloading 0 native plugins for Editor in 0.00 ms.
Unloading 3378 Unused Serialized files (Serialized files now loaded: 0)
Unloading 20 unused Assets / (80.5 KB). Loaded Objects now: 3877.
Memory consumption went from 149.1 MB to 149.0 MB.
Total: 4.004200 ms (FindLiveObjects: 0.536600 ms CreateObjectMapping: 0.086700 ms MarkObjects: 3.271400 ms  DeleteObjects: 0.108500 ms)

AssetImportParameters requested are different than current active one (requested -> active):
  custom:video-decoder-ogg-theora: a1e56fd34408186e4bbccfd4996cb3dc -> 
  custom:container-muxer-webm: aa71ff27fc2769a1b78a27578f13a17b -> 
  custom:container-demuxer-webm: 4f35f7cbe854078d1ac9338744f61a02 -> 
  custom:video-encoder-webm-vp8: eb34c28f22e8b96e1ab97ce403110664 -> 
  custom:audio-encoder-webm-vorbis: bf7c407c2cedff20999df2af8eb42d56 -> 
  custom:framework-win-MediaFoundation: 216162199b28c13a410421893ffa2e32 -> 
  custom:container-demuxer-ogg: 62fdf1f143b41e24485cea50d1cbac27 -> 
  custom:video-decoder-webm-vp8: 9c59270c3fd7afecdb556c50c9e8de78 -> 
  custom:audio-decoder-ogg-vorbis: bf7c407c2cedff20999df2af8eb42d56 -> 
Editor requested this worker to shutdown with reason: Scaling down because of idle timeout
AssetImportWorker is now disconnected from the server
Process exiting
Exiting without the bug reporter. Application will terminate with return code 0