Using pre-set license
Built from '2021.3/staging' branch; Version is '2021.3.10f1 (1c7d0df0160b) revision 1867021'; Using compiler version '192829333'; Build Type 'Release'
OS: 'Windows 11  (10.0.22622) 64bit Professional' Language: 'en' Physical Memory: 32689 MB
BatchMode: 1, IsHumanControllingUs: 0, StartBugReporterOnCrash: 0, Is64bit: 1, IsPro: 1

COMMAND LINE ARGUMENTS:
C:\Program Files\Unity\Hub\Editor\2021.3.10f1\Editor\Unity.exe
-adb2
-batchMode
-noUpm
-name
AssetImportWorker15
-projectPath
C:/Development/MiniProject-Noah/MiniProject
-logFile
Logs/AssetImportWorker15.log
-srvPort
62461
Successfully changed project path to: C:/Development/MiniProject-Noah/MiniProject
C:/Development/MiniProject-Noah/MiniProject
[UnityMemory] Configuration Parameters - Can be set up in boot.config
    "memorysetup-bucket-allocator-granularity=16"
    "memorysetup-bucket-allocator-bucket-count=8"
    "memorysetup-bucket-allocator-block-size=33554432"
    "memorysetup-bucket-allocator-block-count=8"
    "memorysetup-main-allocator-block-size=16777216"
    "memorysetup-thread-allocator-block-size=16777216"
    "memorysetup-gfx-main-allocator-block-size=16777216"
    "memorysetup-gfx-thread-allocator-block-size=16777216"
    "memorysetup-cache-allocator-block-size=4194304"
    "memorysetup-typetree-allocator-block-size=2097152"
    "memorysetup-profiler-bucket-allocator-granularity=16"
    "memorysetup-profiler-bucket-allocator-bucket-count=8"
    "memorysetup-profiler-bucket-allocator-block-size=33554432"
    "memorysetup-profiler-bucket-allocator-block-count=8"
    "memorysetup-profiler-allocator-block-size=16777216"
    "memorysetup-profiler-editor-allocator-block-size=1048576"
    "memorysetup-temp-allocator-size-main=16777216"
    "memorysetup-job-temp-allocator-block-size=2097152"
    "memorysetup-job-temp-allocator-block-size-background=1048576"
    "memorysetup-job-temp-allocator-reduction-small-platforms=262144"
    "memorysetup-temp-allocator-size-background-worker=32768"
    "memorysetup-temp-allocator-size-job-worker=262144"
    "memorysetup-temp-allocator-size-preload-manager=33554432"
    "memorysetup-temp-allocator-size-nav-mesh-worker=65536"
    "memorysetup-temp-allocator-size-audio-worker=65536"
    "memorysetup-temp-allocator-size-cloud-worker=32768"
    "memorysetup-temp-allocator-size-gi-baking-worker=262144"
    "memorysetup-temp-allocator-size-gfx=262144"
Refreshing native plugins compatible for Editor in 109.94 ms, found 3 plugins.
Preloading 0 native plugins for Editor in 0.00 ms.
Initialize engine version: 2021.3.10f1 (1c7d0df0160b)
[Subsystems] Discovering subsystems at path C:/Program Files/Unity/Hub/Editor/2021.3.10f1/Editor/Data/Resources/UnitySubsystems
[Subsystems] Discovering subsystems at path C:/Development/MiniProject-Noah/MiniProject/Assets
GfxDevice: creating device client; threaded=0; jobified=0
Direct3D:
    Version:  Direct3D 11.0 [level 11.1]
    Renderer: AMD Radeon RX 5700 XT (ID=0x731f)
    Vendor:   ATI
    VRAM:     8151 MB
    Driver:   31.0.12027.2005
Initialize mono
Mono path[0] = 'C:/Program Files/Unity/Hub/Editor/2021.3.10f1/Editor/Data/Managed'
Mono path[1] = 'C:/Program Files/Unity/Hub/Editor/2021.3.10f1/Editor/Data/MonoBleedingEdge/lib/mono/unityjit-win32'
Mono config path = 'C:/Program Files/Unity/Hub/Editor/2021.3.10f1/Editor/Data/MonoBleedingEdge/etc'
Using monoOptions --debugger-agent=transport=dt_socket,embedding=1,server=y,suspend=n,address=127.0.0.1:56744
Begin MonoManager ReloadAssembly
Registering precompiled unity dll's ...
Register platform support module: C:/Program Files/Unity/Hub/Editor/2021.3.10f1/Editor/Data/PlaybackEngines/AndroidPlayer/UnityEditor.Android.Extensions.dll
Register platform support module: C:/Program Files/Unity/Hub/Editor/2021.3.10f1/Editor/Data/PlaybackEngines/iOSSupport/UnityEditor.iOS.Extensions.dll
Register platform support module: C:/Program Files/Unity/Hub/Editor/2021.3.10f1/Editor/Data/PlaybackEngines/WindowsStandaloneSupport/UnityEditor.WindowsStandalone.Extensions.dll
Registered in 0.009115 seconds.
Native extension for WindowsStandalone target not found
[usbmuxd] Start listen thread
[usbmuxd] Listen thread started
Native extension for iOS target not found
Native extension for Android target not found
Refreshing native plugins compatible for Editor in 107.71 ms, found 3 plugins.
Preloading 0 native plugins for Editor in 0.00 ms.
Mono: successfully reloaded assembly
- Completed reload, in  0.795 seconds
Domain Reload Profiling:
	ReloadAssembly (796ms)
		BeginReloadAssembly (103ms)
			ExecutionOrderSort (0ms)
			DisableScriptedObjects (0ms)
			BackupInstance (0ms)
			ReleaseScriptingObjects (0ms)
			CreateAndSetChildDomain (1ms)
		EndReloadAssembly (564ms)
			LoadAssemblies (101ms)
			RebuildTransferFunctionScriptingTraits (0ms)
			SetupTypeCache (134ms)
			ReleaseScriptCaches (0ms)
			RebuildScriptCaches (34ms)
			SetupLoadedEditorAssemblies (337ms)
				LogAssemblyErrors (0ms)
				InitializePlatformSupportModulesInManaged (70ms)
				SetLoadedEditorAssemblies (0ms)
				RefreshPlugins (108ms)
				BeforeProcessingInitializeOnLoad (2ms)
				ProcessInitializeOnLoadAttributes (108ms)
				ProcessInitializeOnLoadMethodAttributes (49ms)
				AfterProcessingInitializeOnLoad (0ms)
				EditorAssembliesLoaded (0ms)
			ExecutionOrderSort2 (0ms)
			AwakeInstancesAfterBackupRestoration (0ms)
Platform modules already initialized, skipping
Registering precompiled user dll's ...
Registered in 0.007272 seconds.
Begin MonoManager ReloadAssembly
Symbol file LoadedFromMemory doesn't match image C:\Development\MiniProject-Noah\MiniProject\Library\PackageCache\com.unity.visualscripting@1.7.8\Editor\VisualScripting.Core\Dependencies\YamlDotNet\Unity.VisualScripting.YamlDotNet.dll
Symbol file LoadedFromMemory doesn't match image C:\Development\MiniProject-Noah\MiniProject\Library\PackageCache\com.unity.visualscripting@1.7.8\Editor\VisualScripting.Core\Dependencies\DotNetZip\Unity.VisualScripting.IonicZip.dll
Native extension for WindowsStandalone target not found
Native extension for iOS target not found
Native extension for Android target not found
Refreshing native plugins compatible for Editor in 0.95 ms, found 3 plugins.
Preloading 0 native plugins for Editor in 0.00 ms.
Mono: successfully reloaded assembly
- Completed reload, in  1.106 seconds
Domain Reload Profiling:
	ReloadAssembly (1106ms)
		BeginReloadAssembly (236ms)
			ExecutionOrderSort (0ms)
			DisableScriptedObjects (5ms)
			BackupInstance (0ms)
			ReleaseScriptingObjects (0ms)
			CreateAndSetChildDomain (137ms)
		EndReloadAssembly (760ms)
			LoadAssemblies (104ms)
			RebuildTransferFunctionScriptingTraits (0ms)
			SetupTypeCache (231ms)
			ReleaseScriptCaches (1ms)
			RebuildScriptCaches (50ms)
			SetupLoadedEditorAssemblies (358ms)
				LogAssemblyErrors (0ms)
				InitializePlatformSupportModulesInManaged (21ms)
				SetLoadedEditorAssemblies (0ms)
				RefreshPlugins (1ms)
				BeforeProcessingInitializeOnLoad (87ms)
				ProcessInitializeOnLoadAttributes (214ms)
				ProcessInitializeOnLoadMethodAttributes (26ms)
				AfterProcessingInitializeOnLoad (8ms)
				EditorAssembliesLoaded (0ms)
			ExecutionOrderSort2 (0ms)
			AwakeInstancesAfterBackupRestoration (5ms)
Platform modules already initialized, skipping
========================================================================
Worker process is ready to serve import requests
Launched and connected shader compiler UnityShaderCompiler.exe after 0.05 seconds
Refreshing native plugins compatible for Editor in 1.21 ms, found 3 plugins.
Preloading 0 native plugins for Editor in 0.00 ms.
Unloading 3383 Unused Serialized files (Serialized files now loaded: 0)
Unloading 27 unused Assets / (113.9 KB). Loaded Objects now: 3861.
Memory consumption went from 131.6 MB to 131.5 MB.
Total: 3.763900 ms (FindLiveObjects: 0.385900 ms CreateObjectMapping: 0.090800 ms MarkObjects: 3.147300 ms  DeleteObjects: 0.138500 ms)

AssetImportParameters requested are different than current active one (requested -> active):
  custom:video-decoder-ogg-theora: a1e56fd34408186e4bbccfd4996cb3dc -> 
  custom:container-muxer-webm: aa71ff27fc2769a1b78a27578f13a17b -> 
  custom:container-demuxer-webm: 4f35f7cbe854078d1ac9338744f61a02 -> 
  custom:video-encoder-webm-vp8: eb34c28f22e8b96e1ab97ce403110664 -> 
  custom:audio-encoder-webm-vorbis: bf7c407c2cedff20999df2af8eb42d56 -> 
  custom:framework-win-MediaFoundation: 216162199b28c13a410421893ffa2e32 -> 
  custom:container-demuxer-ogg: 62fdf1f143b41e24485cea50d1cbac27 -> 
  custom:video-decoder-webm-vp8: 9c59270c3fd7afecdb556c50c9e8de78 -> 
  custom:audio-decoder-ogg-vorbis: bf7c407c2cedff20999df2af8eb42d56 -> 
========================================================================
Received Import Request.
  Time since last request: 174114.521698 seconds.
  path: Assets/PolygonDungeon/Prefabs/Environments
  artifactKey: Guid(a8764c512f1983b4aafe7fcf36ea48e2) Importer(815301076,1909f56bfc062723c751e8b465ee728b)
Start importing Assets/PolygonDungeon/Prefabs/Environments using Guid(a8764c512f1983b4aafe7fcf36ea48e2) Importer(815301076,1909f56bfc062723c751e8b465ee728b)  -> (artifact id: 'ac5a5bd080ea3ca220633f7673678cbd') in 0.012752 seconds 
========================================================================
Received Import Request.
  Time since last request: 1.857303 seconds.
  path: Assets/PolygonDungeon/Prefabs/Environments/Floors
  artifactKey: Guid(7ef0e92cecfb15e4595b743a759ff1b9) Importer(815301076,1909f56bfc062723c751e8b465ee728b)
Start importing Assets/PolygonDungeon/Prefabs/Environments/Floors using Guid(7ef0e92cecfb15e4595b743a759ff1b9) Importer(815301076,1909f56bfc062723c751e8b465ee728b)  -> (artifact id: '78874376f8e872ff28f4ecb34d0422d3') in 0.006000 seconds 
========================================================================
Received Import Request.
  Time since last request: 0.039308 seconds.
  path: Assets/PolygonDungeon/Prefabs/Environments/Floors/SM_Env_CrackedRock_01.prefab
  artifactKey: Guid(7952f7e6ac9b93b4682e63e68d9a2f74) Importer(815301076,1909f56bfc062723c751e8b465ee728b)
Start importing Assets/PolygonDungeon/Prefabs/Environments/Floors/SM_Env_CrackedRock_01.prefab using Guid(7952f7e6ac9b93b4682e63e68d9a2f74) Importer(815301076,1909f56bfc062723c751e8b465ee728b)  -> (artifact id: '4be58d92529f78e5d526d0c8c9f1b359') in 0.163196 seconds 
========================================================================
Received Import Request.
  Time since last request: 0.000036 seconds.
  path: Assets/PolygonDungeon/Prefabs/Environments/Floors/SM_Env_Stairs_01.prefab
  artifactKey: Guid(e076899ed4a6c8b44a7d4b881de19e27) Importer(815301076,1909f56bfc062723c751e8b465ee728b)
Start importing Assets/PolygonDungeon/Prefabs/Environments/Floors/SM_Env_Stairs_01.prefab using Guid(e076899ed4a6c8b44a7d4b881de19e27) Importer(815301076,1909f56bfc062723c751e8b465ee728b)  -> (artifact id: 'c90718a36fb114fb9399deea287a4703') in 0.049443 seconds 
========================================================================
Received Import Request.
  Time since last request: 0.000034 seconds.
  path: Assets/PolygonDungeon/Prefabs/Environments/Floors/SM_Env_Tiles_08.prefab
  artifactKey: Guid(0e2d311aa2f76c2479ed7bbf11aa4ffb) Importer(815301076,1909f56bfc062723c751e8b465ee728b)
Start importing Assets/PolygonDungeon/Prefabs/Environments/Floors/SM_Env_Tiles_08.prefab using Guid(0e2d311aa2f76c2479ed7bbf11aa4ffb) Importer(815301076,1909f56bfc062723c751e8b465ee728b)  -> (artifact id: '36c5639e0e7842142fd3ede4d8c8124b') in 0.042314 seconds 
========================================================================
Received Import Request.
  Time since last request: 0.000052 seconds.
  path: Assets/PolygonDungeon/Prefabs/Environments/Floors/SM_Env_Sewer_Canal_01.prefab
  artifactKey: Guid(494ea68912b382044bbcc86230c7fbad) Importer(815301076,1909f56bfc062723c751e8b465ee728b)
Start importing Assets/PolygonDungeon/Prefabs/Environments/Floors/SM_Env_Sewer_Canal_01.prefab using Guid(494ea68912b382044bbcc86230c7fbad) Importer(815301076,1909f56bfc062723c751e8b465ee728b)  -> (artifact id: '4e12c60afcc794ac9694a9d427708e35') in 0.061508 seconds 
========================================================================
Received Import Request.
  Time since last request: 0.000058 seconds.
  path: Assets/PolygonDungeon/Prefabs/Environments/Floors/SM_Env_Tiles_Pentagram_01.prefab
  artifactKey: Guid(2f8bac6b7bae5254bbf64855f6613f5e) Importer(815301076,1909f56bfc062723c751e8b465ee728b)
Start importing Assets/PolygonDungeon/Prefabs/Environments/Floors/SM_Env_Tiles_Pentagram_01.prefab using Guid(2f8bac6b7bae5254bbf64855f6613f5e) Importer(815301076,1909f56bfc062723c751e8b465ee728b)  -> (artifact id: '12331eeceb9a3368d279b3888e4e04a1') in 0.063560 seconds 
========================================================================
Received Import Request.
  Time since last request: 0.000051 seconds.
  path: Assets/PolygonDungeon/Prefabs/Environments/Floors/SM_Env_GroundMound_Corner_01.prefab
  artifactKey: Guid(3f54051df69304547a53b58481814ed1) Importer(815301076,1909f56bfc062723c751e8b465ee728b)
Start importing Assets/PolygonDungeon/Prefabs/Environments/Floors/SM_Env_GroundMound_Corner_01.prefab using Guid(3f54051df69304547a53b58481814ed1) Importer(815301076,1909f56bfc062723c751e8b465ee728b)  -> (artifact id: '0c64430aa5cc13ae54ac28a54a116974') in 0.036975 seconds 
========================================================================
Received Import Request.
  Time since last request: 0.000059 seconds.
  path: Assets/PolygonDungeon/Prefabs/Environments/Floors/SM_Env_GroundMound_Edge_03.prefab
  artifactKey: Guid(10baca3f7c71a7e41aa840ffd19d6dee) Importer(815301076,1909f56bfc062723c751e8b465ee728b)
Start importing Assets/PolygonDungeon/Prefabs/Environments/Floors/SM_Env_GroundMound_Edge_03.prefab using Guid(10baca3f7c71a7e41aa840ffd19d6dee) Importer(815301076,1909f56bfc062723c751e8b465ee728b)  -> (artifact id: '8e84db1670ae1256742666d00bda64e5') in 0.036401 seconds 
========================================================================
Received Import Request.
  Time since last request: 0.000052 seconds.
  path: Assets/PolygonDungeon/Prefabs/Environments/Floors/SM_Env_Sewer_Water_Corner_01.prefab
  artifactKey: Guid(20de9fbb5c9d937409af9eb30c6264c0) Importer(815301076,1909f56bfc062723c751e8b465ee728b)
Start importing Assets/PolygonDungeon/Prefabs/Environments/Floors/SM_Env_Sewer_Water_Corner_01.prefab using Guid(20de9fbb5c9d937409af9eb30c6264c0) Importer(815301076,1909f56bfc062723c751e8b465ee728b)  -> (artifact id: 'd2d7abdda53c22df64378a3649788493') in 0.214258 seconds 
========================================================================
Received Import Request.
  Time since last request: 10.087900 seconds.
  path: Assets/PolygonDungeon/Prefabs/Environments/Pillars
  artifactKey: Guid(6e93e4a450117bd4b9c0717d2fbf53fa) Importer(815301076,1909f56bfc062723c751e8b465ee728b)
Start importing Assets/PolygonDungeon/Prefabs/Environments/Pillars using Guid(6e93e4a450117bd4b9c0717d2fbf53fa) Importer(815301076,1909f56bfc062723c751e8b465ee728b)  -> (artifact id: '7b9acfd7314ffebbec5eac187797db46') in 0.005723 seconds 
========================================================================
Received Import Request.
  Time since last request: 0.032768 seconds.
  path: Assets/PolygonDungeon/Prefabs/Environments/Pillars/SM_Env_Pillar_Broken_01.prefab
  artifactKey: Guid(a0929359dc1d88b4ab98f104369aeea9) Importer(815301076,1909f56bfc062723c751e8b465ee728b)
Start importing Assets/PolygonDungeon/Prefabs/Environments/Pillars/SM_Env_Pillar_Broken_01.prefab using Guid(a0929359dc1d88b4ab98f104369aeea9) Importer(815301076,1909f56bfc062723c751e8b465ee728b)  -> (artifact id: '5ea8a241a283d228f21dc66c58905d8d') in 0.031339 seconds 
========================================================================
Received Import Request.
  Time since last request: 0.000065 seconds.
  path: Assets/PolygonDungeon/Prefabs/Environments/Pillars/SM_Env_Pillar_Round_03.prefab
  artifactKey: Guid(0564a3134c3163c4a8ff1e64350bce79) Importer(815301076,1909f56bfc062723c751e8b465ee728b)
Start importing Assets/PolygonDungeon/Prefabs/Environments/Pillars/SM_Env_Pillar_Round_03.prefab using Guid(0564a3134c3163c4a8ff1e64350bce79) Importer(815301076,1909f56bfc062723c751e8b465ee728b)  -> (artifact id: '0eaa256616bcb2c9bc5ee81c61c05ff9') in 0.040250 seconds 
========================================================================
Received Import Request.
  Time since last request: 0.000053 seconds.
  path: Assets/PolygonDungeon/Prefabs/Environments/Pillars/SM_Env_Pillar_Square_02.prefab
  artifactKey: Guid(376ef25dd291e3c4299072cb562f0cba) Importer(815301076,1909f56bfc062723c751e8b465ee728b)
Start importing Assets/PolygonDungeon/Prefabs/Environments/Pillars/SM_Env_Pillar_Square_02.prefab using Guid(376ef25dd291e3c4299072cb562f0cba) Importer(815301076,1909f56bfc062723c751e8b465ee728b)  -> (artifact id: '6ab87d2c5965483393243341a7ba79b3') in 0.038077 seconds 
========================================================================
Received Import Request.
  Time since last request: 0.000049 seconds.
  path: Assets/PolygonDungeon/Prefabs/Environments/Pillars/SM_Env_Pillar_Square_08.prefab
  artifactKey: Guid(4ea2c25a7dabbf04c9e40bc05a5c78da) Importer(815301076,1909f56bfc062723c751e8b465ee728b)
Start importing Assets/PolygonDungeon/Prefabs/Environments/Pillars/SM_Env_Pillar_Square_08.prefab using Guid(4ea2c25a7dabbf04c9e40bc05a5c78da) Importer(815301076,1909f56bfc062723c751e8b465ee728b)  -> (artifact id: '823f7a81950245873a6971adebb1180b') in 0.043791 seconds 
========================================================================
Received Import Request.
  Time since last request: 41.715710 seconds.
  path: Assets/Fantasy Forest Environment Free Sample/Textures/NewLayer 1.terrainlayer
  artifactKey: Guid(c46a1c59fc56ec0499bcc6ba3728d881) Importer(815301076,1909f56bfc062723c751e8b465ee728b)
Start importing Assets/Fantasy Forest Environment Free Sample/Textures/NewLayer 1.terrainlayer using Guid(c46a1c59fc56ec0499bcc6ba3728d881) Importer(815301076,1909f56bfc062723c751e8b465ee728b)  -> (artifact id: '92bba8550c7308453c91255813823653') in 0.044446 seconds 
========================================================================
Received Import Request.
  Time since last request: 2.824472 seconds.
  path: Assets/PolygonDungeon/Materials/Dungeon_Material_01.mat
  artifactKey: Guid(42b64fdb315e3054ea757d8d1c4bcfa7) Importer(815301076,1909f56bfc062723c751e8b465ee728b)
Start importing Assets/PolygonDungeon/Materials/Dungeon_Material_01.mat using Guid(42b64fdb315e3054ea757d8d1c4bcfa7) Importer(815301076,1909f56bfc062723c751e8b465ee728b)  -> (artifact id: '8dcf5a87d4c3e11116c1df65dc6a62b0') in 0.041308 seconds 
Editor requested this worker to shutdown with reason: Scaling down because of idle timeout
AssetImportWorker is now disconnected from the server
Process exiting
Exiting without the bug reporter. Application will terminate with return code 0