Using pre-set license
Built from '2021.3/staging' branch; Version is '2021.3.10f1 (1c7d0df0160b) revision 1867021'; Using compiler version '192829333'; Build Type 'Release'
OS: 'Windows 11  (10.0.22622) 64bit Professional' Language: 'en' Physical Memory: 32689 MB
BatchMode: 1, IsHumanControllingUs: 0, StartBugReporterOnCrash: 0, Is64bit: 1, IsPro: 1

COMMAND LINE ARGUMENTS:
C:\Program Files\Unity\Hub\Editor\2021.3.10f1\Editor\Unity.exe
-adb2
-batchMode
-noUpm
-name
AssetImportWorker16
-projectPath
C:/Development/MiniProject-Noah/MiniProject
-logFile
Logs/AssetImportWorker16.log
-srvPort
62461
Successfully changed project path to: C:/Development/MiniProject-Noah/MiniProject
C:/Development/MiniProject-Noah/MiniProject
[UnityMemory] Configuration Parameters - Can be set up in boot.config
    "memorysetup-bucket-allocator-granularity=16"
    "memorysetup-bucket-allocator-bucket-count=8"
    "memorysetup-bucket-allocator-block-size=33554432"
    "memorysetup-bucket-allocator-block-count=8"
    "memorysetup-main-allocator-block-size=16777216"
    "memorysetup-thread-allocator-block-size=16777216"
    "memorysetup-gfx-main-allocator-block-size=16777216"
    "memorysetup-gfx-thread-allocator-block-size=16777216"
    "memorysetup-cache-allocator-block-size=4194304"
    "memorysetup-typetree-allocator-block-size=2097152"
    "memorysetup-profiler-bucket-allocator-granularity=16"
    "memorysetup-profiler-bucket-allocator-bucket-count=8"
    "memorysetup-profiler-bucket-allocator-block-size=33554432"
    "memorysetup-profiler-bucket-allocator-block-count=8"
    "memorysetup-profiler-allocator-block-size=16777216"
    "memorysetup-profiler-editor-allocator-block-size=1048576"
    "memorysetup-temp-allocator-size-main=16777216"
    "memorysetup-job-temp-allocator-block-size=2097152"
    "memorysetup-job-temp-allocator-block-size-background=1048576"
    "memorysetup-job-temp-allocator-reduction-small-platforms=262144"
    "memorysetup-temp-allocator-size-background-worker=32768"
    "memorysetup-temp-allocator-size-job-worker=262144"
    "memorysetup-temp-allocator-size-preload-manager=33554432"
    "memorysetup-temp-allocator-size-nav-mesh-worker=65536"
    "memorysetup-temp-allocator-size-audio-worker=65536"
    "memorysetup-temp-allocator-size-cloud-worker=32768"
    "memorysetup-temp-allocator-size-gi-baking-worker=262144"
    "memorysetup-temp-allocator-size-gfx=262144"
Refreshing native plugins compatible for Editor in 111.39 ms, found 3 plugins.
Preloading 0 native plugins for Editor in 0.00 ms.
Initialize engine version: 2021.3.10f1 (1c7d0df0160b)
[Subsystems] Discovering subsystems at path C:/Program Files/Unity/Hub/Editor/2021.3.10f1/Editor/Data/Resources/UnitySubsystems
[Subsystems] Discovering subsystems at path C:/Development/MiniProject-Noah/MiniProject/Assets
GfxDevice: creating device client; threaded=0; jobified=0
Direct3D:
    Version:  Direct3D 11.0 [level 11.1]
    Renderer: AMD Radeon RX 5700 XT (ID=0x731f)
    Vendor:   ATI
    VRAM:     8151 MB
    Driver:   31.0.12027.2005
Initialize mono
Mono path[0] = 'C:/Program Files/Unity/Hub/Editor/2021.3.10f1/Editor/Data/Managed'
Mono path[1] = 'C:/Program Files/Unity/Hub/Editor/2021.3.10f1/Editor/Data/MonoBleedingEdge/lib/mono/unityjit-win32'
Mono config path = 'C:/Program Files/Unity/Hub/Editor/2021.3.10f1/Editor/Data/MonoBleedingEdge/etc'
Using monoOptions --debugger-agent=transport=dt_socket,embedding=1,server=y,suspend=n,address=127.0.0.1:56800
Begin MonoManager ReloadAssembly
Registering precompiled unity dll's ...
Register platform support module: C:/Program Files/Unity/Hub/Editor/2021.3.10f1/Editor/Data/PlaybackEngines/AndroidPlayer/UnityEditor.Android.Extensions.dll
Register platform support module: C:/Program Files/Unity/Hub/Editor/2021.3.10f1/Editor/Data/PlaybackEngines/iOSSupport/UnityEditor.iOS.Extensions.dll
Register platform support module: C:/Program Files/Unity/Hub/Editor/2021.3.10f1/Editor/Data/PlaybackEngines/WindowsStandaloneSupport/UnityEditor.WindowsStandalone.Extensions.dll
Registered in 0.007579 seconds.
Native extension for WindowsStandalone target not found
[usbmuxd] Start listen thread
[usbmuxd] Listen thread started
Native extension for iOS target not found
Native extension for Android target not found
Refreshing native plugins compatible for Editor in 114.17 ms, found 3 plugins.
Preloading 0 native plugins for Editor in 0.00 ms.
Mono: successfully reloaded assembly
- Completed reload, in  0.820 seconds
Domain Reload Profiling:
	ReloadAssembly (821ms)
		BeginReloadAssembly (102ms)
			ExecutionOrderSort (0ms)
			DisableScriptedObjects (0ms)
			BackupInstance (0ms)
			ReleaseScriptingObjects (0ms)
			CreateAndSetChildDomain (1ms)
		EndReloadAssembly (596ms)
			LoadAssemblies (99ms)
			RebuildTransferFunctionScriptingTraits (0ms)
			SetupTypeCache (132ms)
			ReleaseScriptCaches (0ms)
			RebuildScriptCaches (39ms)
			SetupLoadedEditorAssemblies (366ms)
				LogAssemblyErrors (0ms)
				InitializePlatformSupportModulesInManaged (75ms)
				SetLoadedEditorAssemblies (0ms)
				RefreshPlugins (114ms)
				BeforeProcessingInitializeOnLoad (2ms)
				ProcessInitializeOnLoadAttributes (127ms)
				ProcessInitializeOnLoadMethodAttributes (48ms)
				AfterProcessingInitializeOnLoad (0ms)
				EditorAssembliesLoaded (0ms)
			ExecutionOrderSort2 (0ms)
			AwakeInstancesAfterBackupRestoration (0ms)
Platform modules already initialized, skipping
Registering precompiled user dll's ...
Registered in 0.007339 seconds.
Begin MonoManager ReloadAssembly
Symbol file LoadedFromMemory doesn't match image C:\Development\MiniProject-Noah\MiniProject\Library\PackageCache\com.unity.visualscripting@1.7.8\Editor\VisualScripting.Core\Dependencies\YamlDotNet\Unity.VisualScripting.YamlDotNet.dll
Symbol file LoadedFromMemory doesn't match image C:\Development\MiniProject-Noah\MiniProject\Library\PackageCache\com.unity.visualscripting@1.7.8\Editor\VisualScripting.Core\Dependencies\DotNetZip\Unity.VisualScripting.IonicZip.dll
Native extension for WindowsStandalone target not found
Native extension for iOS target not found
Native extension for Android target not found
Refreshing native plugins compatible for Editor in 1.07 ms, found 3 plugins.
Preloading 0 native plugins for Editor in 0.00 ms.
Mono: successfully reloaded assembly
- Completed reload, in  1.096 seconds
Domain Reload Profiling:
	ReloadAssembly (1097ms)
		BeginReloadAssembly (241ms)
			ExecutionOrderSort (0ms)
			DisableScriptedObjects (5ms)
			BackupInstance (0ms)
			ReleaseScriptingObjects (0ms)
			CreateAndSetChildDomain (138ms)
		EndReloadAssembly (753ms)
			LoadAssemblies (107ms)
			RebuildTransferFunctionScriptingTraits (0ms)
			SetupTypeCache (227ms)
			ReleaseScriptCaches (1ms)
			RebuildScriptCaches (47ms)
			SetupLoadedEditorAssemblies (360ms)
				LogAssemblyErrors (0ms)
				InitializePlatformSupportModulesInManaged (21ms)
				SetLoadedEditorAssemblies (0ms)
				RefreshPlugins (1ms)
				BeforeProcessingInitializeOnLoad (85ms)
				ProcessInitializeOnLoadAttributes (219ms)
				ProcessInitializeOnLoadMethodAttributes (26ms)
				AfterProcessingInitializeOnLoad (8ms)
				EditorAssembliesLoaded (0ms)
			ExecutionOrderSort2 (0ms)
			AwakeInstancesAfterBackupRestoration (5ms)
Platform modules already initialized, skipping
========================================================================
Worker process is ready to serve import requests
Launched and connected shader compiler UnityShaderCompiler.exe after 0.07 seconds
Refreshing native plugins compatible for Editor in 1.04 ms, found 3 plugins.
Preloading 0 native plugins for Editor in 0.00 ms.
Unloading 3383 Unused Serialized files (Serialized files now loaded: 0)
Unloading 27 unused Assets / (113.9 KB). Loaded Objects now: 3861.
Memory consumption went from 131.6 MB to 131.5 MB.
Total: 3.734800 ms (FindLiveObjects: 0.509900 ms CreateObjectMapping: 0.112100 ms MarkObjects: 2.966600 ms  DeleteObjects: 0.145000 ms)

AssetImportParameters requested are different than current active one (requested -> active):
  custom:video-decoder-ogg-theora: a1e56fd34408186e4bbccfd4996cb3dc -> 
  custom:container-muxer-webm: aa71ff27fc2769a1b78a27578f13a17b -> 
  custom:container-demuxer-webm: 4f35f7cbe854078d1ac9338744f61a02 -> 
  custom:video-encoder-webm-vp8: eb34c28f22e8b96e1ab97ce403110664 -> 
  custom:audio-encoder-webm-vorbis: bf7c407c2cedff20999df2af8eb42d56 -> 
  custom:framework-win-MediaFoundation: 216162199b28c13a410421893ffa2e32 -> 
  custom:container-demuxer-ogg: 62fdf1f143b41e24485cea50d1cbac27 -> 
  custom:video-decoder-webm-vp8: 9c59270c3fd7afecdb556c50c9e8de78 -> 
  custom:audio-decoder-ogg-vorbis: bf7c407c2cedff20999df2af8eb42d56 -> 
========================================================================
Received Import Request.
  Time since last request: 174116.466972 seconds.
  path: Assets/PolygonDungeon/Prefabs/Environments/Floors/SM_Env_GroundMound_01.prefab
  artifactKey: Guid(e2f6b94a6a616c64db9403bafd31e00a) Importer(815301076,1909f56bfc062723c751e8b465ee728b)
Start importing Assets/PolygonDungeon/Prefabs/Environments/Floors/SM_Env_GroundMound_01.prefab using Guid(e2f6b94a6a616c64db9403bafd31e00a) Importer(815301076,1909f56bfc062723c751e8b465ee728b)  -> (artifact id: 'b4273f4a2a7697022799d386ad5521ce') in 0.188754 seconds 
========================================================================
Received Import Request.
  Time since last request: 0.000039 seconds.
  path: Assets/PolygonDungeon/Prefabs/Environments/Floors/SM_Env_Tiles_04.prefab
  artifactKey: Guid(9e2131326fc97464987f58ebcb08832a) Importer(815301076,1909f56bfc062723c751e8b465ee728b)
Start importing Assets/PolygonDungeon/Prefabs/Environments/Floors/SM_Env_Tiles_04.prefab using Guid(9e2131326fc97464987f58ebcb08832a) Importer(815301076,1909f56bfc062723c751e8b465ee728b)  -> (artifact id: '592b10bb53c6239bbac23cdbe35e8173') in 0.052837 seconds 
========================================================================
Received Import Request.
  Time since last request: 0.000072 seconds.
  path: Assets/PolygonDungeon/Prefabs/Environments/Floors/SM_Env_GroundMound_Rough_Edge_01.prefab
  artifactKey: Guid(6b009651663767f4ca596a0e7568df45) Importer(815301076,1909f56bfc062723c751e8b465ee728b)
Start importing Assets/PolygonDungeon/Prefabs/Environments/Floors/SM_Env_GroundMound_Rough_Edge_01.prefab using Guid(6b009651663767f4ca596a0e7568df45) Importer(815301076,1909f56bfc062723c751e8b465ee728b)  -> (artifact id: '8f7925b26ae3f8ce846377284b2ed064') in 0.039299 seconds 
========================================================================
Received Import Request.
  Time since last request: 0.000062 seconds.
  path: Assets/PolygonDungeon/Prefabs/Environments/Floors/SM_Env_Tile_Simple_01.prefab
  artifactKey: Guid(c4c2f2cd68566504d841b2fcd72704a6) Importer(815301076,1909f56bfc062723c751e8b465ee728b)
Start importing Assets/PolygonDungeon/Prefabs/Environments/Floors/SM_Env_Tile_Simple_01.prefab using Guid(c4c2f2cd68566504d841b2fcd72704a6) Importer(815301076,1909f56bfc062723c751e8b465ee728b)  -> (artifact id: '03842cfc3b5e6c54ea775012698ead03') in 0.042146 seconds 
========================================================================
Received Import Request.
  Time since last request: 0.000094 seconds.
  path: Assets/PolygonDungeon/Prefabs/Environments/Floors/SM_Env_Sewer_Canal_Drain_02.prefab
  artifactKey: Guid(68e9e12ae51ac83479815ad4e10a8a71) Importer(815301076,1909f56bfc062723c751e8b465ee728b)
Start importing Assets/PolygonDungeon/Prefabs/Environments/Floors/SM_Env_Sewer_Canal_Drain_02.prefab using Guid(68e9e12ae51ac83479815ad4e10a8a71) Importer(815301076,1909f56bfc062723c751e8b465ee728b)  -> (artifact id: '1cd2a7e24a73546c5fd5b4ae6e74f343') in 0.047636 seconds 
========================================================================
Received Import Request.
  Time since last request: 0.000051 seconds.
  path: Assets/PolygonDungeon/Prefabs/Environments/Floors/SM_Env_Sewer_Water_01.prefab
  artifactKey: Guid(11584a00ddf0d8645861ef68ab28d55b) Importer(815301076,1909f56bfc062723c751e8b465ee728b)
Start importing Assets/PolygonDungeon/Prefabs/Environments/Floors/SM_Env_Sewer_Water_01.prefab using Guid(11584a00ddf0d8645861ef68ab28d55b) Importer(815301076,1909f56bfc062723c751e8b465ee728b)  -> (artifact id: 'bbe6a849e1e1f5591a5fc70961952fd9') in 0.267575 seconds 
========================================================================
Received Import Request.
  Time since last request: 10.176609 seconds.
  path: Assets/PolygonDungeon/Prefabs/Environments/Pillars/SM_Env_Pillar_Round_01.prefab
  artifactKey: Guid(b83206f9ae850f24dae2564d16c0fa60) Importer(815301076,1909f56bfc062723c751e8b465ee728b)
Start importing Assets/PolygonDungeon/Prefabs/Environments/Pillars/SM_Env_Pillar_Round_01.prefab using Guid(b83206f9ae850f24dae2564d16c0fa60) Importer(815301076,1909f56bfc062723c751e8b465ee728b)  -> (artifact id: '4a2082bf17b5694b26a8ece5be0f88b7') in 0.040985 seconds 
========================================================================
Received Import Request.
  Time since last request: 0.000080 seconds.
  path: Assets/PolygonDungeon/Prefabs/Environments/Pillars/SM_Env_Pillar_Round_Simple_03.prefab
  artifactKey: Guid(7779d84bca4e95b43a2e3232298a0aa5) Importer(815301076,1909f56bfc062723c751e8b465ee728b)
Start importing Assets/PolygonDungeon/Prefabs/Environments/Pillars/SM_Env_Pillar_Round_Simple_03.prefab using Guid(7779d84bca4e95b43a2e3232298a0aa5) Importer(815301076,1909f56bfc062723c751e8b465ee728b)  -> (artifact id: '05b949750ab12eb1e398b9c638b2d864') in 0.037960 seconds 
========================================================================
Received Import Request.
  Time since last request: 0.000077 seconds.
  path: Assets/PolygonDungeon/Prefabs/Environments/Pillars/SM_Env_Pillar_Square_07.prefab
  artifactKey: Guid(50b577ad3d2a6004688e49fa6302af99) Importer(815301076,1909f56bfc062723c751e8b465ee728b)
Start importing Assets/PolygonDungeon/Prefabs/Environments/Pillars/SM_Env_Pillar_Square_07.prefab using Guid(50b577ad3d2a6004688e49fa6302af99) Importer(815301076,1909f56bfc062723c751e8b465ee728b)  -> (artifact id: '2550d3e207ac605a6f01dbbaf43876bf') in 0.045487 seconds 
========================================================================
Received Import Request.
  Time since last request: 0.000117 seconds.
  path: Assets/PolygonDungeon/Prefabs/Environments/Pillars/SM_Env_Pillar_Square_04.prefab
  artifactKey: Guid(b9df347d000fcc54c882316bb7a99265) Importer(815301076,1909f56bfc062723c751e8b465ee728b)
Start importing Assets/PolygonDungeon/Prefabs/Environments/Pillars/SM_Env_Pillar_Square_04.prefab using Guid(b9df347d000fcc54c882316bb7a99265) Importer(815301076,1909f56bfc062723c751e8b465ee728b)  -> (artifact id: '486dde2ae52e9250ce5565738c91adbc') in 0.028677 seconds 
========================================================================
Received Import Request.
  Time since last request: 44.562969 seconds.
  path: Assets/PolygonDungeon/Materials/Dungeons_Material_Characters_01.mat
  artifactKey: Guid(1a64cf0a23f83924f9debcb452685f6f) Importer(815301076,1909f56bfc062723c751e8b465ee728b)
Start importing Assets/PolygonDungeon/Materials/Dungeons_Material_Characters_01.mat using Guid(1a64cf0a23f83924f9debcb452685f6f) Importer(815301076,1909f56bfc062723c751e8b465ee728b)  -> (artifact id: 'ea7fcbfadf5d43fd0d1acbbbbd7c7de7') in 0.035225 seconds 
Editor requested this worker to shutdown with reason: Scaling down because of idle timeout
AssetImportWorker is now disconnected from the server
Process exiting
Exiting without the bug reporter. Application will terminate with return code 0