Using pre-set license
Built from '2021.3/staging' branch; Version is '2021.3.10f1 (1c7d0df0160b) revision 1867021'; Using compiler version '192829333'; Build Type 'Release'
OS: 'Windows 11  (10.0.22000) 64bit Core' Language: 'en' Physical Memory: 16282 MB
BatchMode: 1, IsHumanControllingUs: 0, StartBugReporterOnCrash: 0, Is64bit: 1, IsPro: 1

COMMAND LINE ARGUMENTS:
C:\Program Files\Unity\Hub\Editor\2021.3.10f1\Editor\Unity.exe
-adb2
-batchMode
-noUpm
-name
AssetImportWorker0
-projectPath
C:/Development/MiniProject-Noah/MiniProject
-logFile
Logs/AssetImportWorker0.log
-srvPort
52259
Successfully changed project path to: C:/Development/MiniProject-Noah/MiniProject
C:/Development/MiniProject-Noah/MiniProject
[UnityMemory] Configuration Parameters - Can be set up in boot.config
    "memorysetup-bucket-allocator-granularity=16"
    "memorysetup-bucket-allocator-bucket-count=8"
    "memorysetup-bucket-allocator-block-size=33554432"
    "memorysetup-bucket-allocator-block-count=8"
    "memorysetup-main-allocator-block-size=16777216"
    "memorysetup-thread-allocator-block-size=16777216"
    "memorysetup-gfx-main-allocator-block-size=16777216"
    "memorysetup-gfx-thread-allocator-block-size=16777216"
    "memorysetup-cache-allocator-block-size=4194304"
    "memorysetup-typetree-allocator-block-size=2097152"
    "memorysetup-profiler-bucket-allocator-granularity=16"
    "memorysetup-profiler-bucket-allocator-bucket-count=8"
    "memorysetup-profiler-bucket-allocator-block-size=33554432"
    "memorysetup-profiler-bucket-allocator-block-count=8"
    "memorysetup-profiler-allocator-block-size=16777216"
    "memorysetup-profiler-editor-allocator-block-size=1048576"
    "memorysetup-temp-allocator-size-main=16777216"
    "memorysetup-job-temp-allocator-block-size=2097152"
    "memorysetup-job-temp-allocator-block-size-background=1048576"
    "memorysetup-job-temp-allocator-reduction-small-platforms=262144"
    "memorysetup-temp-allocator-size-background-worker=32768"
    "memorysetup-temp-allocator-size-job-worker=262144"
    "memorysetup-temp-allocator-size-preload-manager=33554432"
    "memorysetup-temp-allocator-size-nav-mesh-worker=65536"
    "memorysetup-temp-allocator-size-audio-worker=65536"
    "memorysetup-temp-allocator-size-cloud-worker=32768"
    "memorysetup-temp-allocator-size-gi-baking-worker=262144"
    "memorysetup-temp-allocator-size-gfx=262144"
Refreshing native plugins compatible for Editor in 141.59 ms, found 3 plugins.
Preloading 0 native plugins for Editor in 0.00 ms.
Initialize engine version: 2021.3.10f1 (1c7d0df0160b)
[Subsystems] Discovering subsystems at path C:/Program Files/Unity/Hub/Editor/2021.3.10f1/Editor/Data/Resources/UnitySubsystems
[Subsystems] Discovering subsystems at path C:/Development/MiniProject-Noah/MiniProject/Assets
GfxDevice: creating device client; threaded=0; jobified=0
Direct3D:
    Version:  Direct3D 11.0 [level 11.1]
    Renderer: NVIDIA GeForce RTX 2060 (ID=0x1f11)
    Vendor:   NVIDIA
    VRAM:     5980 MB
    Driver:   25.21.14.1759
Initialize mono
Mono path[0] = 'C:/Program Files/Unity/Hub/Editor/2021.3.10f1/Editor/Data/Managed'
Mono path[1] = 'C:/Program Files/Unity/Hub/Editor/2021.3.10f1/Editor/Data/MonoBleedingEdge/lib/mono/unityjit-win32'
Mono config path = 'C:/Program Files/Unity/Hub/Editor/2021.3.10f1/Editor/Data/MonoBleedingEdge/etc'
Using monoOptions --debugger-agent=transport=dt_socket,embedding=1,server=y,suspend=n,address=127.0.0.1:56508
Begin MonoManager ReloadAssembly
Registering precompiled unity dll's ...
Register platform support module: C:/Program Files/Unity/Hub/Editor/2021.3.10f1/Editor/Data/PlaybackEngines/WebGLSupport/UnityEditor.WebGL.Extensions.dll
Register platform support module: C:/Program Files/Unity/Hub/Editor/2021.3.10f1/Editor/Data/PlaybackEngines/WindowsStandaloneSupport/UnityEditor.WindowsStandalone.Extensions.dll
Registered in 0.005788 seconds.
Native extension for WindowsStandalone target not found
Native extension for WebGL target not found
Refreshing native plugins compatible for Editor in 145.65 ms, found 3 plugins.
Preloading 0 native plugins for Editor in 0.00 ms.
Mono: successfully reloaded assembly
- Completed reload, in  0.932 seconds
Domain Reload Profiling:
	ReloadAssembly (933ms)
		BeginReloadAssembly (85ms)
			ExecutionOrderSort (0ms)
			DisableScriptedObjects (0ms)
			BackupInstance (0ms)
			ReleaseScriptingObjects (0ms)
			CreateAndSetChildDomain (1ms)
		EndReloadAssembly (720ms)
			LoadAssemblies (83ms)
			RebuildTransferFunctionScriptingTraits (0ms)
			SetupTypeCache (126ms)
			ReleaseScriptCaches (0ms)
			RebuildScriptCaches (54ms)
			SetupLoadedEditorAssemblies (479ms)
				LogAssemblyErrors (0ms)
				InitializePlatformSupportModulesInManaged (11ms)
				SetLoadedEditorAssemblies (0ms)
				RefreshPlugins (146ms)
				BeforeProcessingInitializeOnLoad (1ms)
				ProcessInitializeOnLoadAttributes (255ms)
				ProcessInitializeOnLoadMethodAttributes (66ms)
				AfterProcessingInitializeOnLoad (0ms)
				EditorAssembliesLoaded (0ms)
			ExecutionOrderSort2 (0ms)
			AwakeInstancesAfterBackupRestoration (0ms)
Platform modules already initialized, skipping
Registering precompiled user dll's ...
Registered in 0.006530 seconds.
Begin MonoManager ReloadAssembly
Symbol file LoadedFromMemory doesn't match image C:\Development\MiniProject-Noah\MiniProject\Library\PackageCache\com.unity.visualscripting@1.7.8\Editor\VisualScripting.Core\Dependencies\YamlDotNet\Unity.VisualScripting.YamlDotNet.dll
Symbol file LoadedFromMemory doesn't match image C:\Development\MiniProject-Noah\MiniProject\Library\PackageCache\com.unity.visualscripting@1.7.8\Editor\VisualScripting.Core\Dependencies\DotNetZip\Unity.VisualScripting.IonicZip.dll
Native extension for WindowsStandalone target not found
Native extension for WebGL target not found
Refreshing native plugins compatible for Editor in 0.96 ms, found 3 plugins.
Preloading 0 native plugins for Editor in 0.00 ms.
Mono: successfully reloaded assembly
- Completed reload, in  1.315 seconds
Domain Reload Profiling:
	ReloadAssembly (1316ms)
		BeginReloadAssembly (136ms)
			ExecutionOrderSort (0ms)
			DisableScriptedObjects (7ms)
			BackupInstance (0ms)
			ReleaseScriptingObjects (0ms)
			CreateAndSetChildDomain (22ms)
		EndReloadAssembly (1036ms)
			LoadAssemblies (95ms)
			RebuildTransferFunctionScriptingTraits (0ms)
			SetupTypeCache (362ms)
			ReleaseScriptCaches (1ms)
			RebuildScriptCaches (69ms)
			SetupLoadedEditorAssemblies (443ms)
				LogAssemblyErrors (0ms)
				InitializePlatformSupportModulesInManaged (9ms)
				SetLoadedEditorAssemblies (1ms)
				RefreshPlugins (1ms)
				BeforeProcessingInitializeOnLoad (95ms)
				ProcessInitializeOnLoadAttributes (295ms)
				ProcessInitializeOnLoadMethodAttributes (36ms)
				AfterProcessingInitializeOnLoad (7ms)
				EditorAssembliesLoaded (0ms)
			ExecutionOrderSort2 (0ms)
			AwakeInstancesAfterBackupRestoration (7ms)
Platform modules already initialized, skipping
========================================================================
Worker process is ready to serve import requests
Launched and connected shader compiler UnityShaderCompiler.exe after 0.04 seconds
Refreshing native plugins compatible for Editor in 1.44 ms, found 3 plugins.
Preloading 0 native plugins for Editor in 0.00 ms.
Unloading 3433 Unused Serialized files (Serialized files now loaded: 0)
Unloading 25 unused Assets / (56.3 KB). Loaded Objects now: 3912.
Memory consumption went from 134.9 MB to 134.8 MB.
Total: 3.953900 ms (FindLiveObjects: 0.383800 ms CreateObjectMapping: 0.386100 ms MarkObjects: 3.040400 ms  DeleteObjects: 0.141900 ms)

AssetImportParameters requested are different than current active one (requested -> active):
  custom:video-decoder-ogg-theora: a1e56fd34408186e4bbccfd4996cb3dc -> 
  custom:container-muxer-webm: aa71ff27fc2769a1b78a27578f13a17b -> 
  custom:container-demuxer-webm: 4f35f7cbe854078d1ac9338744f61a02 -> 
  custom:video-encoder-webm-vp8: eb34c28f22e8b96e1ab97ce403110664 -> 
  custom:audio-encoder-webm-vorbis: bf7c407c2cedff20999df2af8eb42d56 -> 
  custom:framework-win-MediaFoundation: 216162199b28c13a410421893ffa2e32 -> 
  custom:container-demuxer-ogg: 62fdf1f143b41e24485cea50d1cbac27 -> 
  custom:video-decoder-webm-vp8: 9c59270c3fd7afecdb556c50c9e8de78 -> 
  custom:audio-decoder-ogg-vorbis: bf7c407c2cedff20999df2af8eb42d56 -> 
========================================================================
Received Import Request.
  Time since last request: 27692.946080 seconds.
  path: Assets/Scripts/Player/PlayerModel.cs
  artifactKey: Guid(6b67ffbbb9690e04b88931d2211394e2) Importer(815301076,1909f56bfc062723c751e8b465ee728b)
Start importing Assets/Scripts/Player/PlayerModel.cs using Guid(6b67ffbbb9690e04b88931d2211394e2) Importer(815301076,1909f56bfc062723c751e8b465ee728b)  -> (artifact id: '7132ca51ef30bf008ab1d31e2f79f94f') in 0.032493 seconds 
========================================================================
Received Import Request.
  Time since last request: 483.550678 seconds.
  path: Assets/Scripts/Player/PlayerModel.cs
  artifactKey: Guid(6b67ffbbb9690e04b88931d2211394e2) Importer(815301076,1909f56bfc062723c751e8b465ee728b)
Start importing Assets/Scripts/Player/PlayerModel.cs using Guid(6b67ffbbb9690e04b88931d2211394e2) Importer(815301076,1909f56bfc062723c751e8b465ee728b)  -> (artifact id: '6f7fcd3e9755553c622b2abd7473dd10') in 0.002747 seconds 
========================================================================
Received Prepare
Registering precompiled user dll's ...
Registered in 0.005077 seconds.
Begin MonoManager ReloadAssembly
Symbol file LoadedFromMemory doesn't match image C:\Development\MiniProject-Noah\MiniProject\Library\PackageCache\com.unity.visualscripting@1.7.8\Editor\VisualScripting.Core\Dependencies\YamlDotNet\Unity.VisualScripting.YamlDotNet.dll
Symbol file LoadedFromMemory doesn't match image C:\Development\MiniProject-Noah\MiniProject\Library\PackageCache\com.unity.visualscripting@1.7.8\Editor\VisualScripting.Core\Dependencies\DotNetZip\Unity.VisualScripting.IonicZip.dll
Native extension for WindowsStandalone target not found
Native extension for WebGL target not found
Refreshing native plugins compatible for Editor in 0.89 ms, found 3 plugins.
Preloading 0 native plugins for Editor in 0.00 ms.
Mono: successfully reloaded assembly
- Completed reload, in  1.015 seconds
Domain Reload Profiling:
	ReloadAssembly (1015ms)
		BeginReloadAssembly (137ms)
			ExecutionOrderSort (0ms)
			DisableScriptedObjects (6ms)
			BackupInstance (0ms)
			ReleaseScriptingObjects (0ms)
			CreateAndSetChildDomain (38ms)
		EndReloadAssembly (778ms)
			LoadAssemblies (78ms)
			RebuildTransferFunctionScriptingTraits (0ms)
			SetupTypeCache (288ms)
			ReleaseScriptCaches (1ms)
			RebuildScriptCaches (46ms)
			SetupLoadedEditorAssemblies (313ms)
				LogAssemblyErrors (0ms)
				InitializePlatformSupportModulesInManaged (13ms)
				SetLoadedEditorAssemblies (0ms)
				RefreshPlugins (1ms)
				BeforeProcessingInitializeOnLoad (60ms)
				ProcessInitializeOnLoadAttributes (206ms)
				ProcessInitializeOnLoadMethodAttributes (26ms)
				AfterProcessingInitializeOnLoad (6ms)
				EditorAssembliesLoaded (0ms)
			ExecutionOrderSort2 (0ms)
			AwakeInstancesAfterBackupRestoration (6ms)
Platform modules already initialized, skipping
Refreshing native plugins compatible for Editor in 2.02 ms, found 3 plugins.
Preloading 0 native plugins for Editor in 0.00 ms.
Unloading 3413 Unused Serialized files (Serialized files now loaded: 0)
Unloading 18 unused Assets / (24.6 KB). Loaded Objects now: 3915.
Memory consumption went from 133.3 MB to 133.3 MB.
Total: 3.235900 ms (FindLiveObjects: 0.253400 ms CreateObjectMapping: 0.158900 ms MarkObjects: 2.793200 ms  DeleteObjects: 0.029100 ms)

AssetImportParameters requested are different than current active one (requested -> active):
  custom:video-decoder-ogg-theora: a1e56fd34408186e4bbccfd4996cb3dc -> 
  custom:container-muxer-webm: aa71ff27fc2769a1b78a27578f13a17b -> 
  custom:container-demuxer-webm: 4f35f7cbe854078d1ac9338744f61a02 -> 
  custom:video-encoder-webm-vp8: eb34c28f22e8b96e1ab97ce403110664 -> 
  custom:audio-encoder-webm-vorbis: bf7c407c2cedff20999df2af8eb42d56 -> 
  custom:framework-win-MediaFoundation: 216162199b28c13a410421893ffa2e32 -> 
  custom:container-demuxer-ogg: 62fdf1f143b41e24485cea50d1cbac27 -> 
  custom:video-decoder-webm-vp8: 9c59270c3fd7afecdb556c50c9e8de78 -> 
  custom:audio-decoder-ogg-vorbis: bf7c407c2cedff20999df2af8eb42d56 -> 
========================================================================
Received Import Request.
  Time since last request: 118.728312 seconds.
  path: Assets/Audio/PlayerSounds
  artifactKey: Guid(1c18dc191daece641baad86f7029885c) Importer(815301076,1909f56bfc062723c751e8b465ee728b)
Start importing Assets/Audio/PlayerSounds using Guid(1c18dc191daece641baad86f7029885c) Importer(815301076,1909f56bfc062723c751e8b465ee728b)  -> (artifact id: '8b1c798a3fbc770a5070c66e1fde8e1b') in 0.010363 seconds 
========================================================================
Received Import Request.
  Time since last request: 13.381281 seconds.
  path: Assets/Packages/Ultimate SFX Bundle - HD Remaster/Fight sounds - HD Remake
  artifactKey: Guid(4df243497170b0b498c6ce38be2a3ad0) Importer(815301076,1909f56bfc062723c751e8b465ee728b)
Start importing Assets/Packages/Ultimate SFX Bundle - HD Remaster/Fight sounds - HD Remake using Guid(4df243497170b0b498c6ce38be2a3ad0) Importer(815301076,1909f56bfc062723c751e8b465ee728b)  -> (artifact id: '856f3062b18db7c54945f85024769ec4') in 0.006554 seconds 
========================================================================
Received Import Request.
  Time since last request: 0.047937 seconds.
  path: Assets/Packages/Ultimate SFX Bundle - HD Remaster/Fight sounds - HD Remake/Body Drop 1.wav
  artifactKey: Guid(ab79b585b82d8314fab0d87681298671) Importer(815301076,1909f56bfc062723c751e8b465ee728b)
Start importing Assets/Packages/Ultimate SFX Bundle - HD Remaster/Fight sounds - HD Remake/Body Drop 1.wav using Guid(ab79b585b82d8314fab0d87681298671) Importer(815301076,1909f56bfc062723c751e8b465ee728b)  -> (artifact id: '0b97d2736d9fbaf70cb75efecfb3cbcb') in 0.181738 seconds 
========================================================================
Received Import Request.
  Time since last request: 0.000031 seconds.
  path: Assets/Packages/Ultimate SFX Bundle - HD Remaster/Fight sounds - HD Remake/Heavy Game Punch 2.wav
  artifactKey: Guid(0c4ad2d36468ec2418a237657301b85a) Importer(815301076,1909f56bfc062723c751e8b465ee728b)
Start importing Assets/Packages/Ultimate SFX Bundle - HD Remaster/Fight sounds - HD Remake/Heavy Game Punch 2.wav using Guid(0c4ad2d36468ec2418a237657301b85a) Importer(815301076,1909f56bfc062723c751e8b465ee728b)  -> (artifact id: 'd312fc5863f3e8e679cb3a323b998dda') in 0.025220 seconds 
========================================================================
Received Import Request.
  Time since last request: 0.000040 seconds.
  path: Assets/Packages/Ultimate SFX Bundle - HD Remaster/Fight sounds - HD Remake/Game Punch (8).wav
  artifactKey: Guid(3d87441acb6e7f348a24c4efda75f6d8) Importer(815301076,1909f56bfc062723c751e8b465ee728b)
Start importing Assets/Packages/Ultimate SFX Bundle - HD Remaster/Fight sounds - HD Remake/Game Punch (8).wav using Guid(3d87441acb6e7f348a24c4efda75f6d8) Importer(815301076,1909f56bfc062723c751e8b465ee728b)  -> (artifact id: 'eb10647444f310e6a23e868e06d417fd') in 0.027408 seconds 
========================================================================
Received Import Request.
  Time since last request: 0.000032 seconds.
  path: Assets/Packages/Ultimate SFX Bundle - HD Remaster/Fight sounds - HD Remake/Heavy Game Punch 5.wav
  artifactKey: Guid(674d24d7cd097a94982b8a71c746fb60) Importer(815301076,1909f56bfc062723c751e8b465ee728b)
Start importing Assets/Packages/Ultimate SFX Bundle - HD Remaster/Fight sounds - HD Remake/Heavy Game Punch 5.wav using Guid(674d24d7cd097a94982b8a71c746fb60) Importer(815301076,1909f56bfc062723c751e8b465ee728b)  -> (artifact id: '2596cd7a780924dd02ff1046860a0dca') in 0.028978 seconds 
========================================================================
Received Import Request.
  Time since last request: 0.000024 seconds.
  path: Assets/Packages/Ultimate SFX Bundle - HD Remaster/Fight sounds - HD Remake/Game Punch (6).wav
  artifactKey: Guid(c1ba75a694aeed44395a87e3eb2e42cb) Importer(815301076,1909f56bfc062723c751e8b465ee728b)
Start importing Assets/Packages/Ultimate SFX Bundle - HD Remaster/Fight sounds - HD Remake/Game Punch (6).wav using Guid(c1ba75a694aeed44395a87e3eb2e42cb) Importer(815301076,1909f56bfc062723c751e8b465ee728b)  -> (artifact id: '304ceee37d72e5d1a60bd4cbbfce2566') in 0.025815 seconds 
========================================================================
Received Import Request.
  Time since last request: 0.000029 seconds.
  path: Assets/Packages/Ultimate SFX Bundle - HD Remaster/Fight sounds - HD Remake/Heavy Game Kick 2.wav
  artifactKey: Guid(9f7d9a711ddce674caa70f09ffda35b4) Importer(815301076,1909f56bfc062723c751e8b465ee728b)
Start importing Assets/Packages/Ultimate SFX Bundle - HD Remaster/Fight sounds - HD Remake/Heavy Game Kick 2.wav using Guid(9f7d9a711ddce674caa70f09ffda35b4) Importer(815301076,1909f56bfc062723c751e8b465ee728b)  -> (artifact id: 'a77b0c81d09ce803b97356e03a8de9b2') in 0.032138 seconds 
========================================================================
Received Import Request.
  Time since last request: 0.000021 seconds.
  path: Assets/Packages/Ultimate SFX Bundle - HD Remaster/Fight sounds - HD Remake/Heavy Game Punch 3.wav
  artifactKey: Guid(a0459b8830592e447bcbdf41849e3835) Importer(815301076,1909f56bfc062723c751e8b465ee728b)
Start importing Assets/Packages/Ultimate SFX Bundle - HD Remaster/Fight sounds - HD Remake/Heavy Game Punch 3.wav using Guid(a0459b8830592e447bcbdf41849e3835) Importer(815301076,1909f56bfc062723c751e8b465ee728b)  -> (artifact id: 'cfb3d7e71cc357dfe3bc509a065f2523') in 0.027391 seconds 
========================================================================
Received Import Request.
  Time since last request: 0.000018 seconds.
  path: Assets/Packages/Ultimate SFX Bundle - HD Remaster/Fight sounds - HD Remake/Game Punch (9).wav
  artifactKey: Guid(3723e9d8f859621479aa415b910b6df3) Importer(815301076,1909f56bfc062723c751e8b465ee728b)
Start importing Assets/Packages/Ultimate SFX Bundle - HD Remaster/Fight sounds - HD Remake/Game Punch (9).wav using Guid(3723e9d8f859621479aa415b910b6df3) Importer(815301076,1909f56bfc062723c751e8b465ee728b)  -> (artifact id: '3c3c69f377a144cfdd4d8cf0723fdf5e') in 0.027144 seconds 
========================================================================
Received Import Request.
  Time since last request: 0.000024 seconds.
  path: Assets/Packages/Ultimate SFX Bundle - HD Remaster/Fight sounds - HD Remake/Heavy Game Punch 9.wav
  artifactKey: Guid(6e3649a6e8b1ee64ba5a993ea64d9b96) Importer(815301076,1909f56bfc062723c751e8b465ee728b)
Start importing Assets/Packages/Ultimate SFX Bundle - HD Remaster/Fight sounds - HD Remake/Heavy Game Punch 9.wav using Guid(6e3649a6e8b1ee64ba5a993ea64d9b96) Importer(815301076,1909f56bfc062723c751e8b465ee728b)  -> (artifact id: 'd2338a6af7d6a806d716bc5db8285bab') in 0.027946 seconds 
========================================================================
Received Import Request.
  Time since last request: 0.000037 seconds.
  path: Assets/Packages/Ultimate SFX Bundle - HD Remaster/Fight sounds - HD Remake/Game Kick 1.wav
  artifactKey: Guid(63a5422c6431cb548a31775ca71dea20) Importer(815301076,1909f56bfc062723c751e8b465ee728b)
Start importing Assets/Packages/Ultimate SFX Bundle - HD Remaster/Fight sounds - HD Remake/Game Kick 1.wav using Guid(63a5422c6431cb548a31775ca71dea20) Importer(815301076,1909f56bfc062723c751e8b465ee728b)  -> (artifact id: '5a5e6d033f0916049ccbb0256cf22b8f') in 0.030090 seconds 
========================================================================
Received Import Request.
  Time since last request: 0.000026 seconds.
  path: Assets/Packages/Ultimate SFX Bundle - HD Remaster/Fight sounds - HD Remake/Game Punch (13).wav
  artifactKey: Guid(f6d4629ac52b3894c8c27986ad3fe8dd) Importer(815301076,1909f56bfc062723c751e8b465ee728b)
Start importing Assets/Packages/Ultimate SFX Bundle - HD Remaster/Fight sounds - HD Remake/Game Punch (13).wav using Guid(f6d4629ac52b3894c8c27986ad3fe8dd) Importer(815301076,1909f56bfc062723c751e8b465ee728b)  -> (artifact id: 'ae9fedbd5fabae76c9c53bd998cd6957') in 0.026871 seconds 
========================================================================
Received Import Request.
  Time since last request: 0.000035 seconds.
  path: Assets/Packages/Ultimate SFX Bundle - HD Remaster/Fight sounds - HD Remake/Game Punch (1).wav
  artifactKey: Guid(71fd5b8d4d7e0c54395983805c6a63b1) Importer(815301076,1909f56bfc062723c751e8b465ee728b)
Start importing Assets/Packages/Ultimate SFX Bundle - HD Remaster/Fight sounds - HD Remake/Game Punch (1).wav using Guid(71fd5b8d4d7e0c54395983805c6a63b1) Importer(815301076,1909f56bfc062723c751e8b465ee728b)  -> (artifact id: 'af8f26db6b568875db203d68cf6d0550') in 0.023658 seconds 
========================================================================
Received Import Request.
  Time since last request: 0.000027 seconds.
  path: Assets/Packages/Ultimate SFX Bundle - HD Remaster/Fight sounds - HD Remake/Game Punch (5).wav
  artifactKey: Guid(a8d593e94a683164088c10bb9949554f) Importer(815301076,1909f56bfc062723c751e8b465ee728b)
Start importing Assets/Packages/Ultimate SFX Bundle - HD Remaster/Fight sounds - HD Remake/Game Punch (5).wav using Guid(a8d593e94a683164088c10bb9949554f) Importer(815301076,1909f56bfc062723c751e8b465ee728b)  -> (artifact id: '0171e94617373513d324f80a5577acdd') in 0.031149 seconds 
========================================================================
Received Import Request.
  Time since last request: 0.000027 seconds.
  path: Assets/Packages/Ultimate SFX Bundle - HD Remaster/Fight sounds - HD Remake/Heavy Game Punch 10.wav
  artifactKey: Guid(5a3ddd0b4dda4a94ea48d5ab76445fa1) Importer(815301076,1909f56bfc062723c751e8b465ee728b)
Start importing Assets/Packages/Ultimate SFX Bundle - HD Remaster/Fight sounds - HD Remake/Heavy Game Punch 10.wav using Guid(5a3ddd0b4dda4a94ea48d5ab76445fa1) Importer(815301076,1909f56bfc062723c751e8b465ee728b)  -> (artifact id: '975c1e04b555872be57061352ea384a8') in 0.032220 seconds 
========================================================================
Received Import Request.
  Time since last request: 0.000032 seconds.
  path: Assets/Packages/Ultimate SFX Bundle - HD Remaster/Fight sounds - HD Remake/Heavy Game Punch 6.wav
  artifactKey: Guid(1d6989962f69d4c4487cbeb7dd67397f) Importer(815301076,1909f56bfc062723c751e8b465ee728b)
Start importing Assets/Packages/Ultimate SFX Bundle - HD Remaster/Fight sounds - HD Remake/Heavy Game Punch 6.wav using Guid(1d6989962f69d4c4487cbeb7dd67397f) Importer(815301076,1909f56bfc062723c751e8b465ee728b)  -> (artifact id: '48e375fa2261cb406a023bc0b289e3fa') in 0.024742 seconds 
========================================================================
Received Import Request.
  Time since last request: 0.000097 seconds.
  path: Assets/Packages/Ultimate SFX Bundle - HD Remaster/Fight sounds - HD Remake/Heavy Game Punch 1.wav
  artifactKey: Guid(b16ab8f4ea8112b448f7f74e762fd771) Importer(815301076,1909f56bfc062723c751e8b465ee728b)
Start importing Assets/Packages/Ultimate SFX Bundle - HD Remaster/Fight sounds - HD Remake/Heavy Game Punch 1.wav using Guid(b16ab8f4ea8112b448f7f74e762fd771) Importer(815301076,1909f56bfc062723c751e8b465ee728b)  -> (artifact id: '726d9fb63293bb731f8688d4b5fd2b18') in 0.025192 seconds 
========================================================================
Received Import Request.
  Time since last request: 0.000039 seconds.
  path: Assets/Packages/Ultimate SFX Bundle - HD Remaster/Fight sounds - HD Remake/Heavy Game Punch 7.wav
  artifactKey: Guid(d445ea03067ded84990f70d297ffce26) Importer(815301076,1909f56bfc062723c751e8b465ee728b)
Start importing Assets/Packages/Ultimate SFX Bundle - HD Remaster/Fight sounds - HD Remake/Heavy Game Punch 7.wav using Guid(d445ea03067ded84990f70d297ffce26) Importer(815301076,1909f56bfc062723c751e8b465ee728b)  -> (artifact id: 'e5bb6ab4a2898cee9690b3fc45513306') in 0.026559 seconds 
========================================================================
Received Import Request.
  Time since last request: 0.000026 seconds.
  path: Assets/Packages/Ultimate SFX Bundle - HD Remaster/Fight sounds - HD Remake/Body Drop 5.wav
  artifactKey: Guid(2c5a5a13e8e6ba843bc770263f7ffaad) Importer(815301076,1909f56bfc062723c751e8b465ee728b)
Start importing Assets/Packages/Ultimate SFX Bundle - HD Remaster/Fight sounds - HD Remake/Body Drop 5.wav using Guid(2c5a5a13e8e6ba843bc770263f7ffaad) Importer(815301076,1909f56bfc062723c751e8b465ee728b)  -> (artifact id: '006989e892193e5a41ef0ae6b1c28b34') in 0.027914 seconds 
========================================================================
Received Import Request.
  Time since last request: 0.000035 seconds.
  path: Assets/Packages/Ultimate SFX Bundle - HD Remaster/Fight sounds - HD Remake/Game Punch (17).wav
  artifactKey: Guid(be79177ae9b549a4db8788301f589b32) Importer(815301076,1909f56bfc062723c751e8b465ee728b)
Start importing Assets/Packages/Ultimate SFX Bundle - HD Remaster/Fight sounds - HD Remake/Game Punch (17).wav using Guid(be79177ae9b549a4db8788301f589b32) Importer(815301076,1909f56bfc062723c751e8b465ee728b)  -> (artifact id: '902f3e2ff468dc3e1dcc7cbebce456ec') in 0.027381 seconds 
========================================================================
Received Import Request.
  Time since last request: 0.000027 seconds.
  path: Assets/Packages/Ultimate SFX Bundle - HD Remaster/Fight sounds - HD Remake/Grunt 2.wav
  artifactKey: Guid(3f96985874e9aa44c9669ff7f2f145b0) Importer(815301076,1909f56bfc062723c751e8b465ee728b)
Start importing Assets/Packages/Ultimate SFX Bundle - HD Remaster/Fight sounds - HD Remake/Grunt 2.wav using Guid(3f96985874e9aa44c9669ff7f2f145b0) Importer(815301076,1909f56bfc062723c751e8b465ee728b)  -> (artifact id: '0af1374aeeb0f41b4f3ea3dc2a69cfa2') in 0.025223 seconds 
========================================================================
Received Import Request.
  Time since last request: 0.000025 seconds.
  path: Assets/Packages/Ultimate SFX Bundle - HD Remaster/Fight sounds - HD Remake/Game Punch (16).wav
  artifactKey: Guid(1a9271e413f98dd4ea9f08b25fe5d7f4) Importer(815301076,1909f56bfc062723c751e8b465ee728b)
Start importing Assets/Packages/Ultimate SFX Bundle - HD Remaster/Fight sounds - HD Remake/Game Punch (16).wav using Guid(1a9271e413f98dd4ea9f08b25fe5d7f4) Importer(815301076,1909f56bfc062723c751e8b465ee728b)  -> (artifact id: 'a4bdf5d903813ffd28675f5d16b9c12b') in 0.028745 seconds 
========================================================================
Received Import Request.
  Time since last request: 0.000029 seconds.
  path: Assets/Packages/Ultimate SFX Bundle - HD Remaster/Fight sounds - HD Remake/Game Punch (12).wav
  artifactKey: Guid(955969dcd0d884142a1c50ad9a5d0740) Importer(815301076,1909f56bfc062723c751e8b465ee728b)
Start importing Assets/Packages/Ultimate SFX Bundle - HD Remaster/Fight sounds - HD Remake/Game Punch (12).wav using Guid(955969dcd0d884142a1c50ad9a5d0740) Importer(815301076,1909f56bfc062723c751e8b465ee728b)  -> (artifact id: '69fe92a3a1b61ef5becda52ef1cf4547') in 0.024929 seconds 
========================================================================
Received Import Request.
  Time since last request: 0.000047 seconds.
  path: Assets/Packages/Ultimate SFX Bundle - HD Remaster/Fight sounds - HD Remake/Heavy Game Punch 8.wav
  artifactKey: Guid(3e6ed03fe32dd5144bfdf3d249c49979) Importer(815301076,1909f56bfc062723c751e8b465ee728b)
Start importing Assets/Packages/Ultimate SFX Bundle - HD Remaster/Fight sounds - HD Remake/Heavy Game Punch 8.wav using Guid(3e6ed03fe32dd5144bfdf3d249c49979) Importer(815301076,1909f56bfc062723c751e8b465ee728b)  -> (artifact id: 'd3ba6e98a6187df1467ef5102a136685') in 0.029382 seconds 
========================================================================
Received Import Request.
  Time since last request: 0.000067 seconds.
  path: Assets/Packages/Ultimate SFX Bundle - HD Remaster/Fight sounds - HD Remake/Heavy Game Kick 1.wav
  artifactKey: Guid(864dda531220ce745b8fb2b277db13ec) Importer(815301076,1909f56bfc062723c751e8b465ee728b)
Start importing Assets/Packages/Ultimate SFX Bundle - HD Remaster/Fight sounds - HD Remake/Heavy Game Kick 1.wav using Guid(864dda531220ce745b8fb2b277db13ec) Importer(815301076,1909f56bfc062723c751e8b465ee728b)  -> (artifact id: 'acdf2938dd7732bea0210eb6fd2af4d5') in 0.027773 seconds 
========================================================================
Received Import Request.
  Time since last request: 0.000031 seconds.
  path: Assets/Packages/Ultimate SFX Bundle - HD Remaster/Fight sounds - HD Remake/Game Kick 5.wav
  artifactKey: Guid(2caeae22a6d279142947c85881c2b05a) Importer(815301076,1909f56bfc062723c751e8b465ee728b)
Start importing Assets/Packages/Ultimate SFX Bundle - HD Remaster/Fight sounds - HD Remake/Game Kick 5.wav using Guid(2caeae22a6d279142947c85881c2b05a) Importer(815301076,1909f56bfc062723c751e8b465ee728b)  -> (artifact id: 'c94ded84b088c66f73ca6d6a2e1f6a13') in 0.027996 seconds 
========================================================================
Received Import Request.
  Time since last request: 2.426798 seconds.
  path: Assets/Packages/Ultimate SFX Bundle - HD Remaster/Fight sounds - HD Remake/Heavy Game Punch 12.wav
  artifactKey: Guid(c798ade4ccbc9b145bb77e88ceb91066) Importer(815301076,1909f56bfc062723c751e8b465ee728b)
Start importing Assets/Packages/Ultimate SFX Bundle - HD Remaster/Fight sounds - HD Remake/Heavy Game Punch 12.wav using Guid(c798ade4ccbc9b145bb77e88ceb91066) Importer(815301076,1909f56bfc062723c751e8b465ee728b)  -> (artifact id: '9821e8dfd4f73fbc538f8a309a2b5507') in 0.031800 seconds 
========================================================================
Received Import Request.
  Time since last request: 0.000023 seconds.
  path: Assets/Packages/Ultimate SFX Bundle - HD Remaster/Fight sounds - HD Remake/Heavy Game Punch 17.wav
  artifactKey: Guid(649859dc419df104d8d73137f188b47b) Importer(815301076,1909f56bfc062723c751e8b465ee728b)
Start importing Assets/Packages/Ultimate SFX Bundle - HD Remaster/Fight sounds - HD Remake/Heavy Game Punch 17.wav using Guid(649859dc419df104d8d73137f188b47b) Importer(815301076,1909f56bfc062723c751e8b465ee728b)  -> (artifact id: 'bfdd665c8981f2e92d9a8b017e6ee0df') in 0.026931 seconds 
========================================================================
Received Import Request.
  Time since last request: 0.000023 seconds.
  path: Assets/Packages/Ultimate SFX Bundle - HD Remaster/Fight sounds - HD Remake/Heavy Realistic Kick 2.wav
  artifactKey: Guid(4d1ad68990a470e47890f2cc814579ed) Importer(815301076,1909f56bfc062723c751e8b465ee728b)
Start importing Assets/Packages/Ultimate SFX Bundle - HD Remaster/Fight sounds - HD Remake/Heavy Realistic Kick 2.wav using Guid(4d1ad68990a470e47890f2cc814579ed) Importer(815301076,1909f56bfc062723c751e8b465ee728b)  -> (artifact id: '3093f71ba2eadd03dcb2376faac8aca8') in 0.026363 seconds 
========================================================================
Received Import Request.
  Time since last request: 0.000028 seconds.
  path: Assets/Packages/Ultimate SFX Bundle - HD Remaster/Fight sounds - HD Remake/Heavy Game Punch 16.wav
  artifactKey: Guid(5e414953afdfef842848647972c8a970) Importer(815301076,1909f56bfc062723c751e8b465ee728b)
Start importing Assets/Packages/Ultimate SFX Bundle - HD Remaster/Fight sounds - HD Remake/Heavy Game Punch 16.wav using Guid(5e414953afdfef842848647972c8a970) Importer(815301076,1909f56bfc062723c751e8b465ee728b)  -> (artifact id: '9f6306049b54e990d111fcc078adce75') in 0.026634 seconds 
========================================================================
Received Import Request.
  Time since last request: 0.000034 seconds.
  path: Assets/Packages/Ultimate SFX Bundle - HD Remaster/Fight sounds - HD Remake/Heavy Realistic Punch 4.wav
  artifactKey: Guid(8d9ab3835cb9948478ed442dee2ec4f3) Importer(815301076,1909f56bfc062723c751e8b465ee728b)
Start importing Assets/Packages/Ultimate SFX Bundle - HD Remaster/Fight sounds - HD Remake/Heavy Realistic Punch 4.wav using Guid(8d9ab3835cb9948478ed442dee2ec4f3) Importer(815301076,1909f56bfc062723c751e8b465ee728b)  -> (artifact id: '87bbef33e5a9b2ddf39c86c8a53b48a2') in 0.028059 seconds 
========================================================================
Received Import Request.
  Time since last request: 0.000029 seconds.
  path: Assets/Packages/Ultimate SFX Bundle - HD Remaster/Fight sounds - HD Remake/Heavy Realistic Punch 8.wav
  artifactKey: Guid(8969b71e0c85f8a46a48c1176e6d8f04) Importer(815301076,1909f56bfc062723c751e8b465ee728b)
Start importing Assets/Packages/Ultimate SFX Bundle - HD Remaster/Fight sounds - HD Remake/Heavy Realistic Punch 8.wav using Guid(8969b71e0c85f8a46a48c1176e6d8f04) Importer(815301076,1909f56bfc062723c751e8b465ee728b)  -> (artifact id: '068af7eb3b1e2c04f8bd4d3b9d0e4330') in 0.030412 seconds 
========================================================================
Received Import Request.
  Time since last request: 0.000062 seconds.
  path: Assets/Packages/Ultimate SFX Bundle - HD Remaster/Fight sounds - HD Remake/Jump 1.wav
  artifactKey: Guid(d6bd83b9a4206ab4297c098fd2a68fbe) Importer(815301076,1909f56bfc062723c751e8b465ee728b)
Start importing Assets/Packages/Ultimate SFX Bundle - HD Remaster/Fight sounds - HD Remake/Jump 1.wav using Guid(d6bd83b9a4206ab4297c098fd2a68fbe) Importer(815301076,1909f56bfc062723c751e8b465ee728b)  -> (artifact id: '04d06bdddb7ea9b907dfeb0f38447bcd') in 0.029247 seconds 
========================================================================
Received Import Request.
  Time since last request: 0.000044 seconds.
  path: Assets/Packages/Ultimate SFX Bundle - HD Remaster/Fight sounds - HD Remake/Heavy Realistic Punch 2.wav
  artifactKey: Guid(a240c3d78a1a19d47af3a64273d939d5) Importer(815301076,1909f56bfc062723c751e8b465ee728b)
Start importing Assets/Packages/Ultimate SFX Bundle - HD Remaster/Fight sounds - HD Remake/Heavy Realistic Punch 2.wav using Guid(a240c3d78a1a19d47af3a64273d939d5) Importer(815301076,1909f56bfc062723c751e8b465ee728b)  -> (artifact id: 'fc6f1ba9d84c729c2600f30d1f4ab33c') in 0.032428 seconds 
========================================================================
Received Import Request.
  Time since last request: 0.000032 seconds.
  path: Assets/Packages/Ultimate SFX Bundle - HD Remaster/Fight sounds - HD Remake/Heavy Realistic Punch 15.wav
  artifactKey: Guid(d86fb9be94b1cee418f77d1e4eb0ee81) Importer(815301076,1909f56bfc062723c751e8b465ee728b)
Start importing Assets/Packages/Ultimate SFX Bundle - HD Remaster/Fight sounds - HD Remake/Heavy Realistic Punch 15.wav using Guid(d86fb9be94b1cee418f77d1e4eb0ee81) Importer(815301076,1909f56bfc062723c751e8b465ee728b)  -> (artifact id: 'd7813b59e870f786a0ab1894b7abb610') in 0.029595 seconds 
========================================================================
Received Import Request.
  Time since last request: 0.000030 seconds.
  path: Assets/Packages/Ultimate SFX Bundle - HD Remaster/Fight sounds - HD Remake/Heavy Realistic Punch 6.wav
  artifactKey: Guid(b478b8c4d91aed7468c97870da37d0f1) Importer(815301076,1909f56bfc062723c751e8b465ee728b)
Start importing Assets/Packages/Ultimate SFX Bundle - HD Remaster/Fight sounds - HD Remake/Heavy Realistic Punch 6.wav using Guid(b478b8c4d91aed7468c97870da37d0f1) Importer(815301076,1909f56bfc062723c751e8b465ee728b)  -> (artifact id: 'ef0d8f4e3825d20aedb1f891dfaea31a') in 0.040385 seconds 
========================================================================
Received Import Request.
  Time since last request: 0.000040 seconds.
  path: Assets/Packages/Ultimate SFX Bundle - HD Remaster/Fight sounds - HD Remake/Heavy Realistic Punch 3.wav
  artifactKey: Guid(ecd0c4806ae7a9f4db2804bf04f98ea1) Importer(815301076,1909f56bfc062723c751e8b465ee728b)
Start importing Assets/Packages/Ultimate SFX Bundle - HD Remaster/Fight sounds - HD Remake/Heavy Realistic Punch 3.wav using Guid(ecd0c4806ae7a9f4db2804bf04f98ea1) Importer(815301076,1909f56bfc062723c751e8b465ee728b)  -> (artifact id: '7b43765669c1e0e98dbbd0508f814120') in 0.029677 seconds 
========================================================================
Received Import Request.
  Time since last request: 0.000025 seconds.
  path: Assets/Packages/Ultimate SFX Bundle - HD Remaster/Fight sounds - HD Remake/Heavy Game Punch 14.wav
  artifactKey: Guid(0e4d7ee7cf3112a4d8ed34506f9b6670) Importer(815301076,1909f56bfc062723c751e8b465ee728b)
Start importing Assets/Packages/Ultimate SFX Bundle - HD Remaster/Fight sounds - HD Remake/Heavy Game Punch 14.wav using Guid(0e4d7ee7cf3112a4d8ed34506f9b6670) Importer(815301076,1909f56bfc062723c751e8b465ee728b)  -> (artifact id: 'af0c3ce4a4a823c50aad57c1be5a53b7') in 0.028688 seconds 
========================================================================
Received Import Request.
  Time since last request: 0.000029 seconds.
  path: Assets/Packages/Ultimate SFX Bundle - HD Remaster/Fight sounds - HD Remake/Heavy Realistic Punch 5.wav
  artifactKey: Guid(5fa5d1f2df5d84745aa5d8c96954df2c) Importer(815301076,1909f56bfc062723c751e8b465ee728b)
Start importing Assets/Packages/Ultimate SFX Bundle - HD Remaster/Fight sounds - HD Remake/Heavy Realistic Punch 5.wav using Guid(5fa5d1f2df5d84745aa5d8c96954df2c) Importer(815301076,1909f56bfc062723c751e8b465ee728b)  -> (artifact id: '2242f2697099661cb9de18bd1db16d3e') in 0.027927 seconds 
========================================================================
Received Import Request.
  Time since last request: 0.000039 seconds.
  path: Assets/Packages/Ultimate SFX Bundle - HD Remaster/Fight sounds - HD Remake/Heavy Game Punch 20.wav
  artifactKey: Guid(66343dc37464c2e4c90671dc9a24aa3b) Importer(815301076,1909f56bfc062723c751e8b465ee728b)
Start importing Assets/Packages/Ultimate SFX Bundle - HD Remaster/Fight sounds - HD Remake/Heavy Game Punch 20.wav using Guid(66343dc37464c2e4c90671dc9a24aa3b) Importer(815301076,1909f56bfc062723c751e8b465ee728b)  -> (artifact id: 'eb99b2b33e30848aac6ae7c240a23aac') in 0.029413 seconds 
========================================================================
Received Import Request.
  Time since last request: 0.000032 seconds.
  path: Assets/Packages/Ultimate SFX Bundle - HD Remaster/Fight sounds - HD Remake/Heavy Realistic Punch 19.wav
  artifactKey: Guid(d01808971bb7961408e857b9a699bda8) Importer(815301076,1909f56bfc062723c751e8b465ee728b)
Start importing Assets/Packages/Ultimate SFX Bundle - HD Remaster/Fight sounds - HD Remake/Heavy Realistic Punch 19.wav using Guid(d01808971bb7961408e857b9a699bda8) Importer(815301076,1909f56bfc062723c751e8b465ee728b)  -> (artifact id: 'ae41a46a072c9084286b22b2797f8701') in 0.028100 seconds 
========================================================================
Received Import Request.
  Time since last request: 0.000023 seconds.
  path: Assets/Packages/Ultimate SFX Bundle - HD Remaster/Fight sounds - HD Remake/Heavy Realistic Punch 16.wav
  artifactKey: Guid(e8a0d7bddd1370542a37342212fe73b5) Importer(815301076,1909f56bfc062723c751e8b465ee728b)
Start importing Assets/Packages/Ultimate SFX Bundle - HD Remaster/Fight sounds - HD Remake/Heavy Realistic Punch 16.wav using Guid(e8a0d7bddd1370542a37342212fe73b5) Importer(815301076,1909f56bfc062723c751e8b465ee728b)  -> (artifact id: 'dca50efa4065015e3f206be26861eb48') in 0.032250 seconds 
========================================================================
Received Import Request.
  Time since last request: 0.000035 seconds.
  path: Assets/Packages/Ultimate SFX Bundle - HD Remaster/Fight sounds - HD Remake/Heavy Realistic Punch 11.wav
  artifactKey: Guid(9d57371fc4577904d960a195d91c2003) Importer(815301076,1909f56bfc062723c751e8b465ee728b)
Start importing Assets/Packages/Ultimate SFX Bundle - HD Remaster/Fight sounds - HD Remake/Heavy Realistic Punch 11.wav using Guid(9d57371fc4577904d960a195d91c2003) Importer(815301076,1909f56bfc062723c751e8b465ee728b)  -> (artifact id: '713426d3aff0eb6eda5851bf96e9bfc0') in 0.028214 seconds 
========================================================================
Received Import Request.
  Time since last request: 0.000024 seconds.
  path: Assets/Packages/Ultimate SFX Bundle - HD Remaster/Fight sounds - HD Remake/Heavy Realistic Punch 12.wav
  artifactKey: Guid(354d93f65604cf84fbb9e1847c095fca) Importer(815301076,1909f56bfc062723c751e8b465ee728b)
Start importing Assets/Packages/Ultimate SFX Bundle - HD Remaster/Fight sounds - HD Remake/Heavy Realistic Punch 12.wav using Guid(354d93f65604cf84fbb9e1847c095fca) Importer(815301076,1909f56bfc062723c751e8b465ee728b)  -> (artifact id: '44ebca4fce844fbbe2c7b707f2c7a6a2') in 0.030561 seconds 
========================================================================
Received Import Request.
  Time since last request: 0.127641 seconds.
  path: Assets/Packages/Ultimate SFX Bundle - HD Remaster/Fight sounds - HD Remake/Jump 3.wav
  artifactKey: Guid(9448902021837bf40b467e997573dc8e) Importer(815301076,1909f56bfc062723c751e8b465ee728b)
Start importing Assets/Packages/Ultimate SFX Bundle - HD Remaster/Fight sounds - HD Remake/Jump 3.wav using Guid(9448902021837bf40b467e997573dc8e) Importer(815301076,1909f56bfc062723c751e8b465ee728b)  -> (artifact id: 'd44eb62a4fffa555dc2d8aa3c8f934c1') in 0.026754 seconds 
========================================================================
Received Import Request.
  Time since last request: 0.000028 seconds.
  path: Assets/Packages/Ultimate SFX Bundle - HD Remaster/Fight sounds - HD Remake/Punch Impact (Flesh) 2.wav
  artifactKey: Guid(ed70e320cfa734c4b8e035d80e192b9b) Importer(815301076,1909f56bfc062723c751e8b465ee728b)
Start importing Assets/Packages/Ultimate SFX Bundle - HD Remaster/Fight sounds - HD Remake/Punch Impact (Flesh) 2.wav using Guid(ed70e320cfa734c4b8e035d80e192b9b) Importer(815301076,1909f56bfc062723c751e8b465ee728b)  -> (artifact id: '0c6e568e81208825e824b3602e0aaefc') in 0.030712 seconds 
========================================================================
Received Import Request.
  Time since last request: 0.000046 seconds.
  path: Assets/Packages/Ultimate SFX Bundle - HD Remaster/Fight sounds - HD Remake/Realisitc Kick 7.wav
  artifactKey: Guid(276229c03a3b54b4c87291b1beb257ec) Importer(815301076,1909f56bfc062723c751e8b465ee728b)
Start importing Assets/Packages/Ultimate SFX Bundle - HD Remaster/Fight sounds - HD Remake/Realisitc Kick 7.wav using Guid(276229c03a3b54b4c87291b1beb257ec) Importer(815301076,1909f56bfc062723c751e8b465ee728b)  -> (artifact id: '0d5d6099e38657d652e037fa25ec3b44') in 0.036645 seconds 
========================================================================
Received Import Request.
  Time since last request: 0.000085 seconds.
  path: Assets/Packages/Ultimate SFX Bundle - HD Remaster/Fight sounds - HD Remake/Realistic Punch 14.wav
  artifactKey: Guid(0d27bcb619354ea4487bc7526bb5f10f) Importer(815301076,1909f56bfc062723c751e8b465ee728b)
Start importing Assets/Packages/Ultimate SFX Bundle - HD Remaster/Fight sounds - HD Remake/Realistic Punch 14.wav using Guid(0d27bcb619354ea4487bc7526bb5f10f) Importer(815301076,1909f56bfc062723c751e8b465ee728b)  -> (artifact id: '51c3665cd1352dfa1709a50aad9b132e') in 0.031977 seconds 
========================================================================
Received Import Request.
  Time since last request: 0.000036 seconds.
  path: Assets/Packages/Ultimate SFX Bundle - HD Remaster/Fight sounds - HD Remake/Realisitc Kick 1.wav
  artifactKey: Guid(425b8f96d158e0048b7136b7f909c01a) Importer(815301076,1909f56bfc062723c751e8b465ee728b)
Start importing Assets/Packages/Ultimate SFX Bundle - HD Remaster/Fight sounds - HD Remake/Realisitc Kick 1.wav using Guid(425b8f96d158e0048b7136b7f909c01a) Importer(815301076,1909f56bfc062723c751e8b465ee728b)  -> (artifact id: 'c9cb6b6dcf1db62f02307b44ad024c8e') in 0.027371 seconds 
========================================================================
Received Import Request.
  Time since last request: 0.000039 seconds.
  path: Assets/Packages/Ultimate SFX Bundle - HD Remaster/Fight sounds - HD Remake/Realistic Punch 12.wav
  artifactKey: Guid(e15e7488a4bad224fbd87b038eeb1bad) Importer(815301076,1909f56bfc062723c751e8b465ee728b)
Start importing Assets/Packages/Ultimate SFX Bundle - HD Remaster/Fight sounds - HD Remake/Realistic Punch 12.wav using Guid(e15e7488a4bad224fbd87b038eeb1bad) Importer(815301076,1909f56bfc062723c751e8b465ee728b)  -> (artifact id: '11431dd8f5b4ee99436bc4af5192646e') in 0.030271 seconds 
========================================================================
Received Import Request.
  Time since last request: 0.000023 seconds.
  path: Assets/Packages/Ultimate SFX Bundle - HD Remaster/Fight sounds - HD Remake/Punch Impact (Flesh) 4.wav
  artifactKey: Guid(6e7a93dd47f875f45afae65c8ec3c54b) Importer(815301076,1909f56bfc062723c751e8b465ee728b)
Start importing Assets/Packages/Ultimate SFX Bundle - HD Remaster/Fight sounds - HD Remake/Punch Impact (Flesh) 4.wav using Guid(6e7a93dd47f875f45afae65c8ec3c54b) Importer(815301076,1909f56bfc062723c751e8b465ee728b)  -> (artifact id: '223f3fcd0a3cba5a91a7939bdb029af2') in 0.026611 seconds 
========================================================================
Received Import Request.
  Time since last request: 0.000025 seconds.
  path: Assets/Packages/Ultimate SFX Bundle - HD Remaster/Fight sounds - HD Remake/Swing 4.wav
  artifactKey: Guid(d4af92fe13730b24198dbea647a2afdb) Importer(815301076,1909f56bfc062723c751e8b465ee728b)
Start importing Assets/Packages/Ultimate SFX Bundle - HD Remaster/Fight sounds - HD Remake/Swing 4.wav using Guid(d4af92fe13730b24198dbea647a2afdb) Importer(815301076,1909f56bfc062723c751e8b465ee728b)  -> (artifact id: 'cc3bcb9db860e8f09b8e7deb87111b22') in 0.024402 seconds 
========================================================================
Received Import Request.
  Time since last request: 0.000035 seconds.
  path: Assets/Packages/Ultimate SFX Bundle - HD Remaster/Fight sounds - HD Remake/Realistic Punch 6.wav
  artifactKey: Guid(6214604ed9a740844b1bf32100a60cc7) Importer(815301076,1909f56bfc062723c751e8b465ee728b)
Start importing Assets/Packages/Ultimate SFX Bundle - HD Remaster/Fight sounds - HD Remake/Realistic Punch 6.wav using Guid(6214604ed9a740844b1bf32100a60cc7) Importer(815301076,1909f56bfc062723c751e8b465ee728b)  -> (artifact id: '9f1492fd820d1bf8dffaa1fc1cb8eb51') in 0.027179 seconds 
========================================================================
Received Import Request.
  Time since last request: 0.000027 seconds.
  path: Assets/Packages/Ultimate SFX Bundle - HD Remaster/Fight sounds - HD Remake/Realistic Punch 16.wav
  artifactKey: Guid(5db03c36f178d1a43be8bb14b06ae5f1) Importer(815301076,1909f56bfc062723c751e8b465ee728b)
Start importing Assets/Packages/Ultimate SFX Bundle - HD Remaster/Fight sounds - HD Remake/Realistic Punch 16.wav using Guid(5db03c36f178d1a43be8bb14b06ae5f1) Importer(815301076,1909f56bfc062723c751e8b465ee728b)  -> (artifact id: '2d994e68f8e1863979e745ea0148355f') in 0.032022 seconds 
========================================================================
Received Import Request.
  Time since last request: 0.000044 seconds.
  path: Assets/Packages/Ultimate SFX Bundle - HD Remaster/Fight sounds - HD Remake/Swing 3.wav
  artifactKey: Guid(044e4a1af87e25b4b89b8da2630c677f) Importer(815301076,1909f56bfc062723c751e8b465ee728b)
Start importing Assets/Packages/Ultimate SFX Bundle - HD Remaster/Fight sounds - HD Remake/Swing 3.wav using Guid(044e4a1af87e25b4b89b8da2630c677f) Importer(815301076,1909f56bfc062723c751e8b465ee728b)  -> (artifact id: '759a929eee9b640994ac39f68a26b4f8') in 0.024616 seconds 
========================================================================
Received Import Request.
  Time since last request: 0.000029 seconds.
  path: Assets/Packages/Ultimate SFX Bundle - HD Remaster/Fight sounds - HD Remake/Realistic Punch 1.wav
  artifactKey: Guid(c52a22ac6bf48934c8555c028d171604) Importer(815301076,1909f56bfc062723c751e8b465ee728b)
Start importing Assets/Packages/Ultimate SFX Bundle - HD Remaster/Fight sounds - HD Remake/Realistic Punch 1.wav using Guid(c52a22ac6bf48934c8555c028d171604) Importer(815301076,1909f56bfc062723c751e8b465ee728b)  -> (artifact id: '88f2154c5c6ccba435d0791bca38188a') in 0.024580 seconds 
========================================================================
Received Import Request.
  Time since last request: 0.000026 seconds.
  path: Assets/Packages/Ultimate SFX Bundle - HD Remaster/Fight sounds - HD Remake/Realistic Punch 19.wav
  artifactKey: Guid(5094edc211c2f3444abc5cf810afeebb) Importer(815301076,1909f56bfc062723c751e8b465ee728b)
Start importing Assets/Packages/Ultimate SFX Bundle - HD Remaster/Fight sounds - HD Remake/Realistic Punch 19.wav using Guid(5094edc211c2f3444abc5cf810afeebb) Importer(815301076,1909f56bfc062723c751e8b465ee728b)  -> (artifact id: '74848901ff635ef7807a0980ebb2d188') in 0.024805 seconds 
========================================================================
Received Import Request.
  Time since last request: 0.000026 seconds.
  path: Assets/Packages/Ultimate SFX Bundle - HD Remaster/Fight sounds - HD Remake/Realistic Punch 9.wav
  artifactKey: Guid(ad4fc976aedba4e4f9543701b30210bd) Importer(815301076,1909f56bfc062723c751e8b465ee728b)
Start importing Assets/Packages/Ultimate SFX Bundle - HD Remaster/Fight sounds - HD Remake/Realistic Punch 9.wav using Guid(ad4fc976aedba4e4f9543701b30210bd) Importer(815301076,1909f56bfc062723c751e8b465ee728b)  -> (artifact id: 'dfe67a966d782fffd30b8ca0af6447c6') in 0.025439 seconds 
========================================================================
Received Import Request.
  Time since last request: 0.000027 seconds.
  path: Assets/Packages/Ultimate SFX Bundle - HD Remaster/Fight sounds - HD Remake/Realistic Punch 13.wav
  artifactKey: Guid(d1c4de47f8671a34c89da15ad6eaec12) Importer(815301076,1909f56bfc062723c751e8b465ee728b)
Start importing Assets/Packages/Ultimate SFX Bundle - HD Remaster/Fight sounds - HD Remake/Realistic Punch 13.wav using Guid(d1c4de47f8671a34c89da15ad6eaec12) Importer(815301076,1909f56bfc062723c751e8b465ee728b)  -> (artifact id: 'b5ac0a59ebbc028fdd7cd6bb42ebd75a') in 0.029508 seconds 
========================================================================
Received Import Request.
  Time since last request: 0.000045 seconds.
  path: Assets/Packages/Ultimate SFX Bundle - HD Remaster/Fight sounds - HD Remake/Swing 2.wav
  artifactKey: Guid(e32a9cc71f5f5db4badae346fb347dfd) Importer(815301076,1909f56bfc062723c751e8b465ee728b)
Start importing Assets/Packages/Ultimate SFX Bundle - HD Remaster/Fight sounds - HD Remake/Swing 2.wav using Guid(e32a9cc71f5f5db4badae346fb347dfd) Importer(815301076,1909f56bfc062723c751e8b465ee728b)  -> (artifact id: '9dac4887698ca3f57d7dbd72381495a5') in 0.036592 seconds 
========================================================================
Received Import Request.
  Time since last request: 0.000065 seconds.
  path: Assets/Packages/Ultimate SFX Bundle - HD Remaster/Fight sounds - HD Remake/Punch Impact (Flesh) 3.wav
  artifactKey: Guid(1d6c76920c6688d4091b840f404d435b) Importer(815301076,1909f56bfc062723c751e8b465ee728b)
Start importing Assets/Packages/Ultimate SFX Bundle - HD Remaster/Fight sounds - HD Remake/Punch Impact (Flesh) 3.wav using Guid(1d6c76920c6688d4091b840f404d435b) Importer(815301076,1909f56bfc062723c751e8b465ee728b)  -> (artifact id: '32e1275a92b8c719582751eff35ec109') in 0.032928 seconds 
========================================================================
Received Import Request.
  Time since last request: 0.000050 seconds.
  path: Assets/Packages/Ultimate SFX Bundle - HD Remaster/Fight sounds - HD Remake/Realistic Punch 8.wav
  artifactKey: Guid(6bf7d8a116efd8247b4914e4f26da207) Importer(815301076,1909f56bfc062723c751e8b465ee728b)
Start importing Assets/Packages/Ultimate SFX Bundle - HD Remaster/Fight sounds - HD Remake/Realistic Punch 8.wav using Guid(6bf7d8a116efd8247b4914e4f26da207) Importer(815301076,1909f56bfc062723c751e8b465ee728b)  -> (artifact id: '6dc01c2a7f5bb626904e92e5126ccaca') in 0.039315 seconds 
========================================================================
Received Import Request.
  Time since last request: 0.000039 seconds.
  path: Assets/Packages/Ultimate SFX Bundle - HD Remaster/Fight sounds - HD Remake/Realistic Punch 11.wav
  artifactKey: Guid(c24680c82cfe88d4c83901d2cd6390bc) Importer(815301076,1909f56bfc062723c751e8b465ee728b)
Start importing Assets/Packages/Ultimate SFX Bundle - HD Remaster/Fight sounds - HD Remake/Realistic Punch 11.wav using Guid(c24680c82cfe88d4c83901d2cd6390bc) Importer(815301076,1909f56bfc062723c751e8b465ee728b)  -> (artifact id: '001fdc8062d6b58c4fdde8b4a4f22f22') in 0.033943 seconds 
========================================================================
Received Import Request.
  Time since last request: 0.000037 seconds.
  path: Assets/Packages/Ultimate SFX Bundle - HD Remaster/Fight sounds - HD Remake/Punch Impact (Flesh) 7.wav
  artifactKey: Guid(dee648492bb4ad34a907342a8359223c) Importer(815301076,1909f56bfc062723c751e8b465ee728b)
Start importing Assets/Packages/Ultimate SFX Bundle - HD Remaster/Fight sounds - HD Remake/Punch Impact (Flesh) 7.wav using Guid(dee648492bb4ad34a907342a8359223c) Importer(815301076,1909f56bfc062723c751e8b465ee728b)  -> (artifact id: 'a0c1b4f09a907a9b4da14ff15681da2c') in 0.064677 seconds 
========================================================================
Received Import Request.
  Time since last request: 0.000034 seconds.
  path: Assets/Packages/Ultimate SFX Bundle - HD Remaster/Fight sounds - HD Remake/Realistic Punch 20.wav
  artifactKey: Guid(e26eb626946746b438da443e4072f741) Importer(815301076,1909f56bfc062723c751e8b465ee728b)
Start importing Assets/Packages/Ultimate SFX Bundle - HD Remaster/Fight sounds - HD Remake/Realistic Punch 20.wav using Guid(e26eb626946746b438da443e4072f741) Importer(815301076,1909f56bfc062723c751e8b465ee728b)  -> (artifact id: '9baf3d0474508bba93173502a3a27c28') in 0.068034 seconds 
========================================================================
Received Import Request.
  Time since last request: 5.270096 seconds.
  path: Assets/Packages/PolygonDungeon/Models/CollisionCustom/SM_Env_Steps_01_Collision.fbx
  artifactKey: Guid(5c13ec3a605c894498c8940d6b59f5b6) Importer(815301076,1909f56bfc062723c751e8b465ee728b)
Start importing Assets/Packages/PolygonDungeon/Models/CollisionCustom/SM_Env_Steps_01_Collision.fbx using Guid(5c13ec3a605c894498c8940d6b59f5b6) Importer(815301076,1909f56bfc062723c751e8b465ee728b)  -> (artifact id: 'ad3e3b4d169850a1ff399d2d5bb1fdc7') in 0.078449 seconds 
========================================================================
Received Import Request.
  Time since last request: 2.823798 seconds.
  path: Assets/Packages/TextMesh Pro/Examples & Extras/Resources/Fonts & Materials/Anton SDF.asset
  artifactKey: Guid(8a89fa14b10d46a99122fd4f73fca9a2) Importer(815301076,1909f56bfc062723c751e8b465ee728b)
Start importing Assets/Packages/TextMesh Pro/Examples & Extras/Resources/Fonts & Materials/Anton SDF.asset using Guid(8a89fa14b10d46a99122fd4f73fca9a2) Importer(815301076,1909f56bfc062723c751e8b465ee728b)  -> (artifact id: '90e64c165d082d01df0f6b6a1442821c') in 0.089351 seconds 
Editor requested this worker to shutdown with reason: Scaling down because of idle timeout
AssetImportWorker is now disconnected from the server
Process exiting
Exiting without the bug reporter. Application will terminate with return code 0