Using pre-set license
Built from '2021.3/staging' branch; Version is '2021.3.10f1 (1c7d0df0160b) revision 1867021'; Using compiler version '192829333'; Build Type 'Release'
OS: 'Windows 11  (10.0.22622) 64bit Professional' Language: 'en' Physical Memory: 32689 MB
BatchMode: 1, IsHumanControllingUs: 0, StartBugReporterOnCrash: 0, Is64bit: 1, IsPro: 1

COMMAND LINE ARGUMENTS:
C:\Program Files\Unity\Hub\Editor\2021.3.10f1\Editor\Unity.exe
-adb2
-batchMode
-noUpm
-name
AssetImportWorker3
-projectPath
C:/Development/MiniProject-Noah/MiniProject
-logFile
Logs/AssetImportWorker3.log
-srvPort
62461
Successfully changed project path to: C:/Development/MiniProject-Noah/MiniProject
C:/Development/MiniProject-Noah/MiniProject
[UnityMemory] Configuration Parameters - Can be set up in boot.config
    "memorysetup-bucket-allocator-granularity=16"
    "memorysetup-bucket-allocator-bucket-count=8"
    "memorysetup-bucket-allocator-block-size=33554432"
    "memorysetup-bucket-allocator-block-count=8"
    "memorysetup-main-allocator-block-size=16777216"
    "memorysetup-thread-allocator-block-size=16777216"
    "memorysetup-gfx-main-allocator-block-size=16777216"
    "memorysetup-gfx-thread-allocator-block-size=16777216"
    "memorysetup-cache-allocator-block-size=4194304"
    "memorysetup-typetree-allocator-block-size=2097152"
    "memorysetup-profiler-bucket-allocator-granularity=16"
    "memorysetup-profiler-bucket-allocator-bucket-count=8"
    "memorysetup-profiler-bucket-allocator-block-size=33554432"
    "memorysetup-profiler-bucket-allocator-block-count=8"
    "memorysetup-profiler-allocator-block-size=16777216"
    "memorysetup-profiler-editor-allocator-block-size=1048576"
    "memorysetup-temp-allocator-size-main=16777216"
    "memorysetup-job-temp-allocator-block-size=2097152"
    "memorysetup-job-temp-allocator-block-size-background=1048576"
    "memorysetup-job-temp-allocator-reduction-small-platforms=262144"
    "memorysetup-temp-allocator-size-background-worker=32768"
    "memorysetup-temp-allocator-size-job-worker=262144"
    "memorysetup-temp-allocator-size-preload-manager=33554432"
    "memorysetup-temp-allocator-size-nav-mesh-worker=65536"
    "memorysetup-temp-allocator-size-audio-worker=65536"
    "memorysetup-temp-allocator-size-cloud-worker=32768"
    "memorysetup-temp-allocator-size-gi-baking-worker=262144"
    "memorysetup-temp-allocator-size-gfx=262144"
Refreshing native plugins compatible for Editor in 98.31 ms, found 3 plugins.
Preloading 0 native plugins for Editor in 0.00 ms.
Initialize engine version: 2021.3.10f1 (1c7d0df0160b)
[Subsystems] Discovering subsystems at path C:/Program Files/Unity/Hub/Editor/2021.3.10f1/Editor/Data/Resources/UnitySubsystems
[Subsystems] Discovering subsystems at path C:/Development/MiniProject-Noah/MiniProject/Assets
GfxDevice: creating device client; threaded=0; jobified=0
Direct3D:
    Version:  Direct3D 11.0 [level 11.1]
    Renderer: AMD Radeon RX 5700 XT (ID=0x731f)
    Vendor:   ATI
    VRAM:     8151 MB
    Driver:   31.0.12027.2005
Initialize mono
Mono path[0] = 'C:/Program Files/Unity/Hub/Editor/2021.3.10f1/Editor/Data/Managed'
Mono path[1] = 'C:/Program Files/Unity/Hub/Editor/2021.3.10f1/Editor/Data/MonoBleedingEdge/lib/mono/unityjit-win32'
Mono config path = 'C:/Program Files/Unity/Hub/Editor/2021.3.10f1/Editor/Data/MonoBleedingEdge/etc'
Using monoOptions --debugger-agent=transport=dt_socket,embedding=1,server=y,suspend=n,address=127.0.0.1:56088
Begin MonoManager ReloadAssembly
Registering precompiled unity dll's ...
Register platform support module: C:/Program Files/Unity/Hub/Editor/2021.3.10f1/Editor/Data/PlaybackEngines/AndroidPlayer/UnityEditor.Android.Extensions.dll
Register platform support module: C:/Program Files/Unity/Hub/Editor/2021.3.10f1/Editor/Data/PlaybackEngines/iOSSupport/UnityEditor.iOS.Extensions.dll
Register platform support module: C:/Program Files/Unity/Hub/Editor/2021.3.10f1/Editor/Data/PlaybackEngines/WindowsStandaloneSupport/UnityEditor.WindowsStandalone.Extensions.dll
Registered in 0.007200 seconds.
Native extension for WindowsStandalone target not found
[usbmuxd] Start listen thread
[usbmuxd] Listen thread started
Native extension for iOS target not found
Native extension for Android target not found
Refreshing native plugins compatible for Editor in 93.08 ms, found 3 plugins.
Preloading 0 native plugins for Editor in 0.00 ms.
Mono: successfully reloaded assembly
- Completed reload, in  0.702 seconds
Domain Reload Profiling:
	ReloadAssembly (702ms)
		BeginReloadAssembly (111ms)
			ExecutionOrderSort (0ms)
			DisableScriptedObjects (0ms)
			BackupInstance (0ms)
			ReleaseScriptingObjects (0ms)
			CreateAndSetChildDomain (1ms)
		EndReloadAssembly (461ms)
			LoadAssemblies (108ms)
			RebuildTransferFunctionScriptingTraits (0ms)
			SetupTypeCache (99ms)
			ReleaseScriptCaches (0ms)
			RebuildScriptCaches (29ms)
			SetupLoadedEditorAssemblies (282ms)
				LogAssemblyErrors (0ms)
				InitializePlatformSupportModulesInManaged (58ms)
				SetLoadedEditorAssemblies (0ms)
				RefreshPlugins (93ms)
				BeforeProcessingInitializeOnLoad (2ms)
				ProcessInitializeOnLoadAttributes (90ms)
				ProcessInitializeOnLoadMethodAttributes (39ms)
				AfterProcessingInitializeOnLoad (0ms)
				EditorAssembliesLoaded (0ms)
			ExecutionOrderSort2 (0ms)
			AwakeInstancesAfterBackupRestoration (0ms)
Platform modules already initialized, skipping
Registering precompiled user dll's ...
Registered in 0.006782 seconds.
Begin MonoManager ReloadAssembly
Symbol file LoadedFromMemory doesn't match image C:\Development\MiniProject-Noah\MiniProject\Library\PackageCache\com.unity.visualscripting@1.7.8\Editor\VisualScripting.Core\Dependencies\YamlDotNet\Unity.VisualScripting.YamlDotNet.dll
Symbol file LoadedFromMemory doesn't match image C:\Development\MiniProject-Noah\MiniProject\Library\PackageCache\com.unity.visualscripting@1.7.8\Editor\VisualScripting.Core\Dependencies\DotNetZip\Unity.VisualScripting.IonicZip.dll
Native extension for WindowsStandalone target not found
Native extension for iOS target not found
Native extension for Android target not found
Refreshing native plugins compatible for Editor in 0.90 ms, found 3 plugins.
Preloading 0 native plugins for Editor in 0.00 ms.
Mono: successfully reloaded assembly
- Completed reload, in  1.105 seconds
Domain Reload Profiling:
	ReloadAssembly (1106ms)
		BeginReloadAssembly (231ms)
			ExecutionOrderSort (0ms)
			DisableScriptedObjects (5ms)
			BackupInstance (0ms)
			ReleaseScriptingObjects (0ms)
			CreateAndSetChildDomain (142ms)
		EndReloadAssembly (771ms)
			LoadAssemblies (91ms)
			RebuildTransferFunctionScriptingTraits (0ms)
			SetupTypeCache (238ms)
			ReleaseScriptCaches (1ms)
			RebuildScriptCaches (53ms)
			SetupLoadedEditorAssemblies (361ms)
				LogAssemblyErrors (0ms)
				InitializePlatformSupportModulesInManaged (21ms)
				SetLoadedEditorAssemblies (0ms)
				RefreshPlugins (1ms)
				BeforeProcessingInitializeOnLoad (89ms)
				ProcessInitializeOnLoadAttributes (216ms)
				ProcessInitializeOnLoadMethodAttributes (26ms)
				AfterProcessingInitializeOnLoad (8ms)
				EditorAssembliesLoaded (0ms)
			ExecutionOrderSort2 (0ms)
			AwakeInstancesAfterBackupRestoration (5ms)
Platform modules already initialized, skipping
========================================================================
Worker process is ready to serve import requests
Launched and connected shader compiler UnityShaderCompiler.exe after 0.07 seconds
Refreshing native plugins compatible for Editor in 1.08 ms, found 3 plugins.
Preloading 0 native plugins for Editor in 0.00 ms.
Unloading 3380 Unused Serialized files (Serialized files now loaded: 0)
Unloading 27 unused Assets / (113.8 KB). Loaded Objects now: 3840.
Memory consumption went from 119.4 MB to 119.2 MB.
Total: 3.449800 ms (FindLiveObjects: 0.456700 ms CreateObjectMapping: 0.099900 ms MarkObjects: 2.788200 ms  DeleteObjects: 0.104000 ms)

AssetImportParameters requested are different than current active one (requested -> active):
  custom:video-decoder-ogg-theora: a1e56fd34408186e4bbccfd4996cb3dc -> 
  custom:container-muxer-webm: aa71ff27fc2769a1b78a27578f13a17b -> 
  custom:container-demuxer-webm: 4f35f7cbe854078d1ac9338744f61a02 -> 
  custom:video-encoder-webm-vp8: eb34c28f22e8b96e1ab97ce403110664 -> 
  custom:audio-encoder-webm-vorbis: bf7c407c2cedff20999df2af8eb42d56 -> 
  custom:framework-win-MediaFoundation: 216162199b28c13a410421893ffa2e32 -> 
  custom:container-demuxer-ogg: 62fdf1f143b41e24485cea50d1cbac27 -> 
  custom:video-decoder-webm-vp8: 9c59270c3fd7afecdb556c50c9e8de78 -> 
  custom:audio-decoder-ogg-vorbis: bf7c407c2cedff20999df2af8eb42d56 -> 
========================================================================
Received Import Request.
  Time since last request: 164549.591084 seconds.
  path: Assets/PolygonDungeon/Textures/Misc/Dungeons_Crystal_Metallic.tif
  artifactKey: Guid(b8d8f0f13772c374d8d6354900c44e30) Importer(815301076,1909f56bfc062723c751e8b465ee728b)
Start importing Assets/PolygonDungeon/Textures/Misc/Dungeons_Crystal_Metallic.tif using Guid(b8d8f0f13772c374d8d6354900c44e30) Importer(815301076,1909f56bfc062723c751e8b465ee728b)  -> (artifact id: 'ce71101174a8bb60cd5a84de57423ba4') in 0.099270 seconds 
========================================================================
Received Import Request.
  Time since last request: 0.000026 seconds.
  path: Assets/PolygonDungeon/Textures/Alternatives/Dungeons_Texture_02_D.png
  artifactKey: Guid(a7a21d65fb82f1c4db162a9a414dc1ca) Importer(815301076,1909f56bfc062723c751e8b465ee728b)
Start importing Assets/PolygonDungeon/Textures/Alternatives/Dungeons_Texture_02_D.png using Guid(a7a21d65fb82f1c4db162a9a414dc1ca) Importer(815301076,1909f56bfc062723c751e8b465ee728b)  -> (artifact id: 'bb1b68b2cc6cedca1628c83e1b8713a7') in 0.047880 seconds 
========================================================================
Received Import Request.
  Time since last request: 0.000068 seconds.
  path: Assets/PolygonDungeon/Textures/Alternatives/Dungeons_Texture_01_B.png
  artifactKey: Guid(43a17cdabcb2b374fbcc12e4d4977760) Importer(815301076,1909f56bfc062723c751e8b465ee728b)
Start importing Assets/PolygonDungeon/Textures/Alternatives/Dungeons_Texture_01_B.png using Guid(43a17cdabcb2b374fbcc12e4d4977760) Importer(815301076,1909f56bfc062723c751e8b465ee728b)  -> (artifact id: 'c6dce06d2674ff0ad97f6994639a5d61') in 0.014597 seconds 
========================================================================
Received Import Request.
  Time since last request: 0.000044 seconds.
  path: Assets/PolygonDungeon/Textures/Emmisive/Emmisive_04.png
  artifactKey: Guid(8fea07ba9566b9a4fbcb5b84ba018cbb) Importer(815301076,1909f56bfc062723c751e8b465ee728b)
Start importing Assets/PolygonDungeon/Textures/Emmisive/Emmisive_04.png using Guid(8fea07ba9566b9a4fbcb5b84ba018cbb) Importer(815301076,1909f56bfc062723c751e8b465ee728b)  -> (artifact id: '5674742b555f595059c589fc812ebaec') in 0.024480 seconds 
========================================================================
Received Import Request.
  Time since last request: 0.000039 seconds.
  path: Assets/PolygonDungeon/Textures/Alternatives/Dungeons_Texture_04_A.png
  artifactKey: Guid(0dc0773311e12ff4a8d66f4272e7215a) Importer(815301076,1909f56bfc062723c751e8b465ee728b)
Start importing Assets/PolygonDungeon/Textures/Alternatives/Dungeons_Texture_04_A.png using Guid(0dc0773311e12ff4a8d66f4272e7215a) Importer(815301076,1909f56bfc062723c751e8b465ee728b)  -> (artifact id: '36995c6c19817fe854a7ef78b94c839a') in 0.014721 seconds 
========================================================================
Received Import Request.
  Time since last request: 0.000023 seconds.
  path: Assets/PolygonDungeon/Textures/Misc/Dungeons_Texture_Soft_Particle.png
  artifactKey: Guid(133329c838301ba4494f40da020fcdeb) Importer(815301076,1909f56bfc062723c751e8b465ee728b)
Start importing Assets/PolygonDungeon/Textures/Misc/Dungeons_Texture_Soft_Particle.png using Guid(133329c838301ba4494f40da020fcdeb) Importer(815301076,1909f56bfc062723c751e8b465ee728b)  -> (artifact id: '49425ec008ab760857ad8fd1093174d4') in 0.015450 seconds 
========================================================================
Received Import Request.
  Time since last request: 0.000019 seconds.
  path: Assets/PolygonDungeon/Textures/Alternatives/Dungeons_Texture_01_D.png
  artifactKey: Guid(f1446f759308e5a429875c542c92d5e6) Importer(815301076,1909f56bfc062723c751e8b465ee728b)
Start importing Assets/PolygonDungeon/Textures/Alternatives/Dungeons_Texture_01_D.png using Guid(f1446f759308e5a429875c542c92d5e6) Importer(815301076,1909f56bfc062723c751e8b465ee728b)  -> (artifact id: 'd35ac5e8382de222cb63264b4f99ec79') in 0.017884 seconds 
========================================================================
Received Import Request.
  Time since last request: 0.000028 seconds.
  path: Assets/PolygonDungeon/Textures/Dungeons_Texture_01.png
  artifactKey: Guid(b24b57e0cfed05643be34b0256df875e) Importer(815301076,1909f56bfc062723c751e8b465ee728b)
Start importing Assets/PolygonDungeon/Textures/Dungeons_Texture_01.png using Guid(b24b57e0cfed05643be34b0256df875e) Importer(815301076,1909f56bfc062723c751e8b465ee728b)  -> (artifact id: 'ad68f80f12ab0a51f03adc9e95073b65') in 0.016620 seconds 
========================================================================
Received Import Request.
  Time since last request: 0.000020 seconds.
  path: Assets/PolygonDungeon/Textures/Misc/Dungeons_Texture_WallTiles_02.png
  artifactKey: Guid(89e7e835426a958478d75e3e9218a441) Importer(815301076,1909f56bfc062723c751e8b465ee728b)
Start importing Assets/PolygonDungeon/Textures/Misc/Dungeons_Texture_WallTiles_02.png using Guid(89e7e835426a958478d75e3e9218a441) Importer(815301076,1909f56bfc062723c751e8b465ee728b)  -> (artifact id: '1c0b1077712c11c0d4a1b20a48d138a6') in 0.022770 seconds 
========================================================================
Received Import Request.
  Time since last request: 0.000037 seconds.
  path: Assets/PolygonDungeon/Textures/Alternatives/Dungeons_Texture_02_A.png
  artifactKey: Guid(7f655a704929b8f47b4cbabe4b5ff85e) Importer(815301076,1909f56bfc062723c751e8b465ee728b)
Start importing Assets/PolygonDungeon/Textures/Alternatives/Dungeons_Texture_02_A.png using Guid(7f655a704929b8f47b4cbabe4b5ff85e) Importer(815301076,1909f56bfc062723c751e8b465ee728b)  -> (artifact id: 'd36718e8a21267165642a8830db58228') in 0.018503 seconds 
========================================================================
Received Import Request.
  Time since last request: 0.000029 seconds.
  path: Assets/PolygonDungeon/Textures/Dungeons_Texture_02.png
  artifactKey: Guid(f3117e735161a1e49aa3f78498761f06) Importer(815301076,1909f56bfc062723c751e8b465ee728b)
Start importing Assets/PolygonDungeon/Textures/Dungeons_Texture_02.png using Guid(f3117e735161a1e49aa3f78498761f06) Importer(815301076,1909f56bfc062723c751e8b465ee728b)  -> (artifact id: '30a3d59d4a0fb9face3690423b83864c') in 0.015132 seconds 
========================================================================
Received Import Request.
  Time since last request: 0.000032 seconds.
  path: Assets/PolygonDungeon/Textures/Alternatives/Dungeons_Texture_03_B.png
  artifactKey: Guid(ec5f845ae1dc55d44b3f4cb0b90a2a16) Importer(815301076,1909f56bfc062723c751e8b465ee728b)
Start importing Assets/PolygonDungeon/Textures/Alternatives/Dungeons_Texture_03_B.png using Guid(ec5f845ae1dc55d44b3f4cb0b90a2a16) Importer(815301076,1909f56bfc062723c751e8b465ee728b)  -> (artifact id: 'b61228de70f813a8de94500b249d4a78') in 0.016612 seconds 
========================================================================
Received Import Request.
  Time since last request: 0.000064 seconds.
  path: Assets/PolygonDungeon/Textures/Misc/Dungeons_Texture_FloorTiles_Normal.png
  artifactKey: Guid(8d626288425427f42806b70f30e50a98) Importer(815301076,1909f56bfc062723c751e8b465ee728b)
Start importing Assets/PolygonDungeon/Textures/Misc/Dungeons_Texture_FloorTiles_Normal.png using Guid(8d626288425427f42806b70f30e50a98) Importer(815301076,1909f56bfc062723c751e8b465ee728b)  -> (artifact id: 'f7f0ad28e78056c2e4018a1e900c0330') in 0.094522 seconds 
========================================================================
Received Import Request.
  Time since last request: 0.000045 seconds.
  path: Assets/PolygonDungeon/Textures/Misc/Dungeons_Texture_FloorTiles_04.png
  artifactKey: Guid(a29db67bb370abb4b8ce3719b45e66a8) Importer(815301076,1909f56bfc062723c751e8b465ee728b)
Start importing Assets/PolygonDungeon/Textures/Misc/Dungeons_Texture_FloorTiles_04.png using Guid(a29db67bb370abb4b8ce3719b45e66a8) Importer(815301076,1909f56bfc062723c751e8b465ee728b)  -> (artifact id: '8756a1000c5a6c87b5faba3fc77ec9e3') in 0.023111 seconds 
========================================================================
Received Import Request.
  Time since last request: 0.000026 seconds.
  path: Assets/PolygonDungeon/Textures/Alternatives/Dungeons_Texture_04_D.png
  artifactKey: Guid(264f8b9c29acfbf4d92e5d083d3efe06) Importer(815301076,1909f56bfc062723c751e8b465ee728b)
Start importing Assets/PolygonDungeon/Textures/Alternatives/Dungeons_Texture_04_D.png using Guid(264f8b9c29acfbf4d92e5d083d3efe06) Importer(815301076,1909f56bfc062723c751e8b465ee728b)  -> (artifact id: '4ba4c1a7934db245d43fb61473ce2c39') in 0.021510 seconds 
========================================================================
Received Import Request.
  Time since last request: 0.000026 seconds.
  path: Assets/PolygonDungeon/Textures/Misc/Dungeons_Texture_FloorTiles_02.png
  artifactKey: Guid(12f02ee64768725449da076f8f95aefc) Importer(815301076,1909f56bfc062723c751e8b465ee728b)
Start importing Assets/PolygonDungeon/Textures/Misc/Dungeons_Texture_FloorTiles_02.png using Guid(12f02ee64768725449da076f8f95aefc) Importer(815301076,1909f56bfc062723c751e8b465ee728b)  -> (artifact id: '67c2e803feba834baaff1675c3da8098') in 0.021290 seconds 
========================================================================
Received Import Request.
  Time since last request: 0.000052 seconds.
  path: Assets/PolygonDungeon/Textures/Alternatives/Dungeons_Texture_03_C.png
  artifactKey: Guid(149cc95da1851b84c8cc80d2471176db) Importer(815301076,1909f56bfc062723c751e8b465ee728b)
Start importing Assets/PolygonDungeon/Textures/Alternatives/Dungeons_Texture_03_C.png using Guid(149cc95da1851b84c8cc80d2471176db) Importer(815301076,1909f56bfc062723c751e8b465ee728b)  -> (artifact id: 'dfeda835a1aea02480b3875b966165f7') in 0.021925 seconds 
========================================================================
Received Import Request.
  Time since last request: 0.000026 seconds.
  path: Assets/PolygonDungeon/Textures/Alternatives/Dungeons_Texture_03_D.png
  artifactKey: Guid(07694d84c5bfd0743b6160b11aabbc38) Importer(815301076,1909f56bfc062723c751e8b465ee728b)
Start importing Assets/PolygonDungeon/Textures/Alternatives/Dungeons_Texture_03_D.png using Guid(07694d84c5bfd0743b6160b11aabbc38) Importer(815301076,1909f56bfc062723c751e8b465ee728b)  -> (artifact id: '27117b4c280bb2244778468445effa82') in 0.017703 seconds 
========================================================================
Received Import Request.
  Time since last request: 0.000032 seconds.
  path: Assets/PolygonDungeon/Textures/Dungeons_Texture_03.png
  artifactKey: Guid(a2e781ab9b9e5d748b74706dcbbab973) Importer(815301076,1909f56bfc062723c751e8b465ee728b)
Start importing Assets/PolygonDungeon/Textures/Dungeons_Texture_03.png using Guid(a2e781ab9b9e5d748b74706dcbbab973) Importer(815301076,1909f56bfc062723c751e8b465ee728b)  -> (artifact id: 'd751388cd7197325bdbcb30ec3dc9e66') in 0.017048 seconds 
========================================================================
Received Import Request.
  Time since last request: 0.000028 seconds.
  path: Assets/PolygonDungeon/Textures/Alternatives/Dungeons_Texture_01_A.png
  artifactKey: Guid(31ccc8816a063274bbcd2ed6a7cd6907) Importer(815301076,1909f56bfc062723c751e8b465ee728b)
Start importing Assets/PolygonDungeon/Textures/Alternatives/Dungeons_Texture_01_A.png using Guid(31ccc8816a063274bbcd2ed6a7cd6907) Importer(815301076,1909f56bfc062723c751e8b465ee728b)  -> (artifact id: '8f2693994f2b63ecd42de23bdfcd9b00') in 0.015836 seconds 
Editor requested this worker to shutdown with reason: Scaling down because of idle timeout
AssetImportWorker is now disconnected from the server
Process exiting
Exiting without the bug reporter. Application will terminate with return code 0